::1 - - [07/Dec/2019:00:09:29 +0700] "GET /M2_SS5_PHP_Monk-eye/ HTTP/1.1" 200 741 "-" "Mozilla/5.0 (X11; Linux x86_64) AppleWebKit/537.36 (KHTML, like Gecko) Chrome/78.0.3904.108 Safari/537.36"
::1 - - [07/Dec/2019:00:09:31 +0700] "GET /M2_SS5_PHP_Monk-eye/Dieu/ HTTP/1.1" 200 713 "http://localhost/M2_SS5_PHP_Monk-eye/" "Mozilla/5.0 (X11; Linux x86_64) AppleWebKit/537.36 (KHTML, like Gecko) Chrome/78.0.3904.108 Safari/537.36"
::1 - - [07/Dec/2019:00:09:32 +0700] "GET /M2_SS5_PHP_Monk-eye/Dieu/Shapes/ HTTP/1.1" 200 386 "http://localhost/M2_SS5_PHP_Monk-eye/Dieu/" "Mozilla/5.0 (X11; Linux x86_64) AppleWebKit/537.36 (KHTML, like Gecko) Chrome/78.0.3904.108 Safari/537.36"
::1 - - [07/Dec/2019:00:11:48 +0700] "GET /M2_SS5_PHP_Monk-eye/ HTTP/1.1" 200 741 "-" "Mozilla/5.0 (X11; Linux x86_64) AppleWebKit/537.36 (KHTML, like Gecko) Chrome/78.0.3904.108 Safari/537.36"
::1 - - [07/Dec/2019:00:11:50 +0700] "GET /M2_SS5_PHP_Monk-eye/Dieu/ HTTP/1.1" 200 712 "http://localhost/M2_SS5_PHP_Monk-eye/" "Mozilla/5.0 (X11; Linux x86_64) AppleWebKit/537.36 (KHTML, like Gecko) Chrome/78.0.3904.108 Safari/537.36"
::1 - - [07/Dec/2019:00:11:50 +0700] "GET /M2_SS5_PHP_Monk-eye/Dieu/Shapes/ HTTP/1.1" 200 386 "http://localhost/M2_SS5_PHP_Monk-eye/Dieu/" "Mozilla/5.0 (X11; Linux x86_64) AppleWebKit/537.36 (KHTML, like Gecko) Chrome/78.0.3904.108 Safari/537.36"
::1 - - [07/Dec/2019:12:30:03 +0700] "-" 408 0 "-" "-"
::1 - - [07/Dec/2019:12:30:59 +0700] "GET /M2_SS5_PHP_Monk-eye/Dieu/Shapes/ HTTP/1.1" 200 387 "-" "Mozilla/5.0 (X11; Linux x86_64) AppleWebKit/537.36 (KHTML, like Gecko) Chrome/78.0.3904.108 Safari/537.36"
::1 - - [07/Dec/2019:12:30:59 +0700] "GET /favicon.ico HTTP/1.1" 404 487 "http://localhost/M2_SS5_PHP_Monk-eye/Dieu/Shapes/" "Mozilla/5.0 (X11; Linux x86_64) AppleWebKit/537.36 (KHTML, like Gecko) Chrome/78.0.3904.108 Safari/537.36"
::1 - - [07/Dec/2019:13:08:15 +0700] "GET /M2_SS5_PHP_Monk-eye/ HTTP/1.1" 200 744 "-" "Mozilla/5.0 (X11; Linux x86_64) AppleWebKit/537.36 (KHTML, like Gecko) Chrome/78.0.3904.108 Safari/537.36"
::1 - - [07/Dec/2019:13:08:17 +0700] "GET /M2_SS5_PHP_Monk-eye/Dieu/ HTTP/1.1" 200 739 "http://localhost/M2_SS5_PHP_Monk-eye/" "Mozilla/5.0 (X11; Linux x86_64) AppleWebKit/537.36 (KHTML, like Gecko) Chrome/78.0.3904.108 Safari/537.36"
::1 - - [07/Dec/2019:13:08:20 +0700] "GET /M2_SS5_PHP_Monk-eye/Dieu/Pint2d_point_3D/ HTTP/1.1" 500 185 "http://localhost/M2_SS5_PHP_Monk-eye/Dieu/" "Mozilla/5.0 (X11; Linux x86_64) AppleWebKit/537.36 (KHTML, like Gecko) Chrome/78.0.3904.108 Safari/537.36"
::1 - - [07/Dec/2019:13:08:48 +0700] "GET /M2_SS5_PHP_Monk-eye/Dieu/Pint2d_point_3D/ HTTP/1.1" 200 325 "http://localhost/M2_SS5_PHP_Monk-eye/Dieu/" "Mozilla/5.0 (X11; Linux x86_64) AppleWebKit/537.36 (KHTML, like Gecko) Chrome/78.0.3904.108 Safari/537.36"
::1 - - [07/Dec/2019:13:09:27 +0700] "GET /M2_SS5_PHP_Monk-eye/Dieu/Pint2d_point_3D/ HTTP/1.1" 200 332 "http://localhost/M2_SS5_PHP_Monk-eye/Dieu/" "Mozilla/5.0 (X11; Linux x86_64) AppleWebKit/537.36 (KHTML, like Gecko) Chrome/78.0.3904.108 Safari/537.36"
::1 - - [07/Dec/2019:13:10:18 +0700] "-" 408 0 "-" "-"
::1 - - [07/Dec/2019:13:10:22 +0700] "GET /M2_SS5_PHP_Monk-eye/Dieu/Pint2d_point_3D/ HTTP/1.1" 200 334 "http://localhost/M2_SS5_PHP_Monk-eye/Dieu/" "Mozilla/5.0 (X11; Linux x86_64) AppleWebKit/537.36 (KHTML, like Gecko) Chrome/78.0.3904.108 Safari/537.36"
::1 - - [07/Dec/2019:13:11:13 +0700] "-" 408 0 "-" "-"
::1 - - [07/Dec/2019:13:11:28 +0700] "GET /M2_SS5_PHP_Monk-eye/Dieu/Pint2d_point_3D/ HTTP/1.1" 200 335 "http://localhost/M2_SS5_PHP_Monk-eye/Dieu/" "Mozilla/5.0 (X11; Linux x86_64) AppleWebKit/537.36 (KHTML, like Gecko) Chrome/78.0.3904.108 Safari/537.36"
::1 - - [07/Dec/2019:14:33:03 +0700] "GET /M2_SS5_PHP_Monk-eye/Dieu/ HTTP/1.1" 200 764 "-" "Mozilla/5.0 (X11; Linux x86_64) AppleWebKit/537.36 (KHTML, like Gecko) Chrome/78.0.3904.108 Safari/537.36"
::1 - - [07/Dec/2019:14:33:04 +0700] "GET /M2_SS5_PHP_Monk-eye/Dieu/Point_and_moveablePoint/ HTTP/1.1" 500 185 "http://localhost/M2_SS5_PHP_Monk-eye/Dieu/" "Mozilla/5.0 (X11; Linux x86_64) AppleWebKit/537.36 (KHTML, like Gecko) Chrome/78.0.3904.108 Safari/537.36"
::1 - - [07/Dec/2019:14:33:54 +0700] "-" 408 0 "-" "-"
::1 - - [07/Dec/2019:14:33:56 +0700] "-" 408 0 "-" "-"
::1 - - [07/Dec/2019:14:34:56 +0700] "GET /M2_SS5_PHP_Monk-eye/Dieu/Point_and_moveablePoint/ HTTP/1.1" 500 185 "http://localhost/M2_SS5_PHP_Monk-eye/Dieu/" "Mozilla/5.0 (X11; Linux x86_64) AppleWebKit/537.36 (KHTML, like Gecko) Chrome/78.0.3904.108 Safari/537.36"
::1 - - [07/Dec/2019:14:34:56 +0700] "GET /M2_SS5_PHP_Monk-eye/Dieu/Point_and_moveablePoint/ HTTP/1.1" 500 185 "http://localhost/M2_SS5_PHP_Monk-eye/Dieu/" "Mozilla/5.0 (X11; Linux x86_64) AppleWebKit/537.36 (KHTML, like Gecko) Chrome/78.0.3904.108 Safari/537.36"
::1 - - [07/Dec/2019:14:35:27 +0700] "GET /M2_SS5_PHP_Monk-eye/Dieu/Point_and_moveablePoint/ HTTP/1.1" 200 356 "http://localhost/M2_SS5_PHP_Monk-eye/Dieu/" "Mozilla/5.0 (X11; Linux x86_64) AppleWebKit/537.36 (KHTML, like Gecko) Chrome/78.0.3904.108 Safari/537.36"
::1 - - [07/Dec/2019:14:38:47 +0700] "GET /M2_SS5_PHP_Monk-eye/Dieu/Point_and_moveablePoint/ HTTP/1.1" 200 369 "http://localhost/M2_SS5_PHP_Monk-eye/Dieu/" "Mozilla/5.0 (X11; Linux x86_64) AppleWebKit/537.36 (KHTML, like Gecko) Chrome/78.0.3904.108 Safari/537.36"
::1 - - [07/Dec/2019:14:39:39 +0700] "-" 408 0 "-" "-"
::1 - - [07/Dec/2019:14:45:22 +0700] "GET /M2_SS5_PHP_Monk-eye/Dieu/Pint2d_point_3D/ HTTP/1.1" 500 185 "http://localhost/M2_SS5_PHP_Monk-eye/Dieu/" "Mozilla/5.0 (X11; Linux x86_64) AppleWebKit/537.36 (KHTML, like Gecko) Chrome/78.0.3904.108 Safari/537.36"
::1 - - [07/Dec/2019:14:45:24 +0700] "GET /M2_SS5_PHP_Monk-eye/Dieu/Pint2d_point_3D/ HTTP/1.1" 500 185 "-" "Mozilla/5.0 (X11; Linux x86_64) AppleWebKit/537.36 (KHTML, like Gecko) Chrome/78.0.3904.108 Safari/537.36"
::1 - - [07/Dec/2019:14:45:25 +0700] "GET /M2_SS5_PHP_Monk-eye/Dieu/Pint2d_point_3D/ HTTP/1.1" 500 185 "-" "Mozilla/5.0 (X11; Linux x86_64) AppleWebKit/537.36 (KHTML, like Gecko) Chrome/78.0.3904.108 Safari/537.36"
::1 - - [07/Dec/2019:14:46:16 +0700] "-" 408 0 "-" "-"
::1 - - [07/Dec/2019:14:46:17 +0700] "-" 408 0 "-" "-"
::1 - - [07/Dec/2019:14:46:52 +0700] "GET /M2_SS5_PHP_Monk-eye/Dieu/Pint2d_point_3D/ HTTP/1.1" 200 329 "-" "Mozilla/5.0 (X11; Linux x86_64) AppleWebKit/537.36 (KHTML, like Gecko) Chrome/78.0.3904.108 Safari/537.36"
::1 - - [07/Dec/2019:14:47:43 +0700] "-" 408 0 "-" "-"
::1 - - [07/Dec/2019:14:48:30 +0700] "GET /M2_SS5_PHP_Monk-eye/Dieu/Pint2d_point_3D/ HTTP/1.1" 200 333 "-" "Mozilla/5.0 (X11; Linux x86_64) AppleWebKit/537.36 (KHTML, like Gecko) Chrome/78.0.3904.108 Safari/537.36"
::1 - - [07/Dec/2019:14:48:52 +0700] "GET /M2_SS5_PHP_Monk-eye/Dieu/Pint2d_point_3D/ HTTP/1.1" 200 333 "-" "Mozilla/5.0 (X11; Linux x86_64) AppleWebKit/537.36 (KHTML, like Gecko) Chrome/78.0.3904.108 Safari/537.36"
::1 - - [07/Dec/2019:14:48:53 +0700] "GET /M2_SS5_PHP_Monk-eye/Dieu/Pint2d_point_3D/ HTTP/1.1" 200 332 "-" "Mozilla/5.0 (X11; Linux x86_64) AppleWebKit/537.36 (KHTML, like Gecko) Chrome/78.0.3904.108 Safari/537.36"
::1 - - [07/Dec/2019:14:48:53 +0700] "GET /M2_SS5_PHP_Monk-eye/Dieu/Pint2d_point_3D/ HTTP/1.1" 200 332 "-" "Mozilla/5.0 (X11; Linux x86_64) AppleWebKit/537.36 (KHTML, like Gecko) Chrome/78.0.3904.108 Safari/537.36"
::1 - - [07/Dec/2019:14:48:54 +0700] "GET /M2_SS5_PHP_Monk-eye/Dieu/Pint2d_point_3D/ HTTP/1.1" 200 332 "-" "Mozilla/5.0 (X11; Linux x86_64) AppleWebKit/537.36 (KHTML, like Gecko) Chrome/78.0.3904.108 Safari/537.36"
::1 - - [07/Dec/2019:14:48:54 +0700] "GET /M2_SS5_PHP_Monk-eye/Dieu/Pint2d_point_3D/ HTTP/1.1" 200 332 "-" "Mozilla/5.0 (X11; Linux x86_64) AppleWebKit/537.36 (KHTML, like Gecko) Chrome/78.0.3904.108 Safari/537.36"
::1 - - [07/Dec/2019:14:49:44 +0700] "-" 408 0 "-" "-"
::1 - - [07/Dec/2019:14:52:43 +0700] "GET /M2_SS5_PHP_Monk-eye/Dieu/Pint2d_point_3D/ HTTP/1.1" 500 185 "-" "Mozilla/5.0 (X11; Linux x86_64) AppleWebKit/537.36 (KHTML, like Gecko) Chrome/78.0.3904.108 Safari/537.36"
::1 - - [07/Dec/2019:14:52:44 +0700] "GET /M2_SS5_PHP_Monk-eye/Dieu/Pint2d_point_3D/ HTTP/1.1" 500 185 "-" "Mozilla/5.0 (X11; Linux x86_64) AppleWebKit/537.36 (KHTML, like Gecko) Chrome/78.0.3904.108 Safari/537.36"
::1 - - [07/Dec/2019:14:53:01 +0700] "GET /M2_SS5_PHP_Monk-eye/Dieu/Pint2d_point_3D/ HTTP/1.1" 200 335 "-" "Mozilla/5.0 (X11; Linux x86_64) AppleWebKit/537.36 (KHTML, like Gecko) Chrome/78.0.3904.108 Safari/537.36"
::1 - - [07/Dec/2019:15:14:34 +0700] "GET /M2_SS5_PHP_Monk-eye/ HTTP/1.1" 200 744 "-" "Mozilla/5.0 (X11; Linux x86_64) AppleWebKit/537.36 (KHTML, like Gecko) Chrome/78.0.3904.108 Safari/537.36"
::1 - - [07/Dec/2019:15:14:37 +0700] "GET /M2_SS5_PHP_Monk-eye/Dieu/ HTTP/1.1" 200 781 "http://localhost/M2_SS5_PHP_Monk-eye/" "Mozilla/5.0 (X11; Linux x86_64) AppleWebKit/537.36 (KHTML, like Gecko) Chrome/78.0.3904.108 Safari/537.36"
::1 - - [07/Dec/2019:15:14:38 +0700] "GET /M2_SS5_PHP_Monk-eye/Dieu/Triangle/ HTTP/1.1" 200 203 "http://localhost/M2_SS5_PHP_Monk-eye/Dieu/" "Mozilla/5.0 (X11; Linux x86_64) AppleWebKit/537.36 (KHTML, like Gecko) Chrome/78.0.3904.108 Safari/537.36"
::1 - - [07/Dec/2019:15:14:51 +0700] "GET /M2_SS5_PHP_Monk-eye/Dieu/Triangle/ HTTP/1.1" 200 204 "http://localhost/M2_SS5_PHP_Monk-eye/Dieu/" "Mozilla/5.0 (X11; Linux x86_64) AppleWebKit/537.36 (KHTML, like Gecko) Chrome/78.0.3904.108 Safari/537.36"
::1 - - [07/Dec/2019:15:14:52 +0700] "GET /M2_SS5_PHP_Monk-eye/Dieu/Triangle/ HTTP/1.1" 200 203 "http://localhost/M2_SS5_PHP_Monk-eye/Dieu/" "Mozilla/5.0 (X11; Linux x86_64) AppleWebKit/537.36 (KHTML, like Gecko) Chrome/78.0.3904.108 Safari/537.36"
::1 - - [07/Dec/2019:15:14:52 +0700] "GET /M2_SS5_PHP_Monk-eye/Dieu/Triangle/ HTTP/1.1" 200 203 "http://localhost/M2_SS5_PHP_Monk-eye/Dieu/" "Mozilla/5.0 (X11; Linux x86_64) AppleWebKit/537.36 (KHTML, like Gecko) Chrome/78.0.3904.108 Safari/537.36"
::1 - - [07/Dec/2019:15:14:52 +0700] "GET /M2_SS5_PHP_Monk-eye/Dieu/Triangle/ HTTP/1.1" 200 203 "http://localhost/M2_SS5_PHP_Monk-eye/Dieu/" "Mozilla/5.0 (X11; Linux x86_64) AppleWebKit/537.36 (KHTML, like Gecko) Chrome/78.0.3904.108 Safari/537.36"
::1 - - [07/Dec/2019:15:14:52 +0700] "GET /M2_SS5_PHP_Monk-eye/Dieu/Triangle/ HTTP/1.1" 200 203 "http://localhost/M2_SS5_PHP_Monk-eye/Dieu/" "Mozilla/5.0 (X11; Linux x86_64) AppleWebKit/537.36 (KHTML, like Gecko) Chrome/78.0.3904.108 Safari/537.36"
::1 - - [07/Dec/2019:15:14:52 +0700] "GET /M2_SS5_PHP_Monk-eye/Dieu/Triangle/ HTTP/1.1" 200 203 "http://localhost/M2_SS5_PHP_Monk-eye/Dieu/" "Mozilla/5.0 (X11; Linux x86_64) AppleWebKit/537.36 (KHTML, like Gecko) Chrome/78.0.3904.108 Safari/537.36"
::1 - - [07/Dec/2019:15:14:53 +0700] "GET /M2_SS5_PHP_Monk-eye/Dieu/Triangle/ HTTP/1.1" 200 203 "http://localhost/M2_SS5_PHP_Monk-eye/Dieu/" "Mozilla/5.0 (X11; Linux x86_64) AppleWebKit/537.36 (KHTML, like Gecko) Chrome/78.0.3904.108 Safari/537.36"
::1 - - [07/Dec/2019:15:14:53 +0700] "GET /M2_SS5_PHP_Monk-eye/Dieu/Triangle/ HTTP/1.1" 200 203 "http://localhost/M2_SS5_PHP_Monk-eye/Dieu/" "Mozilla/5.0 (X11; Linux x86_64) AppleWebKit/537.36 (KHTML, like Gecko) Chrome/78.0.3904.108 Safari/537.36"
::1 - - [07/Dec/2019:15:15:16 +0700] "GET /M2_SS5_PHP_Monk-eye/Dieu/Triangle/ HTTP/1.1" 200 204 "http://localhost/M2_SS5_PHP_Monk-eye/Dieu/" "Mozilla/5.0 (X11; Linux x86_64) AppleWebKit/537.36 (KHTML, like Gecko) Chrome/78.0.3904.108 Safari/537.36"
::1 - - [07/Dec/2019:15:15:25 +0700] "GET /M2_SS5_PHP_Monk-eye/Dieu/Triangle/ HTTP/1.1" 500 185 "http://localhost/M2_SS5_PHP_Monk-eye/Dieu/" "Mozilla/5.0 (X11; Linux x86_64) AppleWebKit/537.36 (KHTML, like Gecko) Chrome/78.0.3904.108 Safari/537.36"
::1 - - [07/Dec/2019:15:16:16 +0700] "-" 408 0 "-" "-"
::1 - - [07/Dec/2019:15:16:16 +0700] "-" 408 0 "-" "-"
::1 - - [07/Dec/2019:15:36:16 +0700] "GET /M2_SS5_PHP_Monk-eye/ HTTP/1.1" 200 744 "-" "Mozilla/5.0 (X11; Linux x86_64) AppleWebKit/537.36 (KHTML, like Gecko) Chrome/78.0.3904.108 Safari/537.36"
::1 - - [07/Dec/2019:15:36:17 +0700] "GET /M2_SS5_PHP_Monk-eye/Dieu/ HTTP/1.1" 200 781 "http://localhost/M2_SS5_PHP_Monk-eye/" "Mozilla/5.0 (X11; Linux x86_64) AppleWebKit/537.36 (KHTML, like Gecko) Chrome/78.0.3904.108 Safari/537.36"
::1 - - [07/Dec/2019:15:36:20 +0700] "GET /M2_SS5_PHP_Monk-eye/Dieu/Triangle/ HTTP/1.1" 200 203 "http://localhost/M2_SS5_PHP_Monk-eye/Dieu/" "Mozilla/5.0 (X11; Linux x86_64) AppleWebKit/537.36 (KHTML, like Gecko) Chrome/78.0.3904.108 Safari/537.36"
::1 - - [07/Dec/2019:15:37:07 +0700] "-" 408 0 "-" "-"
::1 - - [07/Dec/2019:16:12:28 +0700] "GET /M2_SS5_PHP_Monk-eye/Dieu/Triangle/ HTTP/1.1" 200 1051 "http://localhost/M2_SS5_PHP_Monk-eye/Dieu/" "Mozilla/5.0 (X11; Linux x86_64) AppleWebKit/537.36 (KHTML, like Gecko) Chrome/78.0.3904.108 Safari/537.36"
::1 - - [07/Dec/2019:16:13:20 +0700] "-" 408 0 "-" "-"
::1 - - [07/Dec/2019:16:14:07 +0700] "GET /M2_SS5_PHP_Monk-eye/Dieu/Triangle/ HTTP/1.1" 200 1088 "http://localhost/M2_SS5_PHP_Monk-eye/Dieu/" "Mozilla/5.0 (X11; Linux x86_64) AppleWebKit/537.36 (KHTML, like Gecko) Chrome/78.0.3904.108 Safari/537.36"
::1 - - [07/Dec/2019:16:16:19 +0700] "GET /M2_SS5_PHP_Monk-eye/Dieu/Triangle/ HTTP/1.1" 200 1105 "http://localhost/M2_SS5_PHP_Monk-eye/Dieu/" "Mozilla/5.0 (X11; Linux x86_64) AppleWebKit/537.36 (KHTML, like Gecko) Chrome/78.0.3904.108 Safari/537.36"
::1 - - [07/Dec/2019:16:17:11 +0700] "-" 408 0 "-" "-"
::1 - - [07/Dec/2019:16:20:51 +0700] "GET /M2_SS5_PHP_Monk-eye/ HTTP/1.1" 200 744 "-" "Mozilla/5.0 (X11; Linux x86_64) AppleWebKit/537.36 (KHTML, like Gecko) Chrome/78.0.3904.108 Safari/537.36"
::1 - - [07/Dec/2019:16:20:53 +0700] "GET /M2_SS5_PHP_Monk-eye/README.md HTTP/1.1" 200 307 "http://localhost/M2_SS5_PHP_Monk-eye/" "Mozilla/5.0 (X11; Linux x86_64) AppleWebKit/537.36 (KHTML, like Gecko) Chrome/78.0.3904.108 Safari/537.36"
::1 - - [07/Dec/2019:16:20:56 +0700] "GET /M2_SS5_PHP_Monk-eye/Dieu/ HTTP/1.1" 200 781 "http://localhost/M2_SS5_PHP_Monk-eye/" "Mozilla/5.0 (X11; Linux x86_64) AppleWebKit/537.36 (KHTML, like Gecko) Chrome/78.0.3904.108 Safari/537.36"
::1 - - [07/Dec/2019:16:20:58 +0700] "GET /M2_SS5_PHP_Monk-eye/Dieu/Triangle/ HTTP/1.1" 200 1142 "http://localhost/M2_SS5_PHP_Monk-eye/Dieu/" "Mozilla/5.0 (X11; Linux x86_64) AppleWebKit/537.36 (KHTML, like Gecko) Chrome/78.0.3904.108 Safari/537.36"
::1 - - [07/Dec/2019:16:21:29 +0700] "GET /M2_SS5_PHP_Monk-eye/Dieu/Triangle/ HTTP/1.1" 200 1149 "http://localhost/M2_SS5_PHP_Monk-eye/Dieu/" "Mozilla/5.0 (X11; Linux x86_64) AppleWebKit/537.36 (KHTML, like Gecko) Chrome/78.0.3904.108 Safari/537.36"
::1 - - [07/Dec/2019:16:21:30 +0700] "GET /M2_SS5_PHP_Monk-eye/Dieu/Triangle/ HTTP/1.1" 200 1148 "http://localhost/M2_SS5_PHP_Monk-eye/Dieu/" "Mozilla/5.0 (X11; Linux x86_64) AppleWebKit/537.36 (KHTML, like Gecko) Chrome/78.0.3904.108 Safari/537.36"
::1 - - [07/Dec/2019:16:21:30 +0700] "GET /M2_SS5_PHP_Monk-eye/Dieu/Triangle/ HTTP/1.1" 200 1148 "http://localhost/M2_SS5_PHP_Monk-eye/Dieu/" "Mozilla/5.0 (X11; Linux x86_64) AppleWebKit/537.36 (KHTML, like Gecko) Chrome/78.0.3904.108 Safari/537.36"
::1 - - [07/Dec/2019:16:21:31 +0700] "GET /M2_SS5_PHP_Monk-eye/Dieu/Triangle/ HTTP/1.1" 200 1148 "http://localhost/M2_SS5_PHP_Monk-eye/Dieu/" "Mozilla/5.0 (X11; Linux x86_64) AppleWebKit/537.36 (KHTML, like Gecko) Chrome/78.0.3904.108 Safari/537.36"
::1 - - [07/Dec/2019:16:22:13 +0700] "-" 408 0 "-" "-"
::1 - - [07/Dec/2019:16:22:34 +0700] "GET /M2_SS5_PHP_Monk-eye/Dieu/Triangle/ HTTP/1.1" 200 1164 "http://localhost/M2_SS5_PHP_Monk-eye/Dieu/" "Mozilla/5.0 (X11; Linux x86_64) AppleWebKit/537.36 (KHTML, like Gecko) Chrome/78.0.3904.108 Safari/537.36"
::1 - - [07/Dec/2019:16:23:01 +0700] "GET /M2_SS5_PHP_Monk-eye/Dieu/Triangle/ HTTP/1.1" 200 1161 "http://localhost/M2_SS5_PHP_Monk-eye/Dieu/" "Mozilla/5.0 (X11; Linux x86_64) AppleWebKit/537.36 (KHTML, like Gecko) Chrome/78.0.3904.108 Safari/537.36"
::1 - - [07/Dec/2019:16:23:02 +0700] "GET /M2_SS5_PHP_Monk-eye/Dieu/Triangle/ HTTP/1.1" 200 1160 "http://localhost/M2_SS5_PHP_Monk-eye/Dieu/" "Mozilla/5.0 (X11; Linux x86_64) AppleWebKit/537.36 (KHTML, like Gecko) Chrome/78.0.3904.108 Safari/537.36"
::1 - - [07/Dec/2019:16:23:52 +0700] "-" 408 0 "-" "-"
::1 - - [07/Dec/2019:16:24:58 +0700] "GET /M2_SS5_PHP_Monk-eye/Dieu/Triangle/ HTTP/1.1" 200 1161 "http://localhost/M2_SS5_PHP_Monk-eye/Dieu/" "Mozilla/5.0 (X11; Linux x86_64) AppleWebKit/537.36 (KHTML, like Gecko) Chrome/78.0.3904.108 Safari/537.36"
::1 - - [07/Dec/2019:16:25:18 +0700] "POST /M2_SS5_PHP_Monk-eye/Dieu/Triangle/ HTTP/1.1" 200 1161 "http://localhost/M2_SS5_PHP_Monk-eye/Dieu/Triangle/" "Mozilla/5.0 (X11; Linux x86_64) AppleWebKit/537.36 (KHTML, like Gecko) Chrome/78.0.3904.108 Safari/537.36"
::1 - - [07/Dec/2019:16:26:10 +0700] "-" 408 0 "-" "-"
::1 - - [07/Dec/2019:16:28:49 +0700] "POST /M2_SS5_PHP_Monk-eye/Dieu/Triangle/ HTTP/1.1" 200 1161 "http://localhost/M2_SS5_PHP_Monk-eye/Dieu/Triangle/" "Mozilla/5.0 (X11; Linux x86_64) AppleWebKit/537.36 (KHTML, like Gecko) Chrome/78.0.3904.108 Safari/537.36"
::1 - - [07/Dec/2019:16:28:56 +0700] "POST /M2_SS5_PHP_Monk-eye/Dieu/Triangle/ HTTP/1.1" 200 1161 "http://localhost/M2_SS5_PHP_Monk-eye/Dieu/Triangle/" "Mozilla/5.0 (X11; Linux x86_64) AppleWebKit/537.36 (KHTML, like Gecko) Chrome/78.0.3904.108 Safari/537.36"
::1 - - [07/Dec/2019:16:28:58 +0700] "POST /M2_SS5_PHP_Monk-eye/Dieu/Triangle/ HTTP/1.1" 200 1160 "http://localhost/M2_SS5_PHP_Monk-eye/Dieu/Triangle/" "Mozilla/5.0 (X11; Linux x86_64) AppleWebKit/537.36 (KHTML, like Gecko) Chrome/78.0.3904.108 Safari/537.36"
::1 - - [07/Dec/2019:16:29:47 +0700] "-" 408 0 "-" "-"
::1 - - [07/Dec/2019:16:29:54 +0700] "POST /M2_SS5_PHP_Monk-eye/Dieu/Triangle/ HTTP/1.1" 200 1161 "http://localhost/M2_SS5_PHP_Monk-eye/Dieu/Triangle/" "Mozilla/5.0 (X11; Linux x86_64) AppleWebKit/537.36 (KHTML, like Gecko) Chrome/78.0.3904.108 Safari/537.36"
::1 - - [07/Dec/2019:16:29:59 +0700] "POST /M2_SS5_PHP_Monk-eye/Dieu/Triangle/ HTTP/1.1" 200 1168 "http://localhost/M2_SS5_PHP_Monk-eye/Dieu/Triangle/" "Mozilla/5.0 (X11; Linux x86_64) AppleWebKit/537.36 (KHTML, like Gecko) Chrome/78.0.3904.108 Safari/537.36"
::1 - - [07/Dec/2019:16:30:29 +0700] "POST /M2_SS5_PHP_Monk-eye/Dieu/Triangle/ HTTP/1.1" 200 1161 "http://localhost/M2_SS5_PHP_Monk-eye/Dieu/Triangle/" "Mozilla/5.0 (X11; Linux x86_64) AppleWebKit/537.36 (KHTML, like Gecko) Chrome/78.0.3904.108 Safari/537.36"
::1 - - [07/Dec/2019:16:30:33 +0700] "POST /M2_SS5_PHP_Monk-eye/Dieu/Triangle/ HTTP/1.1" 200 1160 "http://localhost/M2_SS5_PHP_Monk-eye/Dieu/Triangle/" "Mozilla/5.0 (X11; Linux x86_64) AppleWebKit/537.36 (KHTML, like Gecko) Chrome/78.0.3904.108 Safari/537.36"
::1 - - [07/Dec/2019:16:30:45 +0700] "POST /M2_SS5_PHP_Monk-eye/Dieu/Triangle/ HTTP/1.1" 200 1161 "http://localhost/M2_SS5_PHP_Monk-eye/Dieu/Triangle/" "Mozilla/5.0 (X11; Linux x86_64) AppleWebKit/537.36 (KHTML, like Gecko) Chrome/78.0.3904.108 Safari/537.36"
::1 - - [07/Dec/2019:16:30:58 +0700] "POST /M2_SS5_PHP_Monk-eye/Dieu/Triangle/ HTTP/1.1" 200 1161 "http://localhost/M2_SS5_PHP_Monk-eye/Dieu/Triangle/" "Mozilla/5.0 (X11; Linux x86_64) AppleWebKit/537.36 (KHTML, like Gecko) Chrome/78.0.3904.108 Safari/537.36"
::1 - - [07/Dec/2019:16:31:05 +0700] "POST /M2_SS5_PHP_Monk-eye/Dieu/Triangle/ HTTP/1.1" 200 1161 "http://localhost/M2_SS5_PHP_Monk-eye/Dieu/Triangle/" "Mozilla/5.0 (X11; Linux x86_64) AppleWebKit/537.36 (KHTML, like Gecko) Chrome/78.0.3904.108 Safari/537.36"
::1 - - [07/Dec/2019:16:31:56 +0700] "-" 408 0 "-" "-"
::1 - - [07/Dec/2019:16:32:15 +0700] "POST /M2_SS5_PHP_Monk-eye/Dieu/Triangle/ HTTP/1.1" 200 1183 "http://localhost/M2_SS5_PHP_Monk-eye/Dieu/Triangle/" "Mozilla/5.0 (X11; Linux x86_64) AppleWebKit/537.36 (KHTML, like Gecko) Chrome/78.0.3904.108 Safari/537.36"
::1 - - [07/Dec/2019:16:32:42 +0700] "POST /M2_SS5_PHP_Monk-eye/Dieu/Triangle/ HTTP/1.1" 200 1183 "http://localhost/M2_SS5_PHP_Monk-eye/Dieu/Triangle/" "Mozilla/5.0 (X11; Linux x86_64) AppleWebKit/537.36 (KHTML, like Gecko) Chrome/78.0.3904.108 Safari/537.36"
::1 - - [07/Dec/2019:16:33:33 +0700] "-" 408 0 "-" "-"
::1 - - [07/Dec/2019:16:35:10 +0700] "GET /M2_SS5_PHP_Monk-eye/ HTTP/1.1" 200 744 "-" "Mozilla/5.0 (X11; Linux x86_64) AppleWebKit/537.36 (KHTML, like Gecko) Chrome/78.0.3904.108 Safari/537.36"
::1 - - [07/Dec/2019:16:35:13 +0700] "GET /M2_SS5_PHP_Monk-eye/Dieu/ HTTP/1.1" 200 781 "http://localhost/M2_SS5_PHP_Monk-eye/" "Mozilla/5.0 (X11; Linux x86_64) AppleWebKit/537.36 (KHTML, like Gecko) Chrome/78.0.3904.108 Safari/537.36"
::1 - - [07/Dec/2019:16:35:14 +0700] "GET /M2_SS5_PHP_Monk-eye/Dieu/Triangle/ HTTP/1.1" 200 1182 "http://localhost/M2_SS5_PHP_Monk-eye/Dieu/" "Mozilla/5.0 (X11; Linux x86_64) AppleWebKit/537.36 (KHTML, like Gecko) Chrome/78.0.3904.108 Safari/537.36"
::1 - - [07/Dec/2019:16:35:21 +0700] "POST /M2_SS5_PHP_Monk-eye/Dieu/Triangle/ HTTP/1.1" 200 1183 "http://localhost/M2_SS5_PHP_Monk-eye/Dieu/Triangle/" "Mozilla/5.0 (X11; Linux x86_64) AppleWebKit/537.36 (KHTML, like Gecko) Chrome/78.0.3904.108 Safari/537.36"
::1 - - [07/Dec/2019:16:36:09 +0700] "POST /M2_SS5_PHP_Monk-eye/Dieu/Triangle/ HTTP/1.1" 200 1183 "http://localhost/M2_SS5_PHP_Monk-eye/Dieu/Triangle/" "Mozilla/5.0 (X11; Linux x86_64) AppleWebKit/537.36 (KHTML, like Gecko) Chrome/78.0.3904.108 Safari/537.36"
::1 - - [07/Dec/2019:16:37:00 +0700] "-" 408 0 "-" "-"
::1 - - [07/Dec/2019:16:37:10 +0700] "POST /M2_SS5_PHP_Monk-eye/Dieu/Triangle/ HTTP/1.1" 200 361 "http://localhost/M2_SS5_PHP_Monk-eye/Dieu/Triangle/" "Mozilla/5.0 (X11; Linux x86_64) AppleWebKit/537.36 (KHTML, like Gecko) Chrome/78.0.3904.108 Safari/537.36"
::1 - - [07/Dec/2019:16:38:02 +0700] "-" 408 0 "-" "-"
::1 - - [07/Dec/2019:16:39:14 +0700] "GET /M2_SS5_PHP_Monk-eye/ HTTP/1.1" 200 744 "-" "Mozilla/5.0 (X11; Linux x86_64) AppleWebKit/537.36 (KHTML, like Gecko) Chrome/78.0.3904.108 Safari/537.36"
::1 - - [07/Dec/2019:16:39:17 +0700] "GET /M2_SS5_PHP_Monk-eye/Dieu/ HTTP/1.1" 200 782 "http://localhost/M2_SS5_PHP_Monk-eye/" "Mozilla/5.0 (X11; Linux x86_64) AppleWebKit/537.36 (KHTML, like Gecko) Chrome/78.0.3904.108 Safari/537.36"
::1 - - [07/Dec/2019:16:39:18 +0700] "GET /M2_SS5_PHP_Monk-eye/Dieu/Triangle/ HTTP/1.1" 200 1182 "http://localhost/M2_SS5_PHP_Monk-eye/Dieu/" "Mozilla/5.0 (X11; Linux x86_64) AppleWebKit/537.36 (KHTML, like Gecko) Chrome/78.0.3904.108 Safari/537.36"
::1 - - [07/Dec/2019:16:39:23 +0700] "POST /M2_SS5_PHP_Monk-eye/Dieu/Triangle/ HTTP/1.1" 200 361 "http://localhost/M2_SS5_PHP_Monk-eye/Dieu/Triangle/" "Mozilla/5.0 (X11; Linux x86_64) AppleWebKit/537.36 (KHTML, like Gecko) Chrome/78.0.3904.108 Safari/537.36"
::1 - - [07/Dec/2019:16:40:15 +0700] "-" 408 0 "-" "-"
::1 - - [07/Dec/2019:16:40:30 +0700] "POST /M2_SS5_PHP_Monk-eye/Dieu/Triangle/ HTTP/1.1" 200 361 "http://localhost/M2_SS5_PHP_Monk-eye/Dieu/Triangle/" "Mozilla/5.0 (X11; Linux x86_64) AppleWebKit/537.36 (KHTML, like Gecko) Chrome/78.0.3904.108 Safari/537.36"
::1 - - [07/Dec/2019:16:40:31 +0700] "GET /M2_SS5_PHP_Monk-eye/Dieu/Triangle/ HTTP/1.1" 200 1209 "http://localhost/M2_SS5_PHP_Monk-eye/Dieu/" "Mozilla/5.0 (X11; Linux x86_64) AppleWebKit/537.36 (KHTML, like Gecko) Chrome/78.0.3904.108 Safari/537.36"
::1 - - [07/Dec/2019:16:41:01 +0700] "POST /M2_SS5_PHP_Monk-eye/Dieu/Triangle/ HTTP/1.1" 200 366 "http://localhost/M2_SS5_PHP_Monk-eye/Dieu/Triangle/" "Mozilla/5.0 (X11; Linux x86_64) AppleWebKit/537.36 (KHTML, like Gecko) Chrome/78.0.3904.108 Safari/537.36"
::1 - - [07/Dec/2019:16:41:26 +0700] "GET /M2_SS5_PHP_Monk-eye/Dieu/Triangle/ HTTP/1.1" 200 1210 "http://localhost/M2_SS5_PHP_Monk-eye/Dieu/" "Mozilla/5.0 (X11; Linux x86_64) AppleWebKit/537.36 (KHTML, like Gecko) Chrome/78.0.3904.108 Safari/537.36"
::1 - - [07/Dec/2019:16:41:36 +0700] "POST /M2_SS5_PHP_Monk-eye/Dieu/Triangle/ HTTP/1.1" 200 1293 "http://localhost/M2_SS5_PHP_Monk-eye/Dieu/Triangle/" "Mozilla/5.0 (X11; Linux x86_64) AppleWebKit/537.36 (KHTML, like Gecko) Chrome/78.0.3904.108 Safari/537.36"
::1 - - [07/Dec/2019:16:42:28 +0700] "-" 408 0 "-" "-"
::1 - - [07/Dec/2019:16:43:12 +0700] "POST /M2_SS5_PHP_Monk-eye/Dieu/Triangle/ HTTP/1.1" 200 1304 "http://localhost/M2_SS5_PHP_Monk-eye/Dieu/Triangle/" "Mozilla/5.0 (X11; Linux x86_64) AppleWebKit/537.36 (KHTML, like Gecko) Chrome/78.0.3904.108 Safari/537.36"
::1 - - [07/Dec/2019:16:43:20 +0700] "POST /M2_SS5_PHP_Monk-eye/Dieu/Triangle/ HTTP/1.1" 200 1299 "http://localhost/M2_SS5_PHP_Monk-eye/Dieu/Triangle/" "Mozilla/5.0 (X11; Linux x86_64) AppleWebKit/537.36 (KHTML, like Gecko) Chrome/78.0.3904.108 Safari/537.36"
::1 - - [07/Dec/2019:16:43:21 +0700] "POST /M2_SS5_PHP_Monk-eye/Dieu/Triangle/ HTTP/1.1" 200 1310 "http://localhost/M2_SS5_PHP_Monk-eye/Dieu/Triangle/" "Mozilla/5.0 (X11; Linux x86_64) AppleWebKit/537.36 (KHTML, like Gecko) Chrome/78.0.3904.108 Safari/537.36"
::1 - - [07/Dec/2019:16:43:24 +0700] "POST /M2_SS5_PHP_Monk-eye/Dieu/Triangle/ HTTP/1.1" 200 1310 "http://localhost/M2_SS5_PHP_Monk-eye/Dieu/Triangle/" "Mozilla/5.0 (X11; Linux x86_64) AppleWebKit/537.36 (KHTML, like Gecko) Chrome/78.0.3904.108 Safari/537.36"
::1 - - [07/Dec/2019:16:44:12 +0700] "-" 408 0 "-" "-"
::1 - - [07/Dec/2019:16:47:08 +0700] "POST /M2_SS5_PHP_Monk-eye/Dieu/Triangle/ HTTP/1.1" 200 1227 "http://localhost/M2_SS5_PHP_Monk-eye/Dieu/Triangle/" "Mozilla/5.0 (X11; Linux x86_64) AppleWebKit/537.36 (KHTML, like Gecko) Chrome/78.0.3904.108 Safari/537.36"
::1 - - [07/Dec/2019:16:47:12 +0700] "POST /M2_SS5_PHP_Monk-eye/Dieu/Triangle/ HTTP/1.1" 200 1234 "http://localhost/M2_SS5_PHP_Monk-eye/Dieu/Triangle/" "Mozilla/5.0 (X11; Linux x86_64) AppleWebKit/537.36 (KHTML, like Gecko) Chrome/78.0.3904.108 Safari/537.36"
::1 - - [07/Dec/2019:16:47:31 +0700] "POST /M2_SS5_PHP_Monk-eye/Dieu/Triangle/ HTTP/1.1" 200 1235 "http://localhost/M2_SS5_PHP_Monk-eye/Dieu/Triangle/" "Mozilla/5.0 (X11; Linux x86_64) AppleWebKit/537.36 (KHTML, like Gecko) Chrome/78.0.3904.108 Safari/537.36"
::1 - - [07/Dec/2019:16:47:33 +0700] "POST /M2_SS5_PHP_Monk-eye/Dieu/Triangle/ HTTP/1.1" 200 1234 "http://localhost/M2_SS5_PHP_Monk-eye/Dieu/Triangle/" "Mozilla/5.0 (X11; Linux x86_64) AppleWebKit/537.36 (KHTML, like Gecko) Chrome/78.0.3904.108 Safari/537.36"
::1 - - [07/Dec/2019:16:47:39 +0700] "POST /M2_SS5_PHP_Monk-eye/Dieu/Triangle/ HTTP/1.1" 200 1227 "http://localhost/M2_SS5_PHP_Monk-eye/Dieu/Triangle/" "Mozilla/5.0 (X11; Linux x86_64) AppleWebKit/537.36 (KHTML, like Gecko) Chrome/78.0.3904.108 Safari/537.36"
::1 - - [07/Dec/2019:16:48:30 +0700] "-" 408 0 "-" "-"
::1 - - [07/Dec/2019:16:58:21 +0700] "POST /M2_SS5_PHP_Monk-eye/Dieu/Triangle/ HTTP/1.1" 200 1230 "http://localhost/M2_SS5_PHP_Monk-eye/Dieu/Triangle/" "Mozilla/5.0 (X11; Linux x86_64) AppleWebKit/537.36 (KHTML, like Gecko) Chrome/78.0.3904.108 Safari/537.36"
::1 - - [07/Dec/2019:16:58:42 +0700] "POST /M2_SS5_PHP_Monk-eye/Dieu/Triangle/ HTTP/1.1" 200 1197 "http://localhost/M2_SS5_PHP_Monk-eye/Dieu/Triangle/" "Mozilla/5.0 (X11; Linux x86_64) AppleWebKit/537.36 (KHTML, like Gecko) Chrome/78.0.3904.108 Safari/537.36"
::1 - - [07/Dec/2019:17:34:52 +0700] "GET /M2_SS5_PHP_Monk-eye/ HTTP/1.1" 200 744 "-" "Mozilla/5.0 (X11; Linux x86_64) AppleWebKit/537.36 (KHTML, like Gecko) Chrome/78.0.3904.108 Safari/537.36"
::1 - - [07/Dec/2019:17:34:54 +0700] "GET /M2_SS5_PHP_Monk-eye/Dieu/ HTTP/1.1" 200 807 "http://localhost/M2_SS5_PHP_Monk-eye/" "Mozilla/5.0 (X11; Linux x86_64) AppleWebKit/537.36 (KHTML, like Gecko) Chrome/78.0.3904.108 Safari/537.36"
::1 - - [07/Dec/2019:17:34:56 +0700] "GET /M2_SS5_PHP_Monk-eye/Dieu/Circle_and_Cylinder/ HTTP/1.1" 500 185 "http://localhost/M2_SS5_PHP_Monk-eye/Dieu/" "Mozilla/5.0 (X11; Linux x86_64) AppleWebKit/537.36 (KHTML, like Gecko) Chrome/78.0.3904.108 Safari/537.36"
::1 - - [07/Dec/2019:17:35:43 +0700] "-" 408 0 "-" "-"
::1 - - [07/Dec/2019:17:35:48 +0700] "-" 408 0 "-" "-"
::1 - - [07/Dec/2019:17:35:53 +0700] "GET /M2_SS5_PHP_Monk-eye/Dieu/Circle_and_Cylinder/ HTTP/1.1" 500 185 "http://localhost/M2_SS5_PHP_Monk-eye/Dieu/" "Mozilla/5.0 (X11; Linux x86_64) AppleWebKit/537.36 (KHTML, like Gecko) Chrome/78.0.3904.108 Safari/537.36"
::1 - - [07/Dec/2019:17:36:30 +0700] "GET /M2_SS5_PHP_Monk-eye/Dieu/Circle_and_Cylinder/ HTTP/1.1" 200 367 "http://localhost/M2_SS5_PHP_Monk-eye/Dieu/" "Mozilla/5.0 (X11; Linux x86_64) AppleWebKit/537.36 (KHTML, like Gecko) Chrome/78.0.3904.108 Safari/537.36"
::1 - - [07/Dec/2019:17:37:22 +0700] "-" 408 0 "-" "-"
::1 - - [07/Dec/2019:17:37:29 +0700] "GET /M2_SS5_PHP_Monk-eye/Dieu/Circle_and_Cylinder/ HTTP/1.1" 200 382 "http://localhost/M2_SS5_PHP_Monk-eye/Dieu/" "Mozilla/5.0 (X11; Linux x86_64) AppleWebKit/537.36 (KHTML, like Gecko) Chrome/78.0.3904.108 Safari/537.36"
::1 - - [07/Dec/2019:17:37:30 +0700] "GET /M2_SS5_PHP_Monk-eye/Dieu/Circle_and_Cylinder/ HTTP/1.1" 200 381 "http://localhost/M2_SS5_PHP_Monk-eye/Dieu/" "Mozilla/5.0 (X11; Linux x86_64) AppleWebKit/537.36 (KHTML, like Gecko) Chrome/78.0.3904.108 Safari/537.36"
::1 - - [07/Dec/2019:17:38:04 +0700] "GET /M2_SS5_PHP_Monk-eye/Dieu/Circle_and_Cylinder/ HTTP/1.1" 200 382 "http://localhost/M2_SS5_PHP_Monk-eye/Dieu/" "Mozilla/5.0 (X11; Linux x86_64) AppleWebKit/537.36 (KHTML, like Gecko) Chrome/78.0.3904.108 Safari/537.36"
::1 - - [07/Dec/2019:17:38:23 +0700] "GET /M2_SS5_PHP_Monk-eye/Dieu/Circle_and_Cylinder/ HTTP/1.1" 200 386 "http://localhost/M2_SS5_PHP_Monk-eye/Dieu/" "Mozilla/5.0 (X11; Linux x86_64) AppleWebKit/537.36 (KHTML, like Gecko) Chrome/78.0.3904.108 Safari/537.36"
::1 - - [07/Dec/2019:17:39:14 +0700] "-" 408 0 "-" "-"
::1 - - [07/Dec/2019:17:42:36 +0700] "GET /M2_SS5_PHP_Monk-eye/ HTTP/1.1" 200 744 "-" "Mozilla/5.0 (X11; Linux x86_64) AppleWebKit/537.36 (KHTML, like Gecko) Chrome/78.0.3904.108 Safari/537.36"
::1 - - [07/Dec/2019:17:42:39 +0700] "GET /M2_SS2_PHP_Monk-eye HTTP/1.1" 301 593 "-" "Mozilla/5.0 (X11; Linux x86_64) AppleWebKit/537.36 (KHTML, like Gecko) Chrome/78.0.3904.108 Safari/537.36"
::1 - - [07/Dec/2019:17:42:39 +0700] "GET /M2_SS2_PHP_Monk-eye/ HTTP/1.1" 200 773 "-" "Mozilla/5.0 (X11; Linux x86_64) AppleWebKit/537.36 (KHTML, like Gecko) Chrome/78.0.3904.108 Safari/537.36"
::1 - - [07/Dec/2019:17:42:41 +0700] "GET /M2_SS2_PHP_Monk-eye/Dieu/ HTTP/1.1" 200 928 "http://localhost/M2_SS2_PHP_Monk-eye/" "Mozilla/5.0 (X11; Linux x86_64) AppleWebKit/537.36 (KHTML, like Gecko) Chrome/78.0.3904.108 Safari/537.36"
::1 - - [07/Dec/2019:17:42:43 +0700] "GET /M2_SS2_PHP_Monk-eye/Dieu/sum-matrix/ HTTP/1.1" 200 620 "http://localhost/M2_SS2_PHP_Monk-eye/Dieu/" "Mozilla/5.0 (X11; Linux x86_64) AppleWebKit/537.36 (KHTML, like Gecko) Chrome/78.0.3904.108 Safari/537.36"
::1 - - [07/Dec/2019:17:42:49 +0700] "POST /M2_SS2_PHP_Monk-eye/Dieu/sum-matrix/ HTTP/1.1" 200 751 "http://localhost/M2_SS2_PHP_Monk-eye/Dieu/sum-matrix/" "Mozilla/5.0 (X11; Linux x86_64) AppleWebKit/537.36 (KHTML, like Gecko) Chrome/78.0.3904.108 Safari/537.36"
::1 - - [07/Dec/2019:17:43:06 +0700] "POST /M2_SS2_PHP_Monk-eye/Dieu/sum-matrix/ HTTP/1.1" 200 752 "http://localhost/M2_SS2_PHP_Monk-eye/Dieu/sum-matrix/" "Mozilla/5.0 (X11; Linux x86_64) AppleWebKit/537.36 (KHTML, like Gecko) Chrome/78.0.3904.108 Safari/537.36"
::1 - - [07/Dec/2019:17:43:42 +0700] "POST /M2_SS2_PHP_Monk-eye/Dieu/sum-matrix/ HTTP/1.1" 200 726 "http://localhost/M2_SS2_PHP_Monk-eye/Dieu/sum-matrix/" "Mozilla/5.0 (X11; Linux x86_64) AppleWebKit/537.36 (KHTML, like Gecko) Chrome/78.0.3904.108 Safari/537.36"
::1 - - [07/Dec/2019:17:43:46 +0700] "POST /M2_SS2_PHP_Monk-eye/Dieu/sum-matrix/ HTTP/1.1" 200 725 "http://localhost/M2_SS2_PHP_Monk-eye/Dieu/sum-matrix/" "Mozilla/5.0 (X11; Linux x86_64) AppleWebKit/537.36 (KHTML, like Gecko) Chrome/78.0.3904.108 Safari/537.36"
::1 - - [07/Dec/2019:17:43:50 +0700] "GET /M2_SS2_PHP_Monk-eye/Dieu/sum-matrix/ HTTP/1.1" 200 620 "-" "Mozilla/5.0 (X11; Linux x86_64) AppleWebKit/537.36 (KHTML, like Gecko) Chrome/78.0.3904.108 Safari/537.36"
::1 - - [07/Dec/2019:17:43:53 +0700] "POST /M2_SS2_PHP_Monk-eye/Dieu/sum-matrix/ HTTP/1.1" 200 723 "http://localhost/M2_SS2_PHP_Monk-eye/Dieu/sum-matrix/" "Mozilla/5.0 (X11; Linux x86_64) AppleWebKit/537.36 (KHTML, like Gecko) Chrome/78.0.3904.108 Safari/537.36"
::1 - - [07/Dec/2019:17:44:04 +0700] "POST /M2_SS2_PHP_Monk-eye/Dieu/sum-matrix/ HTTP/1.1" 200 752 "http://localhost/M2_SS2_PHP_Monk-eye/Dieu/sum-matrix/" "Mozilla/5.0 (X11; Linux x86_64) AppleWebKit/537.36 (KHTML, like Gecko) Chrome/78.0.3904.108 Safari/537.36"
::1 - - [07/Dec/2019:17:44:56 +0700] "-" 408 0 "-" "-"
::1 - - [07/Dec/2019:17:46:27 +0700] "GET /M2_SS2_PHP_Monk-eye/Dieu/sum-matrix/ HTTP/1.1" 500 185 "-" "Mozilla/5.0 (X11; Linux x86_64) AppleWebKit/537.36 (KHTML, like Gecko) Chrome/78.0.3904.108 Safari/537.36"
::1 - - [07/Dec/2019:17:47:19 +0700] "GET /M2_SS2_PHP_Monk-eye/Dieu/sum-matrix/ HTTP/1.1" 200 596 "-" "Mozilla/5.0 (X11; Linux x86_64) AppleWebKit/537.36 (KHTML, like Gecko) Chrome/78.0.3904.108 Safari/537.36"
::1 - - [07/Dec/2019:17:47:25 +0700] "POST /M2_SS2_PHP_Monk-eye/Dieu/sum-matrix/ HTTP/1.1" 200 680 "http://localhost/M2_SS2_PHP_Monk-eye/Dieu/sum-matrix/" "Mozilla/5.0 (X11; Linux x86_64) AppleWebKit/537.36 (KHTML, like Gecko) Chrome/78.0.3904.108 Safari/537.36"
::1 - - [07/Dec/2019:17:47:25 +0700] "POST /M2_SS2_PHP_Monk-eye/Dieu/sum-matrix/ HTTP/1.1" 200 679 "http://localhost/M2_SS2_PHP_Monk-eye/Dieu/sum-matrix/" "Mozilla/5.0 (X11; Linux x86_64) AppleWebKit/537.36 (KHTML, like Gecko) Chrome/78.0.3904.108 Safari/537.36"
::1 - - [07/Dec/2019:17:47:31 +0700] "POST /M2_SS2_PHP_Monk-eye/Dieu/sum-matrix/ HTTP/1.1" 200 692 "http://localhost/M2_SS2_PHP_Monk-eye/Dieu/sum-matrix/" "Mozilla/5.0 (X11; Linux x86_64) AppleWebKit/537.36 (KHTML, like Gecko) Chrome/78.0.3904.108 Safari/537.36"
::1 - - [07/Dec/2019:17:48:00 +0700] "GET /M2_SS2_PHP_Monk-eye/Dieu/sum-matrix/ HTTP/1.1" 200 596 "-" "Mozilla/5.0 (X11; Linux x86_64) AppleWebKit/537.36 (KHTML, like Gecko) Chrome/78.0.3904.108 Safari/537.36"
::1 - - [07/Dec/2019:17:48:03 +0700] "POST /M2_SS2_PHP_Monk-eye/Dieu/sum-matrix/ HTTP/1.1" 200 679 "http://localhost/M2_SS2_PHP_Monk-eye/Dieu/sum-matrix/" "Mozilla/5.0 (X11; Linux x86_64) AppleWebKit/537.36 (KHTML, like Gecko) Chrome/78.0.3904.108 Safari/537.36"
::1 - - [07/Dec/2019:17:48:10 +0700] "POST /M2_SS2_PHP_Monk-eye/Dieu/sum-matrix/ HTTP/1.1" 200 692 "http://localhost/M2_SS2_PHP_Monk-eye/Dieu/sum-matrix/" "Mozilla/5.0 (X11; Linux x86_64) AppleWebKit/537.36 (KHTML, like Gecko) Chrome/78.0.3904.108 Safari/537.36"
::1 - - [07/Dec/2019:17:49:01 +0700] "-" 408 0 "-" "-"
::1 - - [07/Dec/2019:17:49:35 +0700] "POST /M2_SS2_PHP_Monk-eye/Dieu/sum-matrix/ HTTP/1.1" 200 691 "http://localhost/M2_SS2_PHP_Monk-eye/Dieu/sum-matrix/" "Mozilla/5.0 (X11; Linux x86_64) AppleWebKit/537.36 (KHTML, like Gecko) Chrome/78.0.3904.108 Safari/537.36"
::1 - - [07/Dec/2019:17:49:37 +0700] "POST /M2_SS2_PHP_Monk-eye/Dieu/sum-matrix/ HTTP/1.1" 200 690 "http://localhost/M2_SS2_PHP_Monk-eye/Dieu/sum-matrix/" "Mozilla/5.0 (X11; Linux x86_64) AppleWebKit/537.36 (KHTML, like Gecko) Chrome/78.0.3904.108 Safari/537.36"
::1 - - [07/Dec/2019:17:49:38 +0700] "POST /M2_SS2_PHP_Monk-eye/Dieu/sum-matrix/ HTTP/1.1" 200 690 "http://localhost/M2_SS2_PHP_Monk-eye/Dieu/sum-matrix/" "Mozilla/5.0 (X11; Linux x86_64) AppleWebKit/537.36 (KHTML, like Gecko) Chrome/78.0.3904.108 Safari/537.36"
::1 - - [07/Dec/2019:17:49:43 +0700] "POST /M2_SS2_PHP_Monk-eye/Dieu/sum-matrix/ HTTP/1.1" 200 688 "http://localhost/M2_SS2_PHP_Monk-eye/Dieu/sum-matrix/" "Mozilla/5.0 (X11; Linux x86_64) AppleWebKit/537.36 (KHTML, like Gecko) Chrome/78.0.3904.108 Safari/537.36"
::1 - - [07/Dec/2019:17:50:27 +0700] "-" 408 0 "-" "-"
::1 - - [07/Dec/2019:17:51:15 +0700] "POST /M2_SS2_PHP_Monk-eye/Dieu/sum-matrix/ HTTP/1.1" 200 711 "http://localhost/M2_SS2_PHP_Monk-eye/Dieu/sum-matrix/" "Mozilla/5.0 (X11; Linux x86_64) AppleWebKit/537.36 (KHTML, like Gecko) Chrome/78.0.3904.108 Safari/537.36"
::1 - - [07/Dec/2019:17:51:17 +0700] "GET /M2_SS2_PHP_Monk-eye/Dieu/sum-matrix/ HTTP/1.1" 200 620 "-" "Mozilla/5.0 (X11; Linux x86_64) AppleWebKit/537.36 (KHTML, like Gecko) Chrome/78.0.3904.108 Safari/537.36"
::1 - - [07/Dec/2019:17:51:20 +0700] "POST /M2_SS2_PHP_Monk-eye/Dieu/sum-matrix/ HTTP/1.1" 200 701 "http://localhost/M2_SS2_PHP_Monk-eye/Dieu/sum-matrix/" "Mozilla/5.0 (X11; Linux x86_64) AppleWebKit/537.36 (KHTML, like Gecko) Chrome/78.0.3904.108 Safari/537.36"
::1 - - [07/Dec/2019:17:51:24 +0700] "POST /M2_SS2_PHP_Monk-eye/Dieu/sum-matrix/ HTTP/1.1" 200 713 "http://localhost/M2_SS2_PHP_Monk-eye/Dieu/sum-matrix/" "Mozilla/5.0 (X11; Linux x86_64) AppleWebKit/537.36 (KHTML, like Gecko) Chrome/78.0.3904.108 Safari/537.36"
::1 - - [07/Dec/2019:17:52:06 +0700] "-" 408 0 "-" "-"
::1 - - [07/Dec/2019:17:53:20 +0700] "GET /M2_SS2_PHP_Monk-eye/ HTTP/1.1" 200 774 "-" "Mozilla/5.0 (X11; Linux x86_64) AppleWebKit/537.36 (KHTML, like Gecko) Chrome/78.0.3904.108 Safari/537.36"
::1 - - [07/Dec/2019:17:53:21 +0700] "GET /M2_SS2_PHP_Monk-eye/Dieu/ HTTP/1.1" 200 928 "http://localhost/M2_SS2_PHP_Monk-eye/" "Mozilla/5.0 (X11; Linux x86_64) AppleWebKit/537.36 (KHTML, like Gecko) Chrome/78.0.3904.108 Safari/537.36"
::1 - - [07/Dec/2019:17:53:24 +0700] "GET /M2_SS2_PHP_Monk-eye/Dieu/sum-matrix/ HTTP/1.1" 200 620 "http://localhost/M2_SS2_PHP_Monk-eye/Dieu/" "Mozilla/5.0 (X11; Linux x86_64) AppleWebKit/537.36 (KHTML, like Gecko) Chrome/78.0.3904.108 Safari/537.36"
::1 - - [07/Dec/2019:17:53:28 +0700] "POST /M2_SS2_PHP_Monk-eye/Dieu/sum-matrix/ HTTP/1.1" 200 701 "http://localhost/M2_SS2_PHP_Monk-eye/Dieu/sum-matrix/" "Mozilla/5.0 (X11; Linux x86_64) AppleWebKit/537.36 (KHTML, like Gecko) Chrome/78.0.3904.108 Safari/537.36"
::1 - - [07/Dec/2019:17:53:32 +0700] "POST /M2_SS2_PHP_Monk-eye/Dieu/sum-matrix/ HTTP/1.1" 200 710 "http://localhost/M2_SS2_PHP_Monk-eye/Dieu/sum-matrix/" "Mozilla/5.0 (X11; Linux x86_64) AppleWebKit/537.36 (KHTML, like Gecko) Chrome/78.0.3904.108 Safari/537.36"
::1 - - [07/Dec/2019:17:54:24 +0700] "-" 408 0 "-" "-"
::1 - - [07/Dec/2019:18:01:07 +0700] "GET /M2_SS5_PHP_Monk-eye/ HTTP/1.1" 200 744 "-" "Mozilla/5.0 (X11; Linux x86_64) AppleWebKit/537.36 (KHTML, like Gecko) Chrome/78.0.3904.108 Safari/537.36"
::1 - - [07/Dec/2019:18:01:11 +0700] "GET / HTTP/1.1" 200 3476 "http://localhost/M2_SS5_PHP_Monk-eye/" "Mozilla/5.0 (X11; Linux x86_64) AppleWebKit/537.36 (KHTML, like Gecko) Chrome/78.0.3904.108 Safari/537.36"
::1 - - [07/Dec/2019:18:01:18 +0700] "GET /M2_SS2_PHP_Monk-eye/ HTTP/1.1" 200 774 "-" "Mozilla/5.0 (X11; Linux x86_64) AppleWebKit/537.36 (KHTML, like Gecko) Chrome/78.0.3904.108 Safari/537.36"
::1 - - [07/Dec/2019:18:01:20 +0700] "GET /M2_SS2_PHP_Monk-eye/Dieu/ HTTP/1.1" 200 943 "http://localhost/M2_SS2_PHP_Monk-eye/" "Mozilla/5.0 (X11; Linux x86_64) AppleWebKit/537.36 (KHTML, like Gecko) Chrome/78.0.3904.108 Safari/537.36"
::1 - - [07/Dec/2019:18:01:21 +0700] "GET /M2_SS2_PHP_Monk-eye/Dieu/sum_col_matrix/ HTTP/1.1" 200 621 "http://localhost/M2_SS2_PHP_Monk-eye/Dieu/" "Mozilla/5.0 (X11; Linux x86_64) AppleWebKit/537.36 (KHTML, like Gecko) Chrome/78.0.3904.108 Safari/537.36"
::1 - - [07/Dec/2019:18:01:25 +0700] "POST /M2_SS2_PHP_Monk-eye/Dieu/sum_col_matrix/ HTTP/1.1" 200 724 "http://localhost/M2_SS2_PHP_Monk-eye/Dieu/sum_col_matrix/" "Mozilla/5.0 (X11; Linux x86_64) AppleWebKit/537.36 (KHTML, like Gecko) Chrome/78.0.3904.108 Safari/537.36"
::1 - - [07/Dec/2019:18:01:37 +0700] "POST /M2_SS2_PHP_Monk-eye/Dieu/sum_col_matrix/ HTTP/1.1" 200 736 "http://localhost/M2_SS2_PHP_Monk-eye/Dieu/sum_col_matrix/" "Mozilla/5.0 (X11; Linux x86_64) AppleWebKit/537.36 (KHTML, like Gecko) Chrome/78.0.3904.108 Safari/537.36"
::1 - - [07/Dec/2019:18:02:28 +0700] "GET /M2_SS2_PHP_Monk-eye/Dieu/sum_col_matrix/ HTTP/1.1" 200 622 "-" "Mozilla/5.0 (X11; Linux x86_64) AppleWebKit/537.36 (KHTML, like Gecko) Chrome/78.0.3904.108 Safari/537.36"
::1 - - [07/Dec/2019:18:02:31 +0700] "POST /M2_SS2_PHP_Monk-eye/Dieu/sum_col_matrix/ HTTP/1.1" 200 1187 "http://localhost/M2_SS2_PHP_Monk-eye/Dieu/sum_col_matrix/" "Mozilla/5.0 (X11; Linux x86_64) AppleWebKit/537.36 (KHTML, like Gecko) Chrome/78.0.3904.108 Safari/537.36"
::1 - - [07/Dec/2019:18:02:44 +0700] "POST /M2_SS2_PHP_Monk-eye/Dieu/sum_col_matrix/ HTTP/1.1" 200 727 "http://localhost/M2_SS2_PHP_Monk-eye/Dieu/sum_col_matrix/" "Mozilla/5.0 (X11; Linux x86_64) AppleWebKit/537.36 (KHTML, like Gecko) Chrome/78.0.3904.108 Safari/537.36"
::1 - - [07/Dec/2019:18:02:55 +0700] "POST /M2_SS2_PHP_Monk-eye/Dieu/sum_col_matrix/ HTTP/1.1" 200 741 "http://localhost/M2_SS2_PHP_Monk-eye/Dieu/sum_col_matrix/" "Mozilla/5.0 (X11; Linux x86_64) AppleWebKit/537.36 (KHTML, like Gecko) Chrome/78.0.3904.108 Safari/537.36"
::1 - - [07/Dec/2019:18:03:46 +0700] "-" 408 0 "-" "-"
::1 - - [07/Dec/2019:18:04:34 +0700] "GET /M2_SS5_PHP_Monk-eye/ HTTP/1.1" 200 744 "-" "Mozilla/5.0 (X11; Linux x86_64) AppleWebKit/537.36 (KHTML, like Gecko) Chrome/78.0.3904.108 Safari/537.36"
::1 - - [07/Dec/2019:18:04:46 +0700] "GET /M2_SS2_PHP_Monk-eye/ HTTP/1.1" 200 774 "-" "Mozilla/5.0 (X11; Linux x86_64) AppleWebKit/537.36 (KHTML, like Gecko) Chrome/78.0.3904.108 Safari/537.36"
::1 - - [07/Dec/2019:18:04:49 +0700] "GET /M2_SS2_PHP_Monk-eye/Dieu/ HTTP/1.1" 200 944 "http://localhost/M2_SS2_PHP_Monk-eye/" "Mozilla/5.0 (X11; Linux x86_64) AppleWebKit/537.36 (KHTML, like Gecko) Chrome/78.0.3904.108 Safari/537.36"
::1 - - [07/Dec/2019:18:04:51 +0700] "GET /M2_SS2_PHP_Monk-eye/Dieu/sum_col_matrix/ HTTP/1.1" 200 595 "http://localhost/M2_SS2_PHP_Monk-eye/Dieu/" "Mozilla/5.0 (X11; Linux x86_64) AppleWebKit/537.36 (KHTML, like Gecko) Chrome/78.0.3904.108 Safari/537.36"
::1 - - [07/Dec/2019:18:04:54 +0700] "POST /M2_SS2_PHP_Monk-eye/Dieu/sum_col_matrix/ HTTP/1.1" 200 725 "http://localhost/M2_SS2_PHP_Monk-eye/Dieu/sum_col_matrix/" "Mozilla/5.0 (X11; Linux x86_64) AppleWebKit/537.36 (KHTML, like Gecko) Chrome/78.0.3904.108 Safari/537.36"
::1 - - [07/Dec/2019:18:05:38 +0700] "-" 408 0 "-" "-"
::1 - - [07/Dec/2019:18:06:10 +0700] "GET /M2_SS2_PHP_Monk-eye/Dieu/sum_col_matrix/ HTTP/1.1" 200 596 "-" "Mozilla/5.0 (X11; Linux x86_64) AppleWebKit/537.36 (KHTML, like Gecko) Chrome/78.0.3904.108 Safari/537.36"
::1 - - [07/Dec/2019:18:06:12 +0700] "POST /M2_SS2_PHP_Monk-eye/Dieu/sum_col_matrix/ HTTP/1.1" 200 702 "http://localhost/M2_SS2_PHP_Monk-eye/Dieu/sum_col_matrix/" "Mozilla/5.0 (X11; Linux x86_64) AppleWebKit/537.36 (KHTML, like Gecko) Chrome/78.0.3904.108 Safari/537.36"
::1 - - [07/Dec/2019:18:06:21 +0700] "POST /M2_SS2_PHP_Monk-eye/Dieu/sum_col_matrix/ HTTP/1.1" 200 741 "http://localhost/M2_SS2_PHP_Monk-eye/Dieu/sum_col_matrix/" "Mozilla/5.0 (X11; Linux x86_64) AppleWebKit/537.36 (KHTML, like Gecko) Chrome/78.0.3904.108 Safari/537.36"
::1 - - [07/Dec/2019:18:07:13 +0700] "-" 408 0 "-" "-"
::1 - - [07/Dec/2019:18:10:54 +0700] "GET /M2_SS2_PHP_Monk-eye/ HTTP/1.1" 200 774 "-" "Mozilla/5.0 (X11; Linux x86_64) AppleWebKit/537.36 (KHTML, like Gecko) Chrome/78.0.3904.108 Safari/537.36"
::1 - - [07/Dec/2019:18:10:56 +0700] "GET /M2_SS2_PHP_Monk-eye/Dieu/ HTTP/1.1" 200 943 "http://localhost/M2_SS2_PHP_Monk-eye/" "Mozilla/5.0 (X11; Linux x86_64) AppleWebKit/537.36 (KHTML, like Gecko) Chrome/78.0.3904.108 Safari/537.36"
::1 - - [07/Dec/2019:18:10:58 +0700] "GET /M2_SS2_PHP_Monk-eye/Dieu/sum_col_matrix/ HTTP/1.1" 200 595 "http://localhost/M2_SS2_PHP_Monk-eye/Dieu/" "Mozilla/5.0 (X11; Linux x86_64) AppleWebKit/537.36 (KHTML, like Gecko) Chrome/78.0.3904.108 Safari/537.36"
::1 - - [07/Dec/2019:18:11:01 +0700] "POST /M2_SS2_PHP_Monk-eye/Dieu/sum_col_matrix/ HTTP/1.1" 200 712 "http://localhost/M2_SS2_PHP_Monk-eye/Dieu/sum_col_matrix/" "Mozilla/5.0 (X11; Linux x86_64) AppleWebKit/537.36 (KHTML, like Gecko) Chrome/78.0.3904.108 Safari/537.36"
::1 - - [07/Dec/2019:18:11:10 +0700] "POST /M2_SS2_PHP_Monk-eye/Dieu/sum_col_matrix/ HTTP/1.1" 200 716 "http://localhost/M2_SS2_PHP_Monk-eye/Dieu/sum_col_matrix/" "Mozilla/5.0 (X11; Linux x86_64) AppleWebKit/537.36 (KHTML, like Gecko) Chrome/78.0.3904.108 Safari/537.36"
::1 - - [07/Dec/2019:18:12:36 +0700] "GET /M2_SS2_PHP_Monk-eye/Dieu/sum_col_matrix/ HTTP/1.1" 200 596 "-" "Mozilla/5.0 (X11; Linux x86_64) AppleWebKit/537.36 (KHTML, like Gecko) Chrome/78.0.3904.108 Safari/537.36"
::1 - - [07/Dec/2019:18:12:38 +0700] "POST /M2_SS2_PHP_Monk-eye/Dieu/sum_col_matrix/ HTTP/1.1" 200 710 "http://localhost/M2_SS2_PHP_Monk-eye/Dieu/sum_col_matrix/" "Mozilla/5.0 (X11; Linux x86_64) AppleWebKit/537.36 (KHTML, like Gecko) Chrome/78.0.3904.108 Safari/537.36"
::1 - - [07/Dec/2019:18:12:47 +0700] "POST /M2_SS2_PHP_Monk-eye/Dieu/sum_col_matrix/ HTTP/1.1" 200 716 "http://localhost/M2_SS2_PHP_Monk-eye/Dieu/sum_col_matrix/" "Mozilla/5.0 (X11; Linux x86_64) AppleWebKit/537.36 (KHTML, like Gecko) Chrome/78.0.3904.108 Safari/537.36"
::1 - - [07/Dec/2019:18:13:38 +0700] "-" 408 0 "-" "-"
::1 - - [07/Dec/2019:18:13:49 +0700] "GET /M2_SS2_PHP_Monk-eye/Dieu/sum_col_matrix/ HTTP/1.1" 200 596 "-" "Mozilla/5.0 (X11; Linux x86_64) AppleWebKit/537.36 (KHTML, like Gecko) Chrome/78.0.3904.108 Safari/537.36"
::1 - - [07/Dec/2019:18:13:51 +0700] "POST /M2_SS2_PHP_Monk-eye/Dieu/sum_col_matrix/ HTTP/1.1" 200 710 "http://localhost/M2_SS2_PHP_Monk-eye/Dieu/sum_col_matrix/" "Mozilla/5.0 (X11; Linux x86_64) AppleWebKit/537.36 (KHTML, like Gecko) Chrome/78.0.3904.108 Safari/537.36"
::1 - - [07/Dec/2019:18:14:01 +0700] "POST /M2_SS2_PHP_Monk-eye/Dieu/sum_col_matrix/ HTTP/1.1" 200 709 "http://localhost/M2_SS2_PHP_Monk-eye/Dieu/sum_col_matrix/" "Mozilla/5.0 (X11; Linux x86_64) AppleWebKit/537.36 (KHTML, like Gecko) Chrome/78.0.3904.108 Safari/537.36"
::1 - - [07/Dec/2019:18:14:53 +0700] "-" 408 0 "-" "-"
::1 - - [07/Dec/2019:18:15:21 +0700] "GET /M2_SS2_PHP_Monk-eye/Dieu/sum_col_matrix/ HTTP/1.1" 200 596 "-" "Mozilla/5.0 (X11; Linux x86_64) AppleWebKit/537.36 (KHTML, like Gecko) Chrome/78.0.3904.108 Safari/537.36"
::1 - - [07/Dec/2019:18:15:23 +0700] "POST /M2_SS2_PHP_Monk-eye/Dieu/sum_col_matrix/ HTTP/1.1" 200 710 "http://localhost/M2_SS2_PHP_Monk-eye/Dieu/sum_col_matrix/" "Mozilla/5.0 (X11; Linux x86_64) AppleWebKit/537.36 (KHTML, like Gecko) Chrome/78.0.3904.108 Safari/537.36"
::1 - - [07/Dec/2019:18:15:29 +0700] "POST /M2_SS2_PHP_Monk-eye/Dieu/sum_col_matrix/ HTTP/1.1" 200 716 "http://localhost/M2_SS2_PHP_Monk-eye/Dieu/sum_col_matrix/" "Mozilla/5.0 (X11; Linux x86_64) AppleWebKit/537.36 (KHTML, like Gecko) Chrome/78.0.3904.108 Safari/537.36"
::1 - - [07/Dec/2019:18:15:40 +0700] "POST /M2_SS2_PHP_Monk-eye/Dieu/sum_col_matrix/ HTTP/1.1" 200 724 "http://localhost/M2_SS2_PHP_Monk-eye/Dieu/sum_col_matrix/" "Mozilla/5.0 (X11; Linux x86_64) AppleWebKit/537.36 (KHTML, like Gecko) Chrome/78.0.3904.108 Safari/537.36"
::1 - - [07/Dec/2019:18:16:08 +0700] "POST /M2_SS2_PHP_Monk-eye/Dieu/sum_col_matrix/ HTTP/1.1" 200 724 "http://localhost/M2_SS2_PHP_Monk-eye/Dieu/sum_col_matrix/" "Mozilla/5.0 (X11; Linux x86_64) AppleWebKit/537.36 (KHTML, like Gecko) Chrome/78.0.3904.108 Safari/537.36"
::1 - - [07/Dec/2019:18:16:11 +0700] "POST /M2_SS2_PHP_Monk-eye/Dieu/sum_col_matrix/ HTTP/1.1" 200 723 "http://localhost/M2_SS2_PHP_Monk-eye/Dieu/sum_col_matrix/" "Mozilla/5.0 (X11; Linux x86_64) AppleWebKit/537.36 (KHTML, like Gecko) Chrome/78.0.3904.108 Safari/537.36"
::1 - - [07/Dec/2019:18:16:13 +0700] "POST /M2_SS2_PHP_Monk-eye/Dieu/sum_col_matrix/ HTTP/1.1" 200 723 "http://localhost/M2_SS2_PHP_Monk-eye/Dieu/sum_col_matrix/" "Mozilla/5.0 (X11; Linux x86_64) AppleWebKit/537.36 (KHTML, like Gecko) Chrome/78.0.3904.108 Safari/537.36"
::1 - - [07/Dec/2019:18:16:58 +0700] "GET /M2_SS2_PHP_Monk-eye/Dieu/sum_col_matrix/ HTTP/1.1" 200 604 "-" "Mozilla/5.0 (X11; Linux x86_64) AppleWebKit/537.36 (KHTML, like Gecko) Chrome/78.0.3904.108 Safari/537.36"
::1 - - [07/Dec/2019:18:17:00 +0700] "POST /M2_SS2_PHP_Monk-eye/Dieu/sum_col_matrix/ HTTP/1.1" 200 710 "http://localhost/M2_SS2_PHP_Monk-eye/Dieu/sum_col_matrix/" "Mozilla/5.0 (X11; Linux x86_64) AppleWebKit/537.36 (KHTML, like Gecko) Chrome/78.0.3904.108 Safari/537.36"
::1 - - [07/Dec/2019:18:17:06 +0700] "POST /M2_SS2_PHP_Monk-eye/Dieu/sum_col_matrix/ HTTP/1.1" 200 724 "http://localhost/M2_SS2_PHP_Monk-eye/Dieu/sum_col_matrix/" "Mozilla/5.0 (X11; Linux x86_64) AppleWebKit/537.36 (KHTML, like Gecko) Chrome/78.0.3904.108 Safari/537.36"
::1 - - [07/Dec/2019:18:17:46 +0700] "POST /M2_SS2_PHP_Monk-eye/Dieu/sum_col_matrix/ HTTP/1.1" 200 724 "http://localhost/M2_SS2_PHP_Monk-eye/Dieu/sum_col_matrix/" "Mozilla/5.0 (X11; Linux x86_64) AppleWebKit/537.36 (KHTML, like Gecko) Chrome/78.0.3904.108 Safari/537.36"
::1 - - [07/Dec/2019:18:18:20 +0700] "POST /M2_SS2_PHP_Monk-eye/Dieu/sum_col_matrix/ HTTP/1.1" 200 725 "http://localhost/M2_SS2_PHP_Monk-eye/Dieu/sum_col_matrix/" "Mozilla/5.0 (X11; Linux x86_64) AppleWebKit/537.36 (KHTML, like Gecko) Chrome/78.0.3904.108 Safari/537.36"
::1 - - [07/Dec/2019:18:18:23 +0700] "GET /M2_SS2_PHP_Monk-eye/Dieu/sum_col_matrix/ HTTP/1.1" 200 604 "-" "Mozilla/5.0 (X11; Linux x86_64) AppleWebKit/537.36 (KHTML, like Gecko) Chrome/78.0.3904.108 Safari/537.36"
::1 - - [07/Dec/2019:18:19:07 +0700] "GET /M2_SS2_PHP_Monk-eye/Dieu/sum_col_matrix/ HTTP/1.1" 200 596 "-" "Mozilla/5.0 (X11; Linux x86_64) AppleWebKit/537.36 (KHTML, like Gecko) Chrome/78.0.3904.108 Safari/537.36"
::1 - - [07/Dec/2019:18:19:13 +0700] "POST /M2_SS2_PHP_Monk-eye/Dieu/sum_col_matrix/ HTTP/1.1" 200 683 "http://localhost/M2_SS2_PHP_Monk-eye/Dieu/sum_col_matrix/" "Mozilla/5.0 (X11; Linux x86_64) AppleWebKit/537.36 (KHTML, like Gecko) Chrome/78.0.3904.108 Safari/537.36"
::1 - - [07/Dec/2019:18:19:17 +0700] "POST /M2_SS2_PHP_Monk-eye/Dieu/sum_col_matrix/ HTTP/1.1" 200 691 "http://localhost/M2_SS2_PHP_Monk-eye/Dieu/sum_col_matrix/" "Mozilla/5.0 (X11; Linux x86_64) AppleWebKit/537.36 (KHTML, like Gecko) Chrome/78.0.3904.108 Safari/537.36"
::1 - - [07/Dec/2019:18:19:21 +0700] "POST /M2_SS2_PHP_Monk-eye/Dieu/sum_col_matrix/ HTTP/1.1" 200 707 "http://localhost/M2_SS2_PHP_Monk-eye/Dieu/sum_col_matrix/" "Mozilla/5.0 (X11; Linux x86_64) AppleWebKit/537.36 (KHTML, like Gecko) Chrome/78.0.3904.108 Safari/537.36"
::1 - - [07/Dec/2019:18:19:27 +0700] "POST /M2_SS2_PHP_Monk-eye/Dieu/sum_col_matrix/ HTTP/1.1" 200 724 "http://localhost/M2_SS2_PHP_Monk-eye/Dieu/sum_col_matrix/" "Mozilla/5.0 (X11; Linux x86_64) AppleWebKit/537.36 (KHTML, like Gecko) Chrome/78.0.3904.108 Safari/537.36"
::1 - - [07/Dec/2019:18:20:06 +0700] "POST /M2_SS2_PHP_Monk-eye/Dieu/sum_col_matrix/ HTTP/1.1" 200 718 "http://localhost/M2_SS2_PHP_Monk-eye/Dieu/sum_col_matrix/" "Mozilla/5.0 (X11; Linux x86_64) AppleWebKit/537.36 (KHTML, like Gecko) Chrome/78.0.3904.108 Safari/537.36"
::1 - - [07/Dec/2019:18:20:07 +0700] "POST /M2_SS2_PHP_Monk-eye/Dieu/sum_col_matrix/ HTTP/1.1" 200 717 "http://localhost/M2_SS2_PHP_Monk-eye/Dieu/sum_col_matrix/" "Mozilla/5.0 (X11; Linux x86_64) AppleWebKit/537.36 (KHTML, like Gecko) Chrome/78.0.3904.108 Safari/537.36"
::1 - - [07/Dec/2019:18:20:08 +0700] "POST /M2_SS2_PHP_Monk-eye/Dieu/sum_col_matrix/ HTTP/1.1" 200 717 "http://localhost/M2_SS2_PHP_Monk-eye/Dieu/sum_col_matrix/" "Mozilla/5.0 (X11; Linux x86_64) AppleWebKit/537.36 (KHTML, like Gecko) Chrome/78.0.3904.108 Safari/537.36"
::1 - - [07/Dec/2019:18:20:13 +0700] "POST /M2_SS2_PHP_Monk-eye/Dieu/sum_col_matrix/ HTTP/1.1" 200 726 "http://localhost/M2_SS2_PHP_Monk-eye/Dieu/sum_col_matrix/" "Mozilla/5.0 (X11; Linux x86_64) AppleWebKit/537.36 (KHTML, like Gecko) Chrome/78.0.3904.108 Safari/537.36"
::1 - - [07/Dec/2019:18:21:04 +0700] "-" 408 0 "-" "-"
::1 - - [07/Dec/2019:18:21:36 +0700] "GET /M2_SS2_PHP_Monk-eye/ HTTP/1.1" 200 774 "-" "Mozilla/5.0 (X11; Linux x86_64) AppleWebKit/537.36 (KHTML, like Gecko) Chrome/78.0.3904.108 Safari/537.36"
::1 - - [07/Dec/2019:18:21:38 +0700] "GET /M2_SS2_PHP_Monk-eye/Dieu/ HTTP/1.1" 200 941 "http://localhost/M2_SS2_PHP_Monk-eye/" "Mozilla/5.0 (X11; Linux x86_64) AppleWebKit/537.36 (KHTML, like Gecko) Chrome/78.0.3904.108 Safari/537.36"
::1 - - [07/Dec/2019:18:21:40 +0700] "GET /M2_SS2_PHP_Monk-eye/Dieu/sum_col_matrix/ HTTP/1.1" 200 597 "http://localhost/M2_SS2_PHP_Monk-eye/Dieu/" "Mozilla/5.0 (X11; Linux x86_64) AppleWebKit/537.36 (KHTML, like Gecko) Chrome/78.0.3904.108 Safari/537.36"
::1 - - [07/Dec/2019:18:21:47 +0700] "GET /M2_SS2_PHP_Monk-eye/Dieu HTTP/1.1" 301 604 "-" "Mozilla/5.0 (X11; Linux x86_64) AppleWebKit/537.36 (KHTML, like Gecko) Chrome/78.0.3904.108 Safari/537.36"
::1 - - [07/Dec/2019:18:21:47 +0700] "GET /M2_SS2_PHP_Monk-eye/Dieu/ HTTP/1.1" 200 941 "-" "Mozilla/5.0 (X11; Linux x86_64) AppleWebKit/537.36 (KHTML, like Gecko) Chrome/78.0.3904.108 Safari/537.36"
::1 - - [07/Dec/2019:18:21:49 +0700] "GET /M2_SS2_PHP_Monk-eye/Dieu/sum-matrix/ HTTP/1.1" 500 185 "http://localhost/M2_SS2_PHP_Monk-eye/Dieu/" "Mozilla/5.0 (X11; Linux x86_64) AppleWebKit/537.36 (KHTML, like Gecko) Chrome/78.0.3904.108 Safari/537.36"
::1 - - [07/Dec/2019:18:22:36 +0700] "GET /M2_SS2_PHP_Monk-eye/Dieu/sum-matrix/ HTTP/1.1" 500 185 "-" "Mozilla/5.0 (X11; Linux x86_64) AppleWebKit/537.36 (KHTML, like Gecko) Chrome/78.0.3904.108 Safari/537.36"
::1 - - [07/Dec/2019:18:23:22 +0700] "GET /M2_SS2_PHP_Monk-eye/Dieu/sum-matrix/ HTTP/1.1" 200 595 "-" "Mozilla/5.0 (X11; Linux x86_64) AppleWebKit/537.36 (KHTML, like Gecko) Chrome/78.0.3904.108 Safari/537.36"
::1 - - [07/Dec/2019:18:23:25 +0700] "POST /M2_SS2_PHP_Monk-eye/Dieu/sum-matrix/ HTTP/1.1" 200 689 "http://localhost/M2_SS2_PHP_Monk-eye/Dieu/sum-matrix/" "Mozilla/5.0 (X11; Linux x86_64) AppleWebKit/537.36 (KHTML, like Gecko) Chrome/78.0.3904.108 Safari/537.36"
::1 - - [07/Dec/2019:18:23:31 +0700] "POST /M2_SS2_PHP_Monk-eye/Dieu/sum-matrix/ HTTP/1.1" 200 702 "http://localhost/M2_SS2_PHP_Monk-eye/Dieu/sum-matrix/" "Mozilla/5.0 (X11; Linux x86_64) AppleWebKit/537.36 (KHTML, like Gecko) Chrome/78.0.3904.108 Safari/537.36"
::1 - - [07/Dec/2019:18:24:00 +0700] "POST /M2_SS2_PHP_Monk-eye/Dieu/sum-matrix/ HTTP/1.1" 200 702 "http://localhost/M2_SS2_PHP_Monk-eye/Dieu/sum-matrix/" "Mozilla/5.0 (X11; Linux x86_64) AppleWebKit/537.36 (KHTML, like Gecko) Chrome/78.0.3904.108 Safari/537.36"
::1 - - [07/Dec/2019:19:06:28 +0700] "GET /M2_SS2_PHP_Monk-eye/ HTTP/1.1" 200 774 "-" "Mozilla/5.0 (X11; Linux x86_64) AppleWebKit/537.36 (KHTML, like Gecko) Chrome/78.0.3904.108 Safari/537.36"
::1 - - [07/Dec/2019:19:06:30 +0700] "GET /M2_SS2_PHP_Monk-eye/Dieu/ HTTP/1.1" 200 961 "http://localhost/M2_SS2_PHP_Monk-eye/" "Mozilla/5.0 (X11; Linux x86_64) AppleWebKit/537.36 (KHTML, like Gecko) Chrome/78.0.3904.108 Safari/537.36"
::1 - - [07/Dec/2019:19:06:33 +0700] "GET /M2_SS2_PHP_Monk-eye/Dieu/invalid_index/ HTTP/1.1" 500 185 "http://localhost/M2_SS2_PHP_Monk-eye/Dieu/" "Mozilla/5.0 (X11; Linux x86_64) AppleWebKit/537.36 (KHTML, like Gecko) Chrome/78.0.3904.108 Safari/537.36"
::1 - - [07/Dec/2019:19:07:19 +0700] "-" 408 0 "-" "-"
::1 - - [07/Dec/2019:19:07:25 +0700] "-" 408 0 "-" "-"
::1 - - [07/Dec/2019:19:09:02 +0700] "GET /M2_SS2_PHP_Monk-eye/Dieu/invalid_index/ HTTP/1.1" 500 185 "-" "Mozilla/5.0 (X11; Linux x86_64) AppleWebKit/537.36 (KHTML, like Gecko) Chrome/78.0.3904.108 Safari/537.36"
::1 - - [07/Dec/2019:19:09:54 +0700] "-" 408 0 "-" "-"
::1 - - [07/Dec/2019:19:09:54 +0700] "-" 408 0 "-" "-"
::1 - - [07/Dec/2019:19:10:32 +0700] "GET /M2_SS2_PHP_Monk-eye/Dieu/invalid_index/ HTTP/1.1" 500 185 "-" "Mozilla/5.0 (X11; Linux x86_64) AppleWebKit/537.36 (KHTML, like Gecko) Chrome/78.0.3904.108 Safari/537.36"
::1 - - [07/Dec/2019:19:10:32 +0700] "GET /M2_SS2_PHP_Monk-eye/Dieu/invalid_index/ HTTP/1.1" 500 185 "-" "Mozilla/5.0 (X11; Linux x86_64) AppleWebKit/537.36 (KHTML, like Gecko) Chrome/78.0.3904.108 Safari/537.36"
::1 - - [07/Dec/2019:19:11:19 +0700] "GET /M2_SS2_PHP_Monk-eye/Dieu/invalid_index/ HTTP/1.1" 200 232 "-" "Mozilla/5.0 (X11; Linux x86_64) AppleWebKit/537.36 (KHTML, like Gecko) Chrome/78.0.3904.108 Safari/537.36"
::1 - - [07/Dec/2019:19:11:51 +0700] "GET /M2_SS2_PHP_Monk-eye/Dieu/invalid_index/ HTTP/1.1" 200 1176 "-" "Mozilla/5.0 (X11; Linux x86_64) AppleWebKit/537.36 (KHTML, like Gecko) Chrome/78.0.3904.108 Safari/537.36"
::1 - - [07/Dec/2019:19:12:43 +0700] "-" 408 0 "-" "-"
::1 - - [07/Dec/2019:19:13:23 +0700] "GET /M2_SS2_PHP_Monk-eye/Dieu/invalid_index/ HTTP/1.1" 200 1183 "-" "Mozilla/5.0 (X11; Linux x86_64) AppleWebKit/537.36 (KHTML, like Gecko) Chrome/78.0.3904.108 Safari/537.36"
::1 - - [07/Dec/2019:19:13:26 +0700] "GET /M2_SS2_PHP_Monk-eye/Dieu/invalid_index/ HTTP/1.1" 200 1174 "-" "Mozilla/5.0 (X11; Linux x86_64) AppleWebKit/537.36 (KHTML, like Gecko) Chrome/78.0.3904.108 Safari/537.36"
::1 - - [07/Dec/2019:19:13:27 +0700] "GET /M2_SS2_PHP_Monk-eye/Dieu/invalid_index/ HTTP/1.1" 200 1170 "-" "Mozilla/5.0 (X11; Linux x86_64) AppleWebKit/537.36 (KHTML, like Gecko) Chrome/78.0.3904.108 Safari/537.36"
::1 - - [07/Dec/2019:19:13:30 +0700] "GET /M2_SS2_PHP_Monk-eye/Dieu/invalid_index/ HTTP/1.1" 200 1173 "-" "Mozilla/5.0 (X11; Linux x86_64) AppleWebKit/537.36 (KHTML, like Gecko) Chrome/78.0.3904.108 Safari/537.36"
::1 - - [07/Dec/2019:19:13:43 +0700] "GET /M2_SS2_PHP_Monk-eye/Dieu/invalid_index/ HTTP/1.1" 200 1153 "-" "Mozilla/5.0 (X11; Linux x86_64) AppleWebKit/537.36 (KHTML, like Gecko) Chrome/78.0.3904.108 Safari/537.36"
::1 - - [07/Dec/2019:19:13:53 +0700] "GET /M2_SS2_PHP_Monk-eye/Dieu/invalid_index/ HTTP/1.1" 200 214 "-" "Mozilla/5.0 (X11; Linux x86_64) AppleWebKit/537.36 (KHTML, like Gecko) Chrome/78.0.3904.108 Safari/537.36"
::1 - - [07/Dec/2019:19:13:57 +0700] "GET /M2_SS2_PHP_Monk-eye/Dieu/invalid_index/ HTTP/1.1" 200 213 "-" "Mozilla/5.0 (X11; Linux x86_64) AppleWebKit/537.36 (KHTML, like Gecko) Chrome/78.0.3904.108 Safari/537.36"
::1 - - [07/Dec/2019:19:13:57 +0700] "GET /M2_SS2_PHP_Monk-eye/Dieu/invalid_index/ HTTP/1.1" 200 213 "-" "Mozilla/5.0 (X11; Linux x86_64) AppleWebKit/537.36 (KHTML, like Gecko) Chrome/78.0.3904.108 Safari/537.36"
::1 - - [07/Dec/2019:19:13:58 +0700] "GET /M2_SS2_PHP_Monk-eye/Dieu/invalid_index/ HTTP/1.1" 200 211 "-" "Mozilla/5.0 (X11; Linux x86_64) AppleWebKit/537.36 (KHTML, like Gecko) Chrome/78.0.3904.108 Safari/537.36"
::1 - - [07/Dec/2019:19:13:58 +0700] "GET /M2_SS2_PHP_Monk-eye/Dieu/invalid_index/ HTTP/1.1" 200 213 "-" "Mozilla/5.0 (X11; Linux x86_64) AppleWebKit/537.36 (KHTML, like Gecko) Chrome/78.0.3904.108 Safari/537.36"
::1 - - [07/Dec/2019:19:14:45 +0700] "-" 408 0 "-" "-"
::1 - - [07/Dec/2019:19:30:03 +0700] "GET /M2_SS2_PHP_Monk-eye/ HTTP/1.1" 200 774 "-" "Mozilla/5.0 (X11; Linux x86_64) AppleWebKit/537.36 (KHTML, like Gecko) Chrome/78.0.3904.108 Safari/537.36"
::1 - - [07/Dec/2019:19:30:05 +0700] "GET /M2_SS2_PHP_Monk-eye/Dieu/ HTTP/1.1" 200 961 "http://localhost/M2_SS2_PHP_Monk-eye/" "Mozilla/5.0 (X11; Linux x86_64) AppleWebKit/537.36 (KHTML, like Gecko) Chrome/78.0.3904.108 Safari/537.36"
::1 - - [07/Dec/2019:19:30:08 +0700] "GET /M2_SS2_PHP_Monk-eye/Dieu/sum_col_matrix/ HTTP/1.1" 200 597 "http://localhost/M2_SS2_PHP_Monk-eye/Dieu/" "Mozilla/5.0 (X11; Linux x86_64) AppleWebKit/537.36 (KHTML, like Gecko) Chrome/78.0.3904.108 Safari/537.36"
::1 - - [07/Dec/2019:19:30:23 +0700] "GET /M2_SS2_PHP_Monk-eye/ HTTP/1.1" 200 774 "-" "Mozilla/5.0 (X11; Linux x86_64) AppleWebKit/537.36 (KHTML, like Gecko) Chrome/78.0.3904.108 Safari/537.36"
::1 - - [07/Dec/2019:19:30:41 +0700] "GET /M2_SS2_PHP_Monk-eye/Dieu/ HTTP/1.1" 200 962 "http://localhost/M2_SS2_PHP_Monk-eye/" "Mozilla/5.0 (X11; Linux x86_64) AppleWebKit/537.36 (KHTML, like Gecko) Chrome/78.0.3904.108 Safari/537.36"
::1 - - [07/Dec/2019:19:30:46 +0700] "GET /M2_SS2_PHP_Monk-eye/Dieu/invalid_index/ HTTP/1.1" 200 516 "http://localhost/M2_SS2_PHP_Monk-eye/Dieu/" "Mozilla/5.0 (X11; Linux x86_64) AppleWebKit/537.36 (KHTML, like Gecko) Chrome/78.0.3904.108 Safari/537.36"
::1 - - [07/Dec/2019:19:30:51 +0700] "POST /M2_SS2_PHP_Monk-eye/Dieu/invalid_index/ HTTP/1.1" 200 519 "http://localhost/M2_SS2_PHP_Monk-eye/Dieu/invalid_index/" "Mozilla/5.0 (X11; Linux x86_64) AppleWebKit/537.36 (KHTML, like Gecko) Chrome/78.0.3904.108 Safari/537.36"
::1 - - [07/Dec/2019:19:30:55 +0700] "POST /M2_SS2_PHP_Monk-eye/Dieu/invalid_index/ HTTP/1.1" 200 518 "http://localhost/M2_SS2_PHP_Monk-eye/Dieu/invalid_index/" "Mozilla/5.0 (X11; Linux x86_64) AppleWebKit/537.36 (KHTML, like Gecko) Chrome/78.0.3904.108 Safari/537.36"
::1 - - [07/Dec/2019:19:30:56 +0700] "POST /M2_SS2_PHP_Monk-eye/Dieu/invalid_index/ HTTP/1.1" 200 518 "http://localhost/M2_SS2_PHP_Monk-eye/Dieu/invalid_index/" "Mozilla/5.0 (X11; Linux x86_64) AppleWebKit/537.36 (KHTML, like Gecko) Chrome/78.0.3904.108 Safari/537.36"
::1 - - [07/Dec/2019:19:30:59 +0700] "POST /M2_SS2_PHP_Monk-eye/Dieu/invalid_index/ HTTP/1.1" 200 518 "http://localhost/M2_SS2_PHP_Monk-eye/Dieu/invalid_index/" "Mozilla/5.0 (X11; Linux x86_64) AppleWebKit/537.36 (KHTML, like Gecko) Chrome/78.0.3904.108 Safari/537.36"
::1 - - [07/Dec/2019:19:31:33 +0700] "POST /M2_SS2_PHP_Monk-eye/Dieu/invalid_index/ HTTP/1.1" 200 519 "http://localhost/M2_SS2_PHP_Monk-eye/Dieu/invalid_index/" "Mozilla/5.0 (X11; Linux x86_64) AppleWebKit/537.36 (KHTML, like Gecko) Chrome/78.0.3904.108 Safari/537.36"
::1 - - [07/Dec/2019:19:31:37 +0700] "POST /M2_SS2_PHP_Monk-eye/Dieu/invalid_index/ HTTP/1.1" 200 518 "http://localhost/M2_SS2_PHP_Monk-eye/Dieu/invalid_index/" "Mozilla/5.0 (X11; Linux x86_64) AppleWebKit/537.36 (KHTML, like Gecko) Chrome/78.0.3904.108 Safari/537.36"
::1 - - [07/Dec/2019:19:31:39 +0700] "POST /M2_SS2_PHP_Monk-eye/Dieu/invalid_index/ HTTP/1.1" 200 518 "http://localhost/M2_SS2_PHP_Monk-eye/Dieu/invalid_index/" "Mozilla/5.0 (X11; Linux x86_64) AppleWebKit/537.36 (KHTML, like Gecko) Chrome/78.0.3904.108 Safari/537.36"
::1 - - [07/Dec/2019:19:31:41 +0700] "POST /M2_SS2_PHP_Monk-eye/Dieu/invalid_index/ HTTP/1.1" 200 518 "http://localhost/M2_SS2_PHP_Monk-eye/Dieu/invalid_index/" "Mozilla/5.0 (X11; Linux x86_64) AppleWebKit/537.36 (KHTML, like Gecko) Chrome/78.0.3904.108 Safari/537.36"
::1 - - [07/Dec/2019:19:31:43 +0700] "POST /M2_SS2_PHP_Monk-eye/Dieu/invalid_index/ HTTP/1.1" 200 519 "http://localhost/M2_SS2_PHP_Monk-eye/Dieu/invalid_index/" "Mozilla/5.0 (X11; Linux x86_64) AppleWebKit/537.36 (KHTML, like Gecko) Chrome/78.0.3904.108 Safari/537.36"
::1 - - [07/Dec/2019:19:31:45 +0700] "POST /M2_SS2_PHP_Monk-eye/Dieu/invalid_index/ HTTP/1.1" 200 519 "http://localhost/M2_SS2_PHP_Monk-eye/Dieu/invalid_index/" "Mozilla/5.0 (X11; Linux x86_64) AppleWebKit/537.36 (KHTML, like Gecko) Chrome/78.0.3904.108 Safari/537.36"
::1 - - [07/Dec/2019:19:32:37 +0700] "-" 408 0 "-" "-"
::1 - - [07/Dec/2019:19:32:52 +0700] "POST /M2_SS2_PHP_Monk-eye/Dieu/invalid_index/ HTTP/1.1" 200 534 "http://localhost/M2_SS2_PHP_Monk-eye/Dieu/invalid_index/" "Mozilla/5.0 (X11; Linux x86_64) AppleWebKit/537.36 (KHTML, like Gecko) Chrome/78.0.3904.108 Safari/537.36"
::1 - - [07/Dec/2019:19:32:54 +0700] "POST /M2_SS2_PHP_Monk-eye/Dieu/invalid_index/ HTTP/1.1" 200 533 "http://localhost/M2_SS2_PHP_Monk-eye/Dieu/invalid_index/" "Mozilla/5.0 (X11; Linux x86_64) AppleWebKit/537.36 (KHTML, like Gecko) Chrome/78.0.3904.108 Safari/537.36"
::1 - - [07/Dec/2019:19:32:56 +0700] "POST /M2_SS2_PHP_Monk-eye/Dieu/invalid_index/ HTTP/1.1" 200 533 "http://localhost/M2_SS2_PHP_Monk-eye/Dieu/invalid_index/" "Mozilla/5.0 (X11; Linux x86_64) AppleWebKit/537.36 (KHTML, like Gecko) Chrome/78.0.3904.108 Safari/537.36"
::1 - - [07/Dec/2019:19:33:30 +0700] "POST /M2_SS2_PHP_Monk-eye/Dieu/invalid_index/ HTTP/1.1" 200 548 "http://localhost/M2_SS2_PHP_Monk-eye/Dieu/invalid_index/" "Mozilla/5.0 (X11; Linux x86_64) AppleWebKit/537.36 (KHTML, like Gecko) Chrome/78.0.3904.108 Safari/537.36"
::1 - - [07/Dec/2019:19:33:58 +0700] "POST /M2_SS2_PHP_Monk-eye/Dieu/invalid_index/ HTTP/1.1" 200 971 "http://localhost/M2_SS2_PHP_Monk-eye/Dieu/invalid_index/" "Mozilla/5.0 (X11; Linux x86_64) AppleWebKit/537.36 (KHTML, like Gecko) Chrome/78.0.3904.108 Safari/537.36"
::1 - - [07/Dec/2019:19:34:09 +0700] "POST /M2_SS2_PHP_Monk-eye/Dieu/invalid_index/ HTTP/1.1" 200 968 "http://localhost/M2_SS2_PHP_Monk-eye/Dieu/invalid_index/" "Mozilla/5.0 (X11; Linux x86_64) AppleWebKit/537.36 (KHTML, like Gecko) Chrome/78.0.3904.108 Safari/537.36"
::1 - - [07/Dec/2019:19:34:17 +0700] "POST /M2_SS2_PHP_Monk-eye/Dieu/invalid_index/ HTTP/1.1" 200 964 "http://localhost/M2_SS2_PHP_Monk-eye/Dieu/invalid_index/" "Mozilla/5.0 (X11; Linux x86_64) AppleWebKit/537.36 (KHTML, like Gecko) Chrome/78.0.3904.108 Safari/537.36"
::1 - - [07/Dec/2019:19:35:08 +0700] "-" 408 0 "-" "-"
::1 - - [07/Dec/2019:19:38:40 +0700] "POST /M2_SS2_PHP_Monk-eye/Dieu/invalid_index/ HTTP/1.1" 200 983 "http://localhost/M2_SS2_PHP_Monk-eye/Dieu/invalid_index/" "Mozilla/5.0 (X11; Linux x86_64) AppleWebKit/537.36 (KHTML, like Gecko) Chrome/78.0.3904.108 Safari/537.36"
::1 - - [07/Dec/2019:19:38:44 +0700] "POST /M2_SS2_PHP_Monk-eye/Dieu/invalid_index/ HTTP/1.1" 200 978 "http://localhost/M2_SS2_PHP_Monk-eye/Dieu/invalid_index/" "Mozilla/5.0 (X11; Linux x86_64) AppleWebKit/537.36 (KHTML, like Gecko) Chrome/78.0.3904.108 Safari/537.36"
::1 - - [07/Dec/2019:19:38:52 +0700] "POST /M2_SS2_PHP_Monk-eye/Dieu/invalid_index/ HTTP/1.1" 200 983 "http://localhost/M2_SS2_PHP_Monk-eye/Dieu/invalid_index/" "Mozilla/5.0 (X11; Linux x86_64) AppleWebKit/537.36 (KHTML, like Gecko) Chrome/78.0.3904.108 Safari/537.36"
::1 - - [07/Dec/2019:19:38:59 +0700] "POST /M2_SS2_PHP_Monk-eye/Dieu/invalid_index/ HTTP/1.1" 200 992 "http://localhost/M2_SS2_PHP_Monk-eye/Dieu/invalid_index/" "Mozilla/5.0 (X11; Linux x86_64) AppleWebKit/537.36 (KHTML, like Gecko) Chrome/78.0.3904.108 Safari/537.36"
::1 - - [07/Dec/2019:19:39:07 +0700] "POST /M2_SS2_PHP_Monk-eye/Dieu/invalid_index/ HTTP/1.1" 200 980 "http://localhost/M2_SS2_PHP_Monk-eye/Dieu/invalid_index/" "Mozilla/5.0 (X11; Linux x86_64) AppleWebKit/537.36 (KHTML, like Gecko) Chrome/78.0.3904.108 Safari/537.36"
::1 - - [07/Dec/2019:19:39:58 +0700] "-" 408 0 "-" "-"
::1 - - [07/Dec/2019:19:40:20 +0700] "POST /M2_SS2_PHP_Monk-eye/Dieu/invalid_index/ HTTP/1.1" 200 1009 "http://localhost/M2_SS2_PHP_Monk-eye/Dieu/invalid_index/" "Mozilla/5.0 (X11; Linux x86_64) AppleWebKit/537.36 (KHTML, like Gecko) Chrome/78.0.3904.108 Safari/537.36"
::1 - - [07/Dec/2019:19:41:12 +0700] "-" 408 0 "-" "-"
::1 - - [07/Dec/2019:19:41:14 +0700] "POST /M2_SS2_PHP_Monk-eye/Dieu/invalid_index/ HTTP/1.1" 200 983 "http://localhost/M2_SS2_PHP_Monk-eye/Dieu/invalid_index/" "Mozilla/5.0 (X11; Linux x86_64) AppleWebKit/537.36 (KHTML, like Gecko) Chrome/78.0.3904.108 Safari/537.36"
::1 - - [07/Dec/2019:19:41:21 +0700] "POST /M2_SS2_PHP_Monk-eye/Dieu/invalid_index/ HTTP/1.1" 200 983 "http://localhost/M2_SS2_PHP_Monk-eye/Dieu/invalid_index/" "Mozilla/5.0 (X11; Linux x86_64) AppleWebKit/537.36 (KHTML, like Gecko) Chrome/78.0.3904.108 Safari/537.36"
::1 - - [07/Dec/2019:19:44:32 +0700] "POST /M2_SS2_PHP_Monk-eye/Dieu/invalid_index/ HTTP/1.1" 200 987 "http://localhost/M2_SS2_PHP_Monk-eye/Dieu/invalid_index/" "Mozilla/5.0 (X11; Linux x86_64) AppleWebKit/537.36 (KHTML, like Gecko) Chrome/78.0.3904.108 Safari/537.36"
::1 - - [07/Dec/2019:19:44:47 +0700] "POST /M2_SS2_PHP_Monk-eye/Dieu/invalid_index/ HTTP/1.1" 200 986 "http://localhost/M2_SS2_PHP_Monk-eye/Dieu/invalid_index/" "Mozilla/5.0 (X11; Linux x86_64) AppleWebKit/537.36 (KHTML, like Gecko) Chrome/78.0.3904.108 Safari/537.36"
::1 - - [07/Dec/2019:19:45:38 +0700] "-" 408 0 "-" "-"
