[Sat Dec 07 00:09:17.687705 2019] [mpm_prefork:notice] [pid 1110] AH00163: Apache/2.4.29 (Ubuntu) configured -- resuming normal operations
[Sat Dec 07 00:09:17.687752 2019] [core:notice] [pid 1110] AH00094: Command line: '/usr/sbin/apache2'
[Sat Dec 07 00:23:00.617373 2019] [mpm_prefork:notice] [pid 1110] AH00169: caught SIGTERM, shutting down
[Sat Dec 07 11:20:43.181220 2019] [mpm_prefork:notice] [pid 1080] AH00163: Apache/2.4.29 (Ubuntu) configured -- resuming normal operations
[Sat Dec 07 11:20:43.233757 2019] [core:notice] [pid 1080] AH00094: Command line: '/usr/sbin/apache2'
[Sat Dec 07 13:08:21.026262 2019] [php7:error] [pid 1085] [client ::1:34878] PHP Fatal error:  Uncaught ArgumentCountError: Too few arguments to function Point2D::__construct(), 0 passed in /var/www/html/M2_SS5_PHP_Monk-eye/Dieu/Pint2d_point_3D/index.php on line 5 and exactly 2 expected in /var/www/html/M2_SS5_PHP_Monk-eye/Dieu/Pint2d_point_3D/class/Point2D.php:9\nStack trace:\n#0 /var/www/html/M2_SS5_PHP_Monk-eye/Dieu/Pint2d_point_3D/index.php(5): Point2D->__construct()\n#1 {main}\n  thrown in /var/www/html/M2_SS5_PHP_Monk-eye/Dieu/Pint2d_point_3D/class/Point2D.php on line 9, referer: http://localhost/M2_SS5_PHP_Monk-eye/Dieu/
[Sat Dec 07 14:33:04.860513 2019] [php7:error] [pid 1084] [client ::1:35068] PHP Fatal error:  Uncaught ArgumentCountError: Too few arguments to function Point::__construct(), 0 passed in /var/www/html/M2_SS5_PHP_Monk-eye/Dieu/Point_and_moveablePoint/index.php on line 5 and exactly 2 expected in /var/www/html/M2_SS5_PHP_Monk-eye/Dieu/Point_and_moveablePoint/class/Point.php:9\nStack trace:\n#0 /var/www/html/M2_SS5_PHP_Monk-eye/Dieu/Point_and_moveablePoint/index.php(5): Point->__construct()\n#1 {main}\n  thrown in /var/www/html/M2_SS5_PHP_Monk-eye/Dieu/Point_and_moveablePoint/class/Point.php on line 9, referer: http://localhost/M2_SS5_PHP_Monk-eye/Dieu/
[Sat Dec 07 14:34:56.261547 2019] [php7:error] [pid 5758] [client ::1:35074] PHP Fatal error:  Uncaught ArgumentCountError: Too few arguments to function Point::__construct(), 0 passed in /var/www/html/M2_SS5_PHP_Monk-eye/Dieu/Point_and_moveablePoint/index.php on line 5 and exactly 2 expected in /var/www/html/M2_SS5_PHP_Monk-eye/Dieu/Point_and_moveablePoint/class/Point.php:9\nStack trace:\n#0 /var/www/html/M2_SS5_PHP_Monk-eye/Dieu/Point_and_moveablePoint/index.php(5): Point->__construct()\n#1 {main}\n  thrown in /var/www/html/M2_SS5_PHP_Monk-eye/Dieu/Point_and_moveablePoint/class/Point.php on line 9, referer: http://localhost/M2_SS5_PHP_Monk-eye/Dieu/
[Sat Dec 07 14:34:56.885319 2019] [php7:error] [pid 1082] [client ::1:35076] PHP Fatal error:  Uncaught ArgumentCountError: Too few arguments to function Point::__construct(), 0 passed in /var/www/html/M2_SS5_PHP_Monk-eye/Dieu/Point_and_moveablePoint/index.php on line 5 and exactly 2 expected in /var/www/html/M2_SS5_PHP_Monk-eye/Dieu/Point_and_moveablePoint/class/Point.php:9\nStack trace:\n#0 /var/www/html/M2_SS5_PHP_Monk-eye/Dieu/Point_and_moveablePoint/index.php(5): Point->__construct()\n#1 {main}\n  thrown in /var/www/html/M2_SS5_PHP_Monk-eye/Dieu/Point_and_moveablePoint/class/Point.php on line 9, referer: http://localhost/M2_SS5_PHP_Monk-eye/Dieu/
[Sat Dec 07 14:35:27.151772 2019] [php7:notice] [pid 8887] [client ::1:35082] PHP Notice:  Array to string conversion in /var/www/html/M2_SS5_PHP_Monk-eye/Dieu/Point_and_moveablePoint/index.php on line 11, referer: http://localhost/M2_SS5_PHP_Monk-eye/Dieu/
[Sat Dec 07 14:38:47.592449 2019] [php7:notice] [pid 1086] [client ::1:35092] PHP Notice:  Array to string conversion in /var/www/html/M2_SS5_PHP_Monk-eye/Dieu/Point_and_moveablePoint/index.php on line 15, referer: http://localhost/M2_SS5_PHP_Monk-eye/Dieu/
[Sat Dec 07 14:45:22.757591 2019] [php7:error] [pid 1082] [client ::1:35108] PHP Fatal error:  Uncaught ArgumentCountError: Too few arguments to function Point2D::__construct(), 0 passed in /var/www/html/M2_SS5_PHP_Monk-eye/Dieu/Pint2d_point_3D/index.php on line 5 and exactly 2 expected in /var/www/html/M2_SS5_PHP_Monk-eye/Dieu/Pint2d_point_3D/class/Point2D.php:10\nStack trace:\n#0 /var/www/html/M2_SS5_PHP_Monk-eye/Dieu/Pint2d_point_3D/index.php(5): Point2D->__construct()\n#1 {main}\n  thrown in /var/www/html/M2_SS5_PHP_Monk-eye/Dieu/Pint2d_point_3D/class/Point2D.php on line 10, referer: http://localhost/M2_SS5_PHP_Monk-eye/Dieu/
[Sat Dec 07 14:45:24.875846 2019] [php7:error] [pid 1083] [client ::1:35110] PHP Fatal error:  Uncaught ArgumentCountError: Too few arguments to function Point2D::__construct(), 0 passed in /var/www/html/M2_SS5_PHP_Monk-eye/Dieu/Pint2d_point_3D/index.php on line 5 and exactly 2 expected in /var/www/html/M2_SS5_PHP_Monk-eye/Dieu/Pint2d_point_3D/class/Point2D.php:10\nStack trace:\n#0 /var/www/html/M2_SS5_PHP_Monk-eye/Dieu/Pint2d_point_3D/index.php(5): Point2D->__construct()\n#1 {main}\n  thrown in /var/www/html/M2_SS5_PHP_Monk-eye/Dieu/Pint2d_point_3D/class/Point2D.php on line 10
[Sat Dec 07 14:45:25.521867 2019] [php7:error] [pid 1084] [client ::1:35112] PHP Fatal error:  Uncaught ArgumentCountError: Too few arguments to function Point2D::__construct(), 0 passed in /var/www/html/M2_SS5_PHP_Monk-eye/Dieu/Pint2d_point_3D/index.php on line 5 and exactly 2 expected in /var/www/html/M2_SS5_PHP_Monk-eye/Dieu/Pint2d_point_3D/class/Point2D.php:10\nStack trace:\n#0 /var/www/html/M2_SS5_PHP_Monk-eye/Dieu/Pint2d_point_3D/index.php(5): Point2D->__construct()\n#1 {main}\n  thrown in /var/www/html/M2_SS5_PHP_Monk-eye/Dieu/Pint2d_point_3D/class/Point2D.php on line 10
[Sat Dec 07 14:46:52.427304 2019] [php7:warn] [pid 1086] [client ::1:35120] PHP Warning:  Declaration of Point3D::__construct1($x, $y, $z) should be compatible with Point2D::__construct1($x, $y) in /var/www/html/M2_SS5_PHP_Monk-eye/Dieu/Pint2d_point_3D/class/Point3D.php on line 48
[Sat Dec 07 14:48:30.192313 2019] [php7:warn] [pid 1082] [client ::1:35124] PHP Warning:  Declaration of Point3D::__construct1($x, $y, $z) should be compatible with Point2D::__construct1($x, $y) in /var/www/html/M2_SS5_PHP_Monk-eye/Dieu/Pint2d_point_3D/class/Point3D.php on line 0
[Sat Dec 07 14:48:52.644174 2019] [php7:warn] [pid 1084] [client ::1:35128] PHP Warning:  Declaration of Point3D::__construct1($x, $y, $z) should be compatible with Point2D::__construct1($x, $y) in /var/www/html/M2_SS5_PHP_Monk-eye/Dieu/Pint2d_point_3D/class/Point3D.php on line 0
[Sat Dec 07 14:48:53.549606 2019] [php7:warn] [pid 1084] [client ::1:35128] PHP Warning:  Declaration of Point3D::__construct1($x, $y, $z) should be compatible with Point2D::__construct1($x, $y) in /var/www/html/M2_SS5_PHP_Monk-eye/Dieu/Pint2d_point_3D/class/Point3D.php on line 0
[Sat Dec 07 14:48:53.876981 2019] [php7:warn] [pid 1084] [client ::1:35128] PHP Warning:  Declaration of Point3D::__construct1($x, $y, $z) should be compatible with Point2D::__construct1($x, $y) in /var/www/html/M2_SS5_PHP_Monk-eye/Dieu/Pint2d_point_3D/class/Point3D.php on line 0
[Sat Dec 07 14:48:54.157516 2019] [php7:warn] [pid 1084] [client ::1:35128] PHP Warning:  Declaration of Point3D::__construct1($x, $y, $z) should be compatible with Point2D::__construct1($x, $y) in /var/www/html/M2_SS5_PHP_Monk-eye/Dieu/Pint2d_point_3D/class/Point3D.php on line 0
[Sat Dec 07 14:48:54.519585 2019] [php7:warn] [pid 1084] [client ::1:35128] PHP Warning:  Declaration of Point3D::__construct1($x, $y, $z) should be compatible with Point2D::__construct1($x, $y) in /var/www/html/M2_SS5_PHP_Monk-eye/Dieu/Pint2d_point_3D/class/Point3D.php on line 0
[Sat Dec 07 14:52:43.322256 2019] [php7:error] [pid 1085] [client ::1:35146] PHP Fatal error:  Uncaught ArgumentCountError: Too few arguments to function Point2D::__construct(), 0 passed in /var/www/html/M2_SS5_PHP_Monk-eye/Dieu/Pint2d_point_3D/index.php on line 5 and exactly 2 expected in /var/www/html/M2_SS5_PHP_Monk-eye/Dieu/Pint2d_point_3D/class/Point2D.php:10\nStack trace:\n#0 /var/www/html/M2_SS5_PHP_Monk-eye/Dieu/Pint2d_point_3D/index.php(5): Point2D->__construct()\n#1 {main}\n  thrown in /var/www/html/M2_SS5_PHP_Monk-eye/Dieu/Pint2d_point_3D/class/Point2D.php on line 10
[Sat Dec 07 14:52:44.506525 2019] [php7:error] [pid 1086] [client ::1:35148] PHP Fatal error:  Uncaught ArgumentCountError: Too few arguments to function Point2D::__construct(), 0 passed in /var/www/html/M2_SS5_PHP_Monk-eye/Dieu/Pint2d_point_3D/index.php on line 5 and exactly 2 expected in /var/www/html/M2_SS5_PHP_Monk-eye/Dieu/Pint2d_point_3D/class/Point2D.php:10\nStack trace:\n#0 /var/www/html/M2_SS5_PHP_Monk-eye/Dieu/Pint2d_point_3D/index.php(5): Point2D->__construct()\n#1 {main}\n  thrown in /var/www/html/M2_SS5_PHP_Monk-eye/Dieu/Pint2d_point_3D/class/Point2D.php on line 10
[Sat Dec 07 15:15:25.415207 2019] [php7:error] [pid 1083] [client ::1:35324] PHP Fatal error:  Uncaught ArgumentCountError: Too few arguments to function Triangle::__construct(), 0 passed in /var/www/html/M2_SS5_PHP_Monk-eye/Dieu/Triangle/index.php on line 4 and exactly 3 expected in /var/www/html/M2_SS5_PHP_Monk-eye/Dieu/Triangle/class/Triangle.php:15\nStack trace:\n#0 /var/www/html/M2_SS5_PHP_Monk-eye/Dieu/Triangle/index.php(4): Triangle->__construct()\n#1 {main}\n  thrown in /var/www/html/M2_SS5_PHP_Monk-eye/Dieu/Triangle/class/Triangle.php on line 15, referer: http://localhost/M2_SS5_PHP_Monk-eye/Dieu/
[Sat Dec 07 16:20:58.103892 2019] [php7:notice] [pid 1086] [client ::1:35636] PHP Notice:  Undefined offset: 0 in /var/www/html/M2_SS5_PHP_Monk-eye/Dieu/Triangle/index.php on line 6, referer: http://localhost/M2_SS5_PHP_Monk-eye/Dieu/
[Sat Dec 07 16:21:29.368004 2019] [php7:notice] [pid 1082] [client ::1:35642] PHP Notice:  Undefined offset: 0 in /var/www/html/M2_SS5_PHP_Monk-eye/Dieu/Triangle/index.php on line 6, referer: http://localhost/M2_SS5_PHP_Monk-eye/Dieu/
[Sat Dec 07 16:21:30.092697 2019] [php7:notice] [pid 1082] [client ::1:35642] PHP Notice:  Undefined offset: 0 in /var/www/html/M2_SS5_PHP_Monk-eye/Dieu/Triangle/index.php on line 6, referer: http://localhost/M2_SS5_PHP_Monk-eye/Dieu/
[Sat Dec 07 16:21:30.668196 2019] [php7:notice] [pid 1082] [client ::1:35642] PHP Notice:  Undefined offset: 0 in /var/www/html/M2_SS5_PHP_Monk-eye/Dieu/Triangle/index.php on line 6, referer: http://localhost/M2_SS5_PHP_Monk-eye/Dieu/
[Sat Dec 07 16:21:31.620959 2019] [php7:notice] [pid 1082] [client ::1:35642] PHP Notice:  Undefined offset: 0 in /var/www/html/M2_SS5_PHP_Monk-eye/Dieu/Triangle/index.php on line 6, referer: http://localhost/M2_SS5_PHP_Monk-eye/Dieu/
[Sat Dec 07 16:22:34.385668 2019] [php7:notice] [pid 8887] [client ::1:35652] PHP Notice:  Undefined offset: 0 in /var/www/html/M2_SS5_PHP_Monk-eye/Dieu/Triangle/index.php on line 6, referer: http://localhost/M2_SS5_PHP_Monk-eye/Dieu/
[Sat Dec 07 16:23:01.501712 2019] [php7:notice] [pid 1085] [client ::1:35662] PHP Notice:  Undefined offset: 0 in /var/www/html/M2_SS5_PHP_Monk-eye/Dieu/Triangle/index.php on line 6, referer: http://localhost/M2_SS5_PHP_Monk-eye/Dieu/
[Sat Dec 07 16:23:02.486306 2019] [php7:notice] [pid 1085] [client ::1:35662] PHP Notice:  Undefined offset: 0 in /var/www/html/M2_SS5_PHP_Monk-eye/Dieu/Triangle/index.php on line 6, referer: http://localhost/M2_SS5_PHP_Monk-eye/Dieu/
[Sat Dec 07 16:24:58.044871 2019] [php7:notice] [pid 5758] [client ::1:35672] PHP Notice:  Undefined offset: 0 in /var/www/html/M2_SS5_PHP_Monk-eye/Dieu/Triangle/index.php on line 6, referer: http://localhost/M2_SS5_PHP_Monk-eye/Dieu/
[Sat Dec 07 16:25:18.982986 2019] [php7:notice] [pid 1083] [client ::1:35680] PHP Notice:  Undefined offset: 0 in /var/www/html/M2_SS5_PHP_Monk-eye/Dieu/Triangle/index.php on line 6, referer: http://localhost/M2_SS5_PHP_Monk-eye/Dieu/Triangle/
[Sat Dec 07 16:28:49.740234 2019] [php7:notice] [pid 1084] [client ::1:35692] PHP Notice:  Undefined offset: 0 in /var/www/html/M2_SS5_PHP_Monk-eye/Dieu/Triangle/index.php on line 6, referer: http://localhost/M2_SS5_PHP_Monk-eye/Dieu/Triangle/
[Sat Dec 07 16:28:56.260504 2019] [php7:notice] [pid 1085] [client ::1:35694] PHP Notice:  Undefined offset: 0 in /var/www/html/M2_SS5_PHP_Monk-eye/Dieu/Triangle/index.php on line 6, referer: http://localhost/M2_SS5_PHP_Monk-eye/Dieu/Triangle/
[Sat Dec 07 16:28:58.183988 2019] [php7:notice] [pid 1085] [client ::1:35694] PHP Notice:  Undefined offset: 0 in /var/www/html/M2_SS5_PHP_Monk-eye/Dieu/Triangle/index.php on line 6, referer: http://localhost/M2_SS5_PHP_Monk-eye/Dieu/Triangle/
[Sat Dec 07 16:29:54.279748 2019] [php7:notice] [pid 5758] [client ::1:35704] PHP Notice:  Undefined index: side4 in /var/www/html/M2_SS5_PHP_Monk-eye/Dieu/Triangle/index.php on line 8, referer: http://localhost/M2_SS5_PHP_Monk-eye/Dieu/Triangle/
[Sat Dec 07 16:29:54.279846 2019] [php7:notice] [pid 5758] [client ::1:35704] PHP Notice:  Undefined index: side4 in /var/www/html/M2_SS5_PHP_Monk-eye/Dieu/Triangle/index.php on line 9, referer: http://localhost/M2_SS5_PHP_Monk-eye/Dieu/Triangle/
[Sat Dec 07 16:29:54.279934 2019] [php7:warn] [pid 5758] [client ::1:35704] PHP Warning:  A non-numeric value encountered in /var/www/html/M2_SS5_PHP_Monk-eye/Dieu/Triangle/index.php on line 12, referer: http://localhost/M2_SS5_PHP_Monk-eye/Dieu/Triangle/
[Sat Dec 07 16:29:54.279967 2019] [php7:warn] [pid 5758] [client ::1:35704] PHP Warning:  A non-numeric value encountered in /var/www/html/M2_SS5_PHP_Monk-eye/Dieu/Triangle/index.php on line 12, referer: http://localhost/M2_SS5_PHP_Monk-eye/Dieu/Triangle/
[Sat Dec 07 16:29:54.279995 2019] [php7:warn] [pid 5758] [client ::1:35704] PHP Warning:  A non-numeric value encountered in /var/www/html/M2_SS5_PHP_Monk-eye/Dieu/Triangle/class/Triangle.php on line 74, referer: http://localhost/M2_SS5_PHP_Monk-eye/Dieu/Triangle/
[Sat Dec 07 16:29:54.280016 2019] [php7:warn] [pid 5758] [client ::1:35704] PHP Warning:  A non-numeric value encountered in /var/www/html/M2_SS5_PHP_Monk-eye/Dieu/Triangle/class/Triangle.php on line 74, referer: http://localhost/M2_SS5_PHP_Monk-eye/Dieu/Triangle/
[Sat Dec 07 16:29:54.280089 2019] [php7:warn] [pid 5758] [client ::1:35704] PHP Warning:  A non-numeric value encountered in /var/www/html/M2_SS5_PHP_Monk-eye/Dieu/Triangle/class/Triangle.php on line 78, referer: http://localhost/M2_SS5_PHP_Monk-eye/Dieu/Triangle/
[Sat Dec 07 16:29:54.280118 2019] [php7:warn] [pid 5758] [client ::1:35704] PHP Warning:  A non-numeric value encountered in /var/www/html/M2_SS5_PHP_Monk-eye/Dieu/Triangle/class/Triangle.php on line 74, referer: http://localhost/M2_SS5_PHP_Monk-eye/Dieu/Triangle/
[Sat Dec 07 16:29:54.280138 2019] [php7:warn] [pid 5758] [client ::1:35704] PHP Warning:  A non-numeric value encountered in /var/www/html/M2_SS5_PHP_Monk-eye/Dieu/Triangle/class/Triangle.php on line 74, referer: http://localhost/M2_SS5_PHP_Monk-eye/Dieu/Triangle/
[Sat Dec 07 16:29:54.280153 2019] [php7:warn] [pid 5758] [client ::1:35704] PHP Warning:  A non-numeric value encountered in /var/www/html/M2_SS5_PHP_Monk-eye/Dieu/Triangle/class/Triangle.php on line 78, referer: http://localhost/M2_SS5_PHP_Monk-eye/Dieu/Triangle/
[Sat Dec 07 16:29:59.281394 2019] [php7:notice] [pid 5758] [client ::1:35704] PHP Notice:  Undefined index: side4 in /var/www/html/M2_SS5_PHP_Monk-eye/Dieu/Triangle/index.php on line 8, referer: http://localhost/M2_SS5_PHP_Monk-eye/Dieu/Triangle/
[Sat Dec 07 16:29:59.281455 2019] [php7:notice] [pid 5758] [client ::1:35704] PHP Notice:  Undefined index: side4 in /var/www/html/M2_SS5_PHP_Monk-eye/Dieu/Triangle/index.php on line 9, referer: http://localhost/M2_SS5_PHP_Monk-eye/Dieu/Triangle/
[Sat Dec 07 16:43:21.981294 2019] [php7:warn] [pid 1084] [client ::1:35842] PHP Warning:  A non-numeric value encountered in /var/www/html/M2_SS5_PHP_Monk-eye/Dieu/Triangle/class/Triangle.php on line 18, referer: http://localhost/M2_SS5_PHP_Monk-eye/Dieu/Triangle/
[Sat Dec 07 16:43:21.981364 2019] [php7:warn] [pid 1084] [client ::1:35842] PHP Warning:  A non-numeric value encountered in /var/www/html/M2_SS5_PHP_Monk-eye/Dieu/Triangle/class/Triangle.php on line 18, referer: http://localhost/M2_SS5_PHP_Monk-eye/Dieu/Triangle/
[Sat Dec 07 16:43:24.107949 2019] [php7:warn] [pid 1084] [client ::1:35842] PHP Warning:  A non-numeric value encountered in /var/www/html/M2_SS5_PHP_Monk-eye/Dieu/Triangle/class/Triangle.php on line 18, referer: http://localhost/M2_SS5_PHP_Monk-eye/Dieu/Triangle/
[Sat Dec 07 16:43:24.108006 2019] [php7:warn] [pid 1084] [client ::1:35842] PHP Warning:  A non-numeric value encountered in /var/www/html/M2_SS5_PHP_Monk-eye/Dieu/Triangle/class/Triangle.php on line 18, referer: http://localhost/M2_SS5_PHP_Monk-eye/Dieu/Triangle/
[Sat Dec 07 16:47:12.611287 2019] [php7:warn] [pid 5758] [client ::1:35848] PHP Warning:  A non-numeric value encountered in /var/www/html/M2_SS5_PHP_Monk-eye/Dieu/Triangle/class/Triangle.php on line 18, referer: http://localhost/M2_SS5_PHP_Monk-eye/Dieu/Triangle/
[Sat Dec 07 16:47:12.611546 2019] [php7:warn] [pid 5758] [client ::1:35848] PHP Warning:  A non-numeric value encountered in /var/www/html/M2_SS5_PHP_Monk-eye/Dieu/Triangle/class/Triangle.php on line 18, referer: http://localhost/M2_SS5_PHP_Monk-eye/Dieu/Triangle/
[Sat Dec 07 16:47:33.883929 2019] [php7:warn] [pid 1082] [client ::1:35852] PHP Warning:  A non-numeric value encountered in /var/www/html/M2_SS5_PHP_Monk-eye/Dieu/Triangle/class/Triangle.php on line 18, referer: http://localhost/M2_SS5_PHP_Monk-eye/Dieu/Triangle/
[Sat Dec 07 16:47:33.884006 2019] [php7:warn] [pid 1082] [client ::1:35852] PHP Warning:  A non-numeric value encountered in /var/www/html/M2_SS5_PHP_Monk-eye/Dieu/Triangle/class/Triangle.php on line 18, referer: http://localhost/M2_SS5_PHP_Monk-eye/Dieu/Triangle/
[Sat Dec 07 17:34:56.683884 2019] [php7:emerg] [pid 1082] [client ::1:36146] PHP Parse error:  syntax error, unexpected '}', expecting ';' in /var/www/html/M2_SS5_PHP_Monk-eye/Dieu/Circle_and_Cylinder/class/Circle.php on line 51, referer: http://localhost/M2_SS5_PHP_Monk-eye/Dieu/
[Sat Dec 07 17:35:53.253058 2019] [php7:emerg] [pid 1084] [client ::1:36160] PHP Parse error:  syntax error, unexpected '}', expecting ';' in /var/www/html/M2_SS5_PHP_Monk-eye/Dieu/Circle_and_Cylinder/class/Circle.php on line 51, referer: http://localhost/M2_SS5_PHP_Monk-eye/Dieu/
[Sat Dec 07 17:36:30.854280 2019] [php7:warn] [pid 1086] [client ::1:36166] PHP Warning:  A non-numeric value encountered in /var/www/html/M2_SS5_PHP_Monk-eye/Dieu/Circle_and_Cylinder/class/Circle.php on line 53, referer: http://localhost/M2_SS5_PHP_Monk-eye/Dieu/
[Sat Dec 07 17:36:30.854604 2019] [php7:warn] [pid 1086] [client ::1:36166] PHP Warning:  Division by zero in /var/www/html/M2_SS5_PHP_Monk-eye/Dieu/Circle_and_Cylinder/class/Circle.php on line 53, referer: http://localhost/M2_SS5_PHP_Monk-eye/Dieu/
[Sat Dec 07 17:36:30.854759 2019] [php7:warn] [pid 1086] [client ::1:36166] PHP Warning:  A non-numeric value encountered in /var/www/html/M2_SS5_PHP_Monk-eye/Dieu/Circle_and_Cylinder/class/Cylinder.php on line 38, referer: http://localhost/M2_SS5_PHP_Monk-eye/Dieu/
[Sat Dec 07 17:36:30.854820 2019] [php7:warn] [pid 1086] [client ::1:36166] PHP Warning:  Division by zero in /var/www/html/M2_SS5_PHP_Monk-eye/Dieu/Circle_and_Cylinder/class/Cylinder.php on line 38, referer: http://localhost/M2_SS5_PHP_Monk-eye/Dieu/
[Sat Dec 07 17:37:29.496188 2019] [php7:warn] [pid 1083] [client ::1:36170] PHP Warning:  A non-numeric value encountered in /var/www/html/M2_SS5_PHP_Monk-eye/Dieu/Circle_and_Cylinder/class/Circle.php on line 53, referer: http://localhost/M2_SS5_PHP_Monk-eye/Dieu/
[Sat Dec 07 17:37:29.496240 2019] [php7:warn] [pid 1083] [client ::1:36170] PHP Warning:  Division by zero in /var/www/html/M2_SS5_PHP_Monk-eye/Dieu/Circle_and_Cylinder/class/Circle.php on line 53, referer: http://localhost/M2_SS5_PHP_Monk-eye/Dieu/
[Sat Dec 07 17:37:30.796694 2019] [php7:warn] [pid 1083] [client ::1:36170] PHP Warning:  A non-numeric value encountered in /var/www/html/M2_SS5_PHP_Monk-eye/Dieu/Circle_and_Cylinder/class/Circle.php on line 53, referer: http://localhost/M2_SS5_PHP_Monk-eye/Dieu/
[Sat Dec 07 17:37:30.796747 2019] [php7:warn] [pid 1083] [client ::1:36170] PHP Warning:  Division by zero in /var/www/html/M2_SS5_PHP_Monk-eye/Dieu/Circle_and_Cylinder/class/Circle.php on line 53, referer: http://localhost/M2_SS5_PHP_Monk-eye/Dieu/
[Sat Dec 07 17:42:43.941187 2019] [php7:notice] [pid 1082] [client ::1:36184] PHP Notice:  Undefined index: side in /var/www/html/M2_SS2_PHP_Monk-eye/Dieu/sum-matrix/index.php on line 37, referer: http://localhost/M2_SS2_PHP_Monk-eye/Dieu/
[Sat Dec 07 17:43:50.561138 2019] [php7:notice] [pid 1086] [client ::1:36196] PHP Notice:  Undefined index: side in /var/www/html/M2_SS2_PHP_Monk-eye/Dieu/sum-matrix/index.php on line 37
[Sat Dec 07 17:43:53.474826 2019] [php7:notice] [pid 1086] [client ::1:36196] PHP Notice:  Undefined index: 00 in /var/www/html/M2_SS2_PHP_Monk-eye/Dieu/sum-matrix/index.php on line 49, referer: http://localhost/M2_SS2_PHP_Monk-eye/Dieu/sum-matrix/
[Sat Dec 07 17:43:53.474872 2019] [php7:notice] [pid 1086] [client ::1:36196] PHP Notice:  Undefined index: 01 in /var/www/html/M2_SS2_PHP_Monk-eye/Dieu/sum-matrix/index.php on line 49, referer: http://localhost/M2_SS2_PHP_Monk-eye/Dieu/sum-matrix/
[Sat Dec 07 17:43:53.474891 2019] [php7:notice] [pid 1086] [client ::1:36196] PHP Notice:  Undefined index: 02 in /var/www/html/M2_SS2_PHP_Monk-eye/Dieu/sum-matrix/index.php on line 49, referer: http://localhost/M2_SS2_PHP_Monk-eye/Dieu/sum-matrix/
[Sat Dec 07 17:43:53.474910 2019] [php7:notice] [pid 1086] [client ::1:36196] PHP Notice:  Undefined offset: 10 in /var/www/html/M2_SS2_PHP_Monk-eye/Dieu/sum-matrix/index.php on line 49, referer: http://localhost/M2_SS2_PHP_Monk-eye/Dieu/sum-matrix/
[Sat Dec 07 17:43:53.474927 2019] [php7:notice] [pid 1086] [client ::1:36196] PHP Notice:  Undefined offset: 11 in /var/www/html/M2_SS2_PHP_Monk-eye/Dieu/sum-matrix/index.php on line 49, referer: http://localhost/M2_SS2_PHP_Monk-eye/Dieu/sum-matrix/
[Sat Dec 07 17:43:53.474946 2019] [php7:notice] [pid 1086] [client ::1:36196] PHP Notice:  Undefined offset: 12 in /var/www/html/M2_SS2_PHP_Monk-eye/Dieu/sum-matrix/index.php on line 49, referer: http://localhost/M2_SS2_PHP_Monk-eye/Dieu/sum-matrix/
[Sat Dec 07 17:43:53.474964 2019] [php7:notice] [pid 1086] [client ::1:36196] PHP Notice:  Undefined offset: 20 in /var/www/html/M2_SS2_PHP_Monk-eye/Dieu/sum-matrix/index.php on line 49, referer: http://localhost/M2_SS2_PHP_Monk-eye/Dieu/sum-matrix/
[Sat Dec 07 17:43:53.474981 2019] [php7:notice] [pid 1086] [client ::1:36196] PHP Notice:  Undefined offset: 21 in /var/www/html/M2_SS2_PHP_Monk-eye/Dieu/sum-matrix/index.php on line 49, referer: http://localhost/M2_SS2_PHP_Monk-eye/Dieu/sum-matrix/
[Sat Dec 07 17:43:53.474991 2019] [php7:notice] [pid 1086] [client ::1:36196] PHP Notice:  Undefined offset: 22 in /var/www/html/M2_SS2_PHP_Monk-eye/Dieu/sum-matrix/index.php on line 49, referer: http://localhost/M2_SS2_PHP_Monk-eye/Dieu/sum-matrix/
[Sat Dec 07 17:46:27.994509 2019] [php7:emerg] [pid 1085] [client ::1:36208] PHP Parse error:  syntax error, unexpected 'endif' (T_ENDIF), expecting end of file in /var/www/html/M2_SS2_PHP_Monk-eye/Dieu/sum-matrix/index.php on line 57
[Sat Dec 07 17:47:19.148094 2019] [php7:notice] [pid 1086] [client ::1:36214] PHP Notice:  Undefined index: side in /var/www/html/M2_SS2_PHP_Monk-eye/Dieu/sum-matrix/index.php on line 37
[Sat Dec 07 17:47:25.329542 2019] [php7:notice] [pid 1083] [client ::1:36216] PHP Notice:  Undefined index: 00 in /var/www/html/M2_SS2_PHP_Monk-eye/Dieu/sum-matrix/index.php on line 49, referer: http://localhost/M2_SS2_PHP_Monk-eye/Dieu/sum-matrix/
[Sat Dec 07 17:47:25.329599 2019] [php7:notice] [pid 1083] [client ::1:36216] PHP Notice:  Undefined index: 01 in /var/www/html/M2_SS2_PHP_Monk-eye/Dieu/sum-matrix/index.php on line 49, referer: http://localhost/M2_SS2_PHP_Monk-eye/Dieu/sum-matrix/
[Sat Dec 07 17:47:25.329615 2019] [php7:notice] [pid 1083] [client ::1:36216] PHP Notice:  Undefined offset: 10 in /var/www/html/M2_SS2_PHP_Monk-eye/Dieu/sum-matrix/index.php on line 49, referer: http://localhost/M2_SS2_PHP_Monk-eye/Dieu/sum-matrix/
[Sat Dec 07 17:47:25.329627 2019] [php7:notice] [pid 1083] [client ::1:36216] PHP Notice:  Undefined offset: 11 in /var/www/html/M2_SS2_PHP_Monk-eye/Dieu/sum-matrix/index.php on line 49, referer: http://localhost/M2_SS2_PHP_Monk-eye/Dieu/sum-matrix/
[Sat Dec 07 17:48:00.744608 2019] [php7:notice] [pid 1085] [client ::1:36222] PHP Notice:  Undefined index: side in /var/www/html/M2_SS2_PHP_Monk-eye/Dieu/sum-matrix/index.php on line 37
[Sat Dec 07 17:48:03.178137 2019] [php7:notice] [pid 1085] [client ::1:36222] PHP Notice:  Undefined index: 00 in /var/www/html/M2_SS2_PHP_Monk-eye/Dieu/sum-matrix/index.php on line 49, referer: http://localhost/M2_SS2_PHP_Monk-eye/Dieu/sum-matrix/
[Sat Dec 07 17:48:03.178214 2019] [php7:notice] [pid 1085] [client ::1:36222] PHP Notice:  Undefined index: 01 in /var/www/html/M2_SS2_PHP_Monk-eye/Dieu/sum-matrix/index.php on line 49, referer: http://localhost/M2_SS2_PHP_Monk-eye/Dieu/sum-matrix/
[Sat Dec 07 17:48:03.178237 2019] [php7:notice] [pid 1085] [client ::1:36222] PHP Notice:  Undefined offset: 10 in /var/www/html/M2_SS2_PHP_Monk-eye/Dieu/sum-matrix/index.php on line 49, referer: http://localhost/M2_SS2_PHP_Monk-eye/Dieu/sum-matrix/
[Sat Dec 07 17:48:03.178256 2019] [php7:notice] [pid 1085] [client ::1:36222] PHP Notice:  Undefined offset: 11 in /var/www/html/M2_SS2_PHP_Monk-eye/Dieu/sum-matrix/index.php on line 49, referer: http://localhost/M2_SS2_PHP_Monk-eye/Dieu/sum-matrix/
[Sat Dec 07 17:51:17.538004 2019] [php7:notice] [pid 8887] [client ::1:36234] PHP Notice:  Undefined index: side in /var/www/html/M2_SS2_PHP_Monk-eye/Dieu/sum-matrix/index.php on line 37
[Sat Dec 07 17:51:20.626881 2019] [php7:notice] [pid 8887] [client ::1:36234] PHP Notice:  Undefined index: 00 in /var/www/html/M2_SS2_PHP_Monk-eye/Dieu/sum-matrix/index.php on line 49, referer: http://localhost/M2_SS2_PHP_Monk-eye/Dieu/sum-matrix/
[Sat Dec 07 17:51:20.626940 2019] [php7:notice] [pid 8887] [client ::1:36234] PHP Notice:  Undefined index: 01 in /var/www/html/M2_SS2_PHP_Monk-eye/Dieu/sum-matrix/index.php on line 49, referer: http://localhost/M2_SS2_PHP_Monk-eye/Dieu/sum-matrix/
[Sat Dec 07 17:51:20.626961 2019] [php7:notice] [pid 8887] [client ::1:36234] PHP Notice:  Undefined offset: 10 in /var/www/html/M2_SS2_PHP_Monk-eye/Dieu/sum-matrix/index.php on line 49, referer: http://localhost/M2_SS2_PHP_Monk-eye/Dieu/sum-matrix/
[Sat Dec 07 17:51:20.626978 2019] [php7:notice] [pid 8887] [client ::1:36234] PHP Notice:  Undefined offset: 11 in /var/www/html/M2_SS2_PHP_Monk-eye/Dieu/sum-matrix/index.php on line 49, referer: http://localhost/M2_SS2_PHP_Monk-eye/Dieu/sum-matrix/
[Sat Dec 07 17:53:24.016237 2019] [php7:notice] [pid 1085] [client ::1:36238] PHP Notice:  Undefined index: side in /var/www/html/M2_SS2_PHP_Monk-eye/Dieu/sum-matrix/index.php on line 37, referer: http://localhost/M2_SS2_PHP_Monk-eye/Dieu/
[Sat Dec 07 17:53:28.866763 2019] [php7:notice] [pid 1085] [client ::1:36238] PHP Notice:  Undefined index: 00 in /var/www/html/M2_SS2_PHP_Monk-eye/Dieu/sum-matrix/index.php on line 49, referer: http://localhost/M2_SS2_PHP_Monk-eye/Dieu/sum-matrix/
[Sat Dec 07 17:53:28.866815 2019] [php7:notice] [pid 1085] [client ::1:36238] PHP Notice:  Undefined index: 01 in /var/www/html/M2_SS2_PHP_Monk-eye/Dieu/sum-matrix/index.php on line 49, referer: http://localhost/M2_SS2_PHP_Monk-eye/Dieu/sum-matrix/
[Sat Dec 07 17:53:28.866836 2019] [php7:notice] [pid 1085] [client ::1:36238] PHP Notice:  Undefined offset: 10 in /var/www/html/M2_SS2_PHP_Monk-eye/Dieu/sum-matrix/index.php on line 49, referer: http://localhost/M2_SS2_PHP_Monk-eye/Dieu/sum-matrix/
[Sat Dec 07 17:53:28.866853 2019] [php7:notice] [pid 1085] [client ::1:36238] PHP Notice:  Undefined offset: 11 in /var/www/html/M2_SS2_PHP_Monk-eye/Dieu/sum-matrix/index.php on line 49, referer: http://localhost/M2_SS2_PHP_Monk-eye/Dieu/sum-matrix/
[Sat Dec 07 18:01:21.906218 2019] [php7:notice] [pid 8887] [client ::1:36252] PHP Notice:  Undefined index: side in /var/www/html/M2_SS2_PHP_Monk-eye/Dieu/sum_col_matrix/index.php on line 38, referer: http://localhost/M2_SS2_PHP_Monk-eye/Dieu/
[Sat Dec 07 18:01:21.906407 2019] [php7:notice] [pid 8887] [client ::1:36252] PHP Notice:  Undefined variable: index in /var/www/html/M2_SS2_PHP_Monk-eye/Dieu/sum_col_matrix/index.php on line 63, referer: http://localhost/M2_SS2_PHP_Monk-eye/Dieu/
[Sat Dec 07 18:01:25.885084 2019] [php7:notice] [pid 8887] [client ::1:36252] PHP Notice:  Undefined index: index in /var/www/html/M2_SS2_PHP_Monk-eye/Dieu/sum_col_matrix/index.php on line 22, referer: http://localhost/M2_SS2_PHP_Monk-eye/Dieu/sum_col_matrix/
[Sat Dec 07 18:01:25.885149 2019] [php7:notice] [pid 8887] [client ::1:36252] PHP Notice:  Undefined index: 00 in /var/www/html/M2_SS2_PHP_Monk-eye/Dieu/sum_col_matrix/index.php on line 50, referer: http://localhost/M2_SS2_PHP_Monk-eye/Dieu/sum_col_matrix/
[Sat Dec 07 18:01:25.885188 2019] [php7:notice] [pid 8887] [client ::1:36252] PHP Notice:  Undefined index: 01 in /var/www/html/M2_SS2_PHP_Monk-eye/Dieu/sum_col_matrix/index.php on line 50, referer: http://localhost/M2_SS2_PHP_Monk-eye/Dieu/sum_col_matrix/
[Sat Dec 07 18:01:25.885208 2019] [php7:notice] [pid 8887] [client ::1:36252] PHP Notice:  Undefined offset: 10 in /var/www/html/M2_SS2_PHP_Monk-eye/Dieu/sum_col_matrix/index.php on line 50, referer: http://localhost/M2_SS2_PHP_Monk-eye/Dieu/sum_col_matrix/
[Sat Dec 07 18:01:25.885225 2019] [php7:notice] [pid 8887] [client ::1:36252] PHP Notice:  Undefined offset: 11 in /var/www/html/M2_SS2_PHP_Monk-eye/Dieu/sum_col_matrix/index.php on line 50, referer: http://localhost/M2_SS2_PHP_Monk-eye/Dieu/sum_col_matrix/
[Sat Dec 07 18:01:25.885241 2019] [php7:notice] [pid 8887] [client ::1:36252] PHP Notice:  Undefined offset: 22 in /var/www/html/M2_SS2_PHP_Monk-eye/Dieu/sum_col_matrix/index.php on line 57, referer: http://localhost/M2_SS2_PHP_Monk-eye/Dieu/sum_col_matrix/
[Sat Dec 07 18:01:37.374277 2019] [php7:notice] [pid 1082] [client ::1:36256] PHP Notice:  Undefined offset: 22 in /var/www/html/M2_SS2_PHP_Monk-eye/Dieu/sum_col_matrix/index.php on line 57, referer: http://localhost/M2_SS2_PHP_Monk-eye/Dieu/sum_col_matrix/
[Sat Dec 07 18:02:28.544722 2019] [php7:notice] [pid 5758] [client ::1:36260] PHP Notice:  Undefined index: side in /var/www/html/M2_SS2_PHP_Monk-eye/Dieu/sum_col_matrix/index.php on line 38
[Sat Dec 07 18:02:28.544776 2019] [php7:notice] [pid 5758] [client ::1:36260] PHP Notice:  Undefined variable: index in /var/www/html/M2_SS2_PHP_Monk-eye/Dieu/sum_col_matrix/index.php on line 62
[Sat Dec 07 18:02:31.441668 2019] [php7:notice] [pid 5758] [client ::1:36260] PHP Notice:  Undefined index: index in /var/www/html/M2_SS2_PHP_Monk-eye/Dieu/sum_col_matrix/index.php on line 22, referer: http://localhost/M2_SS2_PHP_Monk-eye/Dieu/sum_col_matrix/
[Sat Dec 07 18:02:31.441748 2019] [php7:notice] [pid 5758] [client ::1:36260] PHP Notice:  Undefined index: 00 in /var/www/html/M2_SS2_PHP_Monk-eye/Dieu/sum_col_matrix/index.php on line 50, referer: http://localhost/M2_SS2_PHP_Monk-eye/Dieu/sum_col_matrix/
[Sat Dec 07 18:02:31.441789 2019] [php7:notice] [pid 5758] [client ::1:36260] PHP Notice:  Undefined index: 01 in /var/www/html/M2_SS2_PHP_Monk-eye/Dieu/sum_col_matrix/index.php on line 50, referer: http://localhost/M2_SS2_PHP_Monk-eye/Dieu/sum_col_matrix/
[Sat Dec 07 18:02:31.441806 2019] [php7:notice] [pid 5758] [client ::1:36260] PHP Notice:  Undefined index: 02 in /var/www/html/M2_SS2_PHP_Monk-eye/Dieu/sum_col_matrix/index.php on line 50, referer: http://localhost/M2_SS2_PHP_Monk-eye/Dieu/sum_col_matrix/
[Sat Dec 07 18:02:31.441825 2019] [php7:notice] [pid 5758] [client ::1:36260] PHP Notice:  Undefined index: 03 in /var/www/html/M2_SS2_PHP_Monk-eye/Dieu/sum_col_matrix/index.php on line 50, referer: http://localhost/M2_SS2_PHP_Monk-eye/Dieu/sum_col_matrix/
[Sat Dec 07 18:02:31.441844 2019] [php7:notice] [pid 5758] [client ::1:36260] PHP Notice:  Undefined index: 04 in /var/www/html/M2_SS2_PHP_Monk-eye/Dieu/sum_col_matrix/index.php on line 50, referer: http://localhost/M2_SS2_PHP_Monk-eye/Dieu/sum_col_matrix/
[Sat Dec 07 18:02:31.441862 2019] [php7:notice] [pid 5758] [client ::1:36260] PHP Notice:  Undefined index: 05 in /var/www/html/M2_SS2_PHP_Monk-eye/Dieu/sum_col_matrix/index.php on line 50, referer: http://localhost/M2_SS2_PHP_Monk-eye/Dieu/sum_col_matrix/
[Sat Dec 07 18:02:31.441881 2019] [php7:notice] [pid 5758] [client ::1:36260] PHP Notice:  Undefined index: 06 in /var/www/html/M2_SS2_PHP_Monk-eye/Dieu/sum_col_matrix/index.php on line 50, referer: http://localhost/M2_SS2_PHP_Monk-eye/Dieu/sum_col_matrix/
[Sat Dec 07 18:02:31.441899 2019] [php7:notice] [pid 5758] [client ::1:36260] PHP Notice:  Undefined index: 07 in /var/www/html/M2_SS2_PHP_Monk-eye/Dieu/sum_col_matrix/index.php on line 50, referer: http://localhost/M2_SS2_PHP_Monk-eye/Dieu/sum_col_matrix/
[Sat Dec 07 18:02:31.441932 2019] [php7:notice] [pid 5758] [client ::1:36260] PHP Notice:  Undefined index: 08 in /var/www/html/M2_SS2_PHP_Monk-eye/Dieu/sum_col_matrix/index.php on line 50, referer: http://localhost/M2_SS2_PHP_Monk-eye/Dieu/sum_col_matrix/
[Sat Dec 07 18:02:31.441950 2019] [php7:notice] [pid 5758] [client ::1:36260] PHP Notice:  Undefined index: 09 in /var/www/html/M2_SS2_PHP_Monk-eye/Dieu/sum_col_matrix/index.php on line 50, referer: http://localhost/M2_SS2_PHP_Monk-eye/Dieu/sum_col_matrix/
[Sat Dec 07 18:02:31.441967 2019] [php7:notice] [pid 5758] [client ::1:36260] PHP Notice:  Undefined index: 010 in /var/www/html/M2_SS2_PHP_Monk-eye/Dieu/sum_col_matrix/index.php on line 50, referer: http://localhost/M2_SS2_PHP_Monk-eye/Dieu/sum_col_matrix/
[Sat Dec 07 18:02:31.441997 2019] [php7:notice] [pid 5758] [client ::1:36260] PHP Notice:  Undefined index: 011 in /var/www/html/M2_SS2_PHP_Monk-eye/Dieu/sum_col_matrix/index.php on line 50, referer: http://localhost/M2_SS2_PHP_Monk-eye/Dieu/sum_col_matrix/
[Sat Dec 07 18:02:31.442020 2019] [php7:notice] [pid 5758] [client ::1:36260] PHP Notice:  Undefined offset: 10 in /var/www/html/M2_SS2_PHP_Monk-eye/Dieu/sum_col_matrix/index.php on line 50, referer: http://localhost/M2_SS2_PHP_Monk-eye/Dieu/sum_col_matrix/
[Sat Dec 07 18:02:31.442040 2019] [php7:notice] [pid 5758] [client ::1:36260] PHP Notice:  Undefined offset: 11 in /var/www/html/M2_SS2_PHP_Monk-eye/Dieu/sum_col_matrix/index.php on line 50, referer: http://localhost/M2_SS2_PHP_Monk-eye/Dieu/sum_col_matrix/
[Sat Dec 07 18:02:31.442069 2019] [php7:notice] [pid 5758] [client ::1:36260] PHP Notice:  Undefined offset: 12 in /var/www/html/M2_SS2_PHP_Monk-eye/Dieu/sum_col_matrix/index.php on line 50, referer: http://localhost/M2_SS2_PHP_Monk-eye/Dieu/sum_col_matrix/
[Sat Dec 07 18:02:31.442084 2019] [php7:notice] [pid 5758] [client ::1:36260] PHP Notice:  Undefined offset: 13 in /var/www/html/M2_SS2_PHP_Monk-eye/Dieu/sum_col_matrix/index.php on line 50, referer: http://localhost/M2_SS2_PHP_Monk-eye/Dieu/sum_col_matrix/
[Sat Dec 07 18:02:31.442100 2019] [php7:notice] [pid 5758] [client ::1:36260] PHP Notice:  Undefined offset: 14 in /var/www/html/M2_SS2_PHP_Monk-eye/Dieu/sum_col_matrix/index.php on line 50, referer: http://localhost/M2_SS2_PHP_Monk-eye/Dieu/sum_col_matrix/
[Sat Dec 07 18:02:31.442116 2019] [php7:notice] [pid 5758] [client ::1:36260] PHP Notice:  Undefined offset: 15 in /var/www/html/M2_SS2_PHP_Monk-eye/Dieu/sum_col_matrix/index.php on line 50, referer: http://localhost/M2_SS2_PHP_Monk-eye/Dieu/sum_col_matrix/
[Sat Dec 07 18:02:31.442150 2019] [php7:notice] [pid 5758] [client ::1:36260] PHP Notice:  Undefined offset: 16 in /var/www/html/M2_SS2_PHP_Monk-eye/Dieu/sum_col_matrix/index.php on line 50, referer: http://localhost/M2_SS2_PHP_Monk-eye/Dieu/sum_col_matrix/
[Sat Dec 07 18:02:31.442171 2019] [php7:notice] [pid 5758] [client ::1:36260] PHP Notice:  Undefined offset: 17 in /var/www/html/M2_SS2_PHP_Monk-eye/Dieu/sum_col_matrix/index.php on line 50, referer: http://localhost/M2_SS2_PHP_Monk-eye/Dieu/sum_col_matrix/
[Sat Dec 07 18:02:31.442191 2019] [php7:notice] [pid 5758] [client ::1:36260] PHP Notice:  Undefined offset: 18 in /var/www/html/M2_SS2_PHP_Monk-eye/Dieu/sum_col_matrix/index.php on line 50, referer: http://localhost/M2_SS2_PHP_Monk-eye/Dieu/sum_col_matrix/
[Sat Dec 07 18:02:31.442210 2019] [php7:notice] [pid 5758] [client ::1:36260] PHP Notice:  Undefined offset: 19 in /var/www/html/M2_SS2_PHP_Monk-eye/Dieu/sum_col_matrix/index.php on line 50, referer: http://localhost/M2_SS2_PHP_Monk-eye/Dieu/sum_col_matrix/
[Sat Dec 07 18:02:31.442229 2019] [php7:notice] [pid 5758] [client ::1:36260] PHP Notice:  Undefined offset: 110 in /var/www/html/M2_SS2_PHP_Monk-eye/Dieu/sum_col_matrix/index.php on line 50, referer: http://localhost/M2_SS2_PHP_Monk-eye/Dieu/sum_col_matrix/
[Sat Dec 07 18:02:31.442247 2019] [php7:notice] [pid 5758] [client ::1:36260] PHP Notice:  Undefined offset: 111 in /var/www/html/M2_SS2_PHP_Monk-eye/Dieu/sum_col_matrix/index.php on line 50, referer: http://localhost/M2_SS2_PHP_Monk-eye/Dieu/sum_col_matrix/
[Sat Dec 07 18:02:31.442296 2019] [php7:notice] [pid 5758] [client ::1:36260] PHP Notice:  Undefined offset: 20 in /var/www/html/M2_SS2_PHP_Monk-eye/Dieu/sum_col_matrix/index.php on line 50, referer: http://localhost/M2_SS2_PHP_Monk-eye/Dieu/sum_col_matrix/
[Sat Dec 07 18:02:31.442313 2019] [php7:notice] [pid 5758] [client ::1:36260] PHP Notice:  Undefined offset: 21 in /var/www/html/M2_SS2_PHP_Monk-eye/Dieu/sum_col_matrix/index.php on line 50, referer: http://localhost/M2_SS2_PHP_Monk-eye/Dieu/sum_col_matrix/
[Sat Dec 07 18:02:31.442329 2019] [php7:notice] [pid 5758] [client ::1:36260] PHP Notice:  Undefined offset: 22 in /var/www/html/M2_SS2_PHP_Monk-eye/Dieu/sum_col_matrix/index.php on line 50, referer: http://localhost/M2_SS2_PHP_Monk-eye/Dieu/sum_col_matrix/
[Sat Dec 07 18:02:31.442344 2019] [php7:notice] [pid 5758] [client ::1:36260] PHP Notice:  Undefined offset: 23 in /var/www/html/M2_SS2_PHP_Monk-eye/Dieu/sum_col_matrix/index.php on line 50, referer: http://localhost/M2_SS2_PHP_Monk-eye/Dieu/sum_col_matrix/
[Sat Dec 07 18:02:31.442360 2019] [php7:notice] [pid 5758] [client ::1:36260] PHP Notice:  Undefined offset: 24 in /var/www/html/M2_SS2_PHP_Monk-eye/Dieu/sum_col_matrix/index.php on line 50, referer: http://localhost/M2_SS2_PHP_Monk-eye/Dieu/sum_col_matrix/
[Sat Dec 07 18:02:31.442374 2019] [php7:notice] [pid 5758] [client ::1:36260] PHP Notice:  Undefined offset: 25 in /var/www/html/M2_SS2_PHP_Monk-eye/Dieu/sum_col_matrix/index.php on line 50, referer: http://localhost/M2_SS2_PHP_Monk-eye/Dieu/sum_col_matrix/
[Sat Dec 07 18:02:31.442389 2019] [php7:notice] [pid 5758] [client ::1:36260] PHP Notice:  Undefined offset: 26 in /var/www/html/M2_SS2_PHP_Monk-eye/Dieu/sum_col_matrix/index.php on line 50, referer: http://localhost/M2_SS2_PHP_Monk-eye/Dieu/sum_col_matrix/
[Sat Dec 07 18:02:31.442404 2019] [php7:notice] [pid 5758] [client ::1:36260] PHP Notice:  Undefined offset: 27 in /var/www/html/M2_SS2_PHP_Monk-eye/Dieu/sum_col_matrix/index.php on line 50, referer: http://localhost/M2_SS2_PHP_Monk-eye/Dieu/sum_col_matrix/
[Sat Dec 07 18:02:31.442419 2019] [php7:notice] [pid 5758] [client ::1:36260] PHP Notice:  Undefined offset: 28 in /var/www/html/M2_SS2_PHP_Monk-eye/Dieu/sum_col_matrix/index.php on line 50, referer: http://localhost/M2_SS2_PHP_Monk-eye/Dieu/sum_col_matrix/
[Sat Dec 07 18:02:31.442433 2019] [php7:notice] [pid 5758] [client ::1:36260] PHP Notice:  Undefined offset: 29 in /var/www/html/M2_SS2_PHP_Monk-eye/Dieu/sum_col_matrix/index.php on line 50, referer: http://localhost/M2_SS2_PHP_Monk-eye/Dieu/sum_col_matrix/
[Sat Dec 07 18:02:31.442450 2019] [php7:notice] [pid 5758] [client ::1:36260] PHP Notice:  Undefined offset: 210 in /var/www/html/M2_SS2_PHP_Monk-eye/Dieu/sum_col_matrix/index.php on line 50, referer: http://localhost/M2_SS2_PHP_Monk-eye/Dieu/sum_col_matrix/
[Sat Dec 07 18:02:31.442467 2019] [php7:notice] [pid 5758] [client ::1:36260] PHP Notice:  Undefined offset: 211 in /var/www/html/M2_SS2_PHP_Monk-eye/Dieu/sum_col_matrix/index.php on line 50, referer: http://localhost/M2_SS2_PHP_Monk-eye/Dieu/sum_col_matrix/
[Sat Dec 07 18:02:31.442497 2019] [php7:notice] [pid 5758] [client ::1:36260] PHP Notice:  Undefined offset: 30 in /var/www/html/M2_SS2_PHP_Monk-eye/Dieu/sum_col_matrix/index.php on line 50, referer: http://localhost/M2_SS2_PHP_Monk-eye/Dieu/sum_col_matrix/
[Sat Dec 07 18:02:31.442515 2019] [php7:notice] [pid 5758] [client ::1:36260] PHP Notice:  Undefined offset: 31 in /var/www/html/M2_SS2_PHP_Monk-eye/Dieu/sum_col_matrix/index.php on line 50, referer: http://localhost/M2_SS2_PHP_Monk-eye/Dieu/sum_col_matrix/
[Sat Dec 07 18:02:31.442534 2019] [php7:notice] [pid 5758] [client ::1:36260] PHP Notice:  Undefined offset: 32 in /var/www/html/M2_SS2_PHP_Monk-eye/Dieu/sum_col_matrix/index.php on line 50, referer: http://localhost/M2_SS2_PHP_Monk-eye/Dieu/sum_col_matrix/
[Sat Dec 07 18:02:31.442552 2019] [php7:notice] [pid 5758] [client ::1:36260] PHP Notice:  Undefined offset: 33 in /var/www/html/M2_SS2_PHP_Monk-eye/Dieu/sum_col_matrix/index.php on line 50, referer: http://localhost/M2_SS2_PHP_Monk-eye/Dieu/sum_col_matrix/
[Sat Dec 07 18:02:31.442580 2019] [php7:notice] [pid 5758] [client ::1:36260] PHP Notice:  Undefined offset: 34 in /var/www/html/M2_SS2_PHP_Monk-eye/Dieu/sum_col_matrix/index.php on line 50, referer: http://localhost/M2_SS2_PHP_Monk-eye/Dieu/sum_col_matrix/
[Sat Dec 07 18:02:31.442592 2019] [php7:notice] [pid 5758] [client ::1:36260] PHP Notice:  Undefined offset: 35 in /var/www/html/M2_SS2_PHP_Monk-eye/Dieu/sum_col_matrix/index.php on line 50, referer: http://localhost/M2_SS2_PHP_Monk-eye/Dieu/sum_col_matrix/
[Sat Dec 07 18:02:31.442602 2019] [php7:notice] [pid 5758] [client ::1:36260] PHP Notice:  Undefined offset: 36 in /var/www/html/M2_SS2_PHP_Monk-eye/Dieu/sum_col_matrix/index.php on line 50, referer: http://localhost/M2_SS2_PHP_Monk-eye/Dieu/sum_col_matrix/
[Sat Dec 07 18:02:31.442611 2019] [php7:notice] [pid 5758] [client ::1:36260] PHP Notice:  Undefined offset: 37 in /var/www/html/M2_SS2_PHP_Monk-eye/Dieu/sum_col_matrix/index.php on line 50, referer: http://localhost/M2_SS2_PHP_Monk-eye/Dieu/sum_col_matrix/
[Sat Dec 07 18:02:31.442621 2019] [php7:notice] [pid 5758] [client ::1:36260] PHP Notice:  Undefined offset: 38 in /var/www/html/M2_SS2_PHP_Monk-eye/Dieu/sum_col_matrix/index.php on line 50, referer: http://localhost/M2_SS2_PHP_Monk-eye/Dieu/sum_col_matrix/
[Sat Dec 07 18:02:31.442631 2019] [php7:notice] [pid 5758] [client ::1:36260] PHP Notice:  Undefined offset: 39 in /var/www/html/M2_SS2_PHP_Monk-eye/Dieu/sum_col_matrix/index.php on line 50, referer: http://localhost/M2_SS2_PHP_Monk-eye/Dieu/sum_col_matrix/
[Sat Dec 07 18:02:31.442641 2019] [php7:notice] [pid 5758] [client ::1:36260] PHP Notice:  Undefined offset: 310 in /var/www/html/M2_SS2_PHP_Monk-eye/Dieu/sum_col_matrix/index.php on line 50, referer: http://localhost/M2_SS2_PHP_Monk-eye/Dieu/sum_col_matrix/
[Sat Dec 07 18:02:31.442650 2019] [php7:notice] [pid 5758] [client ::1:36260] PHP Notice:  Undefined offset: 311 in /var/www/html/M2_SS2_PHP_Monk-eye/Dieu/sum_col_matrix/index.php on line 50, referer: http://localhost/M2_SS2_PHP_Monk-eye/Dieu/sum_col_matrix/
[Sat Dec 07 18:02:31.442660 2019] [php7:notice] [pid 5758] [client ::1:36260] PHP Notice:  Undefined offset: 40 in /var/www/html/M2_SS2_PHP_Monk-eye/Dieu/sum_col_matrix/index.php on line 50, referer: http://localhost/M2_SS2_PHP_Monk-eye/Dieu/sum_col_matrix/
[Sat Dec 07 18:02:31.442670 2019] [php7:notice] [pid 5758] [client ::1:36260] PHP Notice:  Undefined offset: 41 in /var/www/html/M2_SS2_PHP_Monk-eye/Dieu/sum_col_matrix/index.php on line 50, referer: http://localhost/M2_SS2_PHP_Monk-eye/Dieu/sum_col_matrix/
[Sat Dec 07 18:02:31.442680 2019] [php7:notice] [pid 5758] [client ::1:36260] PHP Notice:  Undefined offset: 42 in /var/www/html/M2_SS2_PHP_Monk-eye/Dieu/sum_col_matrix/index.php on line 50, referer: http://localhost/M2_SS2_PHP_Monk-eye/Dieu/sum_col_matrix/
[Sat Dec 07 18:02:31.442689 2019] [php7:notice] [pid 5758] [client ::1:36260] PHP Notice:  Undefined offset: 43 in /var/www/html/M2_SS2_PHP_Monk-eye/Dieu/sum_col_matrix/index.php on line 50, referer: http://localhost/M2_SS2_PHP_Monk-eye/Dieu/sum_col_matrix/
[Sat Dec 07 18:02:31.442699 2019] [php7:notice] [pid 5758] [client ::1:36260] PHP Notice:  Undefined offset: 44 in /var/www/html/M2_SS2_PHP_Monk-eye/Dieu/sum_col_matrix/index.php on line 50, referer: http://localhost/M2_SS2_PHP_Monk-eye/Dieu/sum_col_matrix/
[Sat Dec 07 18:02:31.442709 2019] [php7:notice] [pid 5758] [client ::1:36260] PHP Notice:  Undefined offset: 45 in /var/www/html/M2_SS2_PHP_Monk-eye/Dieu/sum_col_matrix/index.php on line 50, referer: http://localhost/M2_SS2_PHP_Monk-eye/Dieu/sum_col_matrix/
[Sat Dec 07 18:02:31.442718 2019] [php7:notice] [pid 5758] [client ::1:36260] PHP Notice:  Undefined offset: 46 in /var/www/html/M2_SS2_PHP_Monk-eye/Dieu/sum_col_matrix/index.php on line 50, referer: http://localhost/M2_SS2_PHP_Monk-eye/Dieu/sum_col_matrix/
[Sat Dec 07 18:02:31.442728 2019] [php7:notice] [pid 5758] [client ::1:36260] PHP Notice:  Undefined offset: 47 in /var/www/html/M2_SS2_PHP_Monk-eye/Dieu/sum_col_matrix/index.php on line 50, referer: http://localhost/M2_SS2_PHP_Monk-eye/Dieu/sum_col_matrix/
[Sat Dec 07 18:02:31.442749 2019] [php7:notice] [pid 5758] [client ::1:36260] PHP Notice:  Undefined offset: 48 in /var/www/html/M2_SS2_PHP_Monk-eye/Dieu/sum_col_matrix/index.php on line 50, referer: http://localhost/M2_SS2_PHP_Monk-eye/Dieu/sum_col_matrix/
[Sat Dec 07 18:02:31.442767 2019] [php7:notice] [pid 5758] [client ::1:36260] PHP Notice:  Undefined offset: 49 in /var/www/html/M2_SS2_PHP_Monk-eye/Dieu/sum_col_matrix/index.php on line 50, referer: http://localhost/M2_SS2_PHP_Monk-eye/Dieu/sum_col_matrix/
[Sat Dec 07 18:02:31.442785 2019] [php7:notice] [pid 5758] [client ::1:36260] PHP Notice:  Undefined offset: 410 in /var/www/html/M2_SS2_PHP_Monk-eye/Dieu/sum_col_matrix/index.php on line 50, referer: http://localhost/M2_SS2_PHP_Monk-eye/Dieu/sum_col_matrix/
[Sat Dec 07 18:02:31.442804 2019] [php7:notice] [pid 5758] [client ::1:36260] PHP Notice:  Undefined offset: 411 in /var/www/html/M2_SS2_PHP_Monk-eye/Dieu/sum_col_matrix/index.php on line 50, referer: http://localhost/M2_SS2_PHP_Monk-eye/Dieu/sum_col_matrix/
[Sat Dec 07 18:02:31.442823 2019] [php7:notice] [pid 5758] [client ::1:36260] PHP Notice:  Undefined offset: 50 in /var/www/html/M2_SS2_PHP_Monk-eye/Dieu/sum_col_matrix/index.php on line 50, referer: http://localhost/M2_SS2_PHP_Monk-eye/Dieu/sum_col_matrix/
[Sat Dec 07 18:02:31.442835 2019] [php7:notice] [pid 5758] [client ::1:36260] PHP Notice:  Undefined offset: 51 in /var/www/html/M2_SS2_PHP_Monk-eye/Dieu/sum_col_matrix/index.php on line 50, referer: http://localhost/M2_SS2_PHP_Monk-eye/Dieu/sum_col_matrix/
[Sat Dec 07 18:02:31.442845 2019] [php7:notice] [pid 5758] [client ::1:36260] PHP Notice:  Undefined offset: 52 in /var/www/html/M2_SS2_PHP_Monk-eye/Dieu/sum_col_matrix/index.php on line 50, referer: http://localhost/M2_SS2_PHP_Monk-eye/Dieu/sum_col_matrix/
[Sat Dec 07 18:02:31.442855 2019] [php7:notice] [pid 5758] [client ::1:36260] PHP Notice:  Undefined offset: 53 in /var/www/html/M2_SS2_PHP_Monk-eye/Dieu/sum_col_matrix/index.php on line 50, referer: http://localhost/M2_SS2_PHP_Monk-eye/Dieu/sum_col_matrix/
[Sat Dec 07 18:02:31.442865 2019] [php7:notice] [pid 5758] [client ::1:36260] PHP Notice:  Undefined offset: 54 in /var/www/html/M2_SS2_PHP_Monk-eye/Dieu/sum_col_matrix/index.php on line 50, referer: http://localhost/M2_SS2_PHP_Monk-eye/Dieu/sum_col_matrix/
[Sat Dec 07 18:02:31.442875 2019] [php7:notice] [pid 5758] [client ::1:36260] PHP Notice:  Undefined offset: 55 in /var/www/html/M2_SS2_PHP_Monk-eye/Dieu/sum_col_matrix/index.php on line 50, referer: http://localhost/M2_SS2_PHP_Monk-eye/Dieu/sum_col_matrix/
[Sat Dec 07 18:02:31.442884 2019] [php7:notice] [pid 5758] [client ::1:36260] PHP Notice:  Undefined offset: 56 in /var/www/html/M2_SS2_PHP_Monk-eye/Dieu/sum_col_matrix/index.php on line 50, referer: http://localhost/M2_SS2_PHP_Monk-eye/Dieu/sum_col_matrix/
[Sat Dec 07 18:02:31.442899 2019] [php7:notice] [pid 5758] [client ::1:36260] PHP Notice:  Undefined offset: 57 in /var/www/html/M2_SS2_PHP_Monk-eye/Dieu/sum_col_matrix/index.php on line 50, referer: http://localhost/M2_SS2_PHP_Monk-eye/Dieu/sum_col_matrix/
[Sat Dec 07 18:02:31.442917 2019] [php7:notice] [pid 5758] [client ::1:36260] PHP Notice:  Undefined offset: 58 in /var/www/html/M2_SS2_PHP_Monk-eye/Dieu/sum_col_matrix/index.php on line 50, referer: http://localhost/M2_SS2_PHP_Monk-eye/Dieu/sum_col_matrix/
[Sat Dec 07 18:02:31.442932 2019] [php7:notice] [pid 5758] [client ::1:36260] PHP Notice:  Undefined offset: 59 in /var/www/html/M2_SS2_PHP_Monk-eye/Dieu/sum_col_matrix/index.php on line 50, referer: http://localhost/M2_SS2_PHP_Monk-eye/Dieu/sum_col_matrix/
[Sat Dec 07 18:02:31.442948 2019] [php7:notice] [pid 5758] [client ::1:36260] PHP Notice:  Undefined offset: 510 in /var/www/html/M2_SS2_PHP_Monk-eye/Dieu/sum_col_matrix/index.php on line 50, referer: http://localhost/M2_SS2_PHP_Monk-eye/Dieu/sum_col_matrix/
[Sat Dec 07 18:02:31.442974 2019] [php7:notice] [pid 5758] [client ::1:36260] PHP Notice:  Undefined offset: 511 in /var/www/html/M2_SS2_PHP_Monk-eye/Dieu/sum_col_matrix/index.php on line 50, referer: http://localhost/M2_SS2_PHP_Monk-eye/Dieu/sum_col_matrix/
[Sat Dec 07 18:02:31.442991 2019] [php7:notice] [pid 5758] [client ::1:36260] PHP Notice:  Undefined offset: 60 in /var/www/html/M2_SS2_PHP_Monk-eye/Dieu/sum_col_matrix/index.php on line 50, referer: http://localhost/M2_SS2_PHP_Monk-eye/Dieu/sum_col_matrix/
[Sat Dec 07 18:02:31.443006 2019] [php7:notice] [pid 5758] [client ::1:36260] PHP Notice:  Undefined offset: 61 in /var/www/html/M2_SS2_PHP_Monk-eye/Dieu/sum_col_matrix/index.php on line 50, referer: http://localhost/M2_SS2_PHP_Monk-eye/Dieu/sum_col_matrix/
[Sat Dec 07 18:02:31.443022 2019] [php7:notice] [pid 5758] [client ::1:36260] PHP Notice:  Undefined offset: 62 in /var/www/html/M2_SS2_PHP_Monk-eye/Dieu/sum_col_matrix/index.php on line 50, referer: http://localhost/M2_SS2_PHP_Monk-eye/Dieu/sum_col_matrix/
[Sat Dec 07 18:02:31.443039 2019] [php7:notice] [pid 5758] [client ::1:36260] PHP Notice:  Undefined offset: 63 in /var/www/html/M2_SS2_PHP_Monk-eye/Dieu/sum_col_matrix/index.php on line 50, referer: http://localhost/M2_SS2_PHP_Monk-eye/Dieu/sum_col_matrix/
[Sat Dec 07 18:02:31.443057 2019] [php7:notice] [pid 5758] [client ::1:36260] PHP Notice:  Undefined offset: 64 in /var/www/html/M2_SS2_PHP_Monk-eye/Dieu/sum_col_matrix/index.php on line 50, referer: http://localhost/M2_SS2_PHP_Monk-eye/Dieu/sum_col_matrix/
[Sat Dec 07 18:02:31.443073 2019] [php7:notice] [pid 5758] [client ::1:36260] PHP Notice:  Undefined offset: 65 in /var/www/html/M2_SS2_PHP_Monk-eye/Dieu/sum_col_matrix/index.php on line 50, referer: http://localhost/M2_SS2_PHP_Monk-eye/Dieu/sum_col_matrix/
[Sat Dec 07 18:02:31.443085 2019] [php7:notice] [pid 5758] [client ::1:36260] PHP Notice:  Undefined offset: 66 in /var/www/html/M2_SS2_PHP_Monk-eye/Dieu/sum_col_matrix/index.php on line 50, referer: http://localhost/M2_SS2_PHP_Monk-eye/Dieu/sum_col_matrix/
[Sat Dec 07 18:02:31.443094 2019] [php7:notice] [pid 5758] [client ::1:36260] PHP Notice:  Undefined offset: 67 in /var/www/html/M2_SS2_PHP_Monk-eye/Dieu/sum_col_matrix/index.php on line 50, referer: http://localhost/M2_SS2_PHP_Monk-eye/Dieu/sum_col_matrix/
[Sat Dec 07 18:02:31.443337 2019] [php7:notice] [pid 5758] [client ::1:36260] PHP Notice:  Undefined offset: 68 in /var/www/html/M2_SS2_PHP_Monk-eye/Dieu/sum_col_matrix/index.php on line 50, referer: http://localhost/M2_SS2_PHP_Monk-eye/Dieu/sum_col_matrix/
[Sat Dec 07 18:02:31.443352 2019] [php7:notice] [pid 5758] [client ::1:36260] PHP Notice:  Undefined offset: 69 in /var/www/html/M2_SS2_PHP_Monk-eye/Dieu/sum_col_matrix/index.php on line 50, referer: http://localhost/M2_SS2_PHP_Monk-eye/Dieu/sum_col_matrix/
[Sat Dec 07 18:02:31.443362 2019] [php7:notice] [pid 5758] [client ::1:36260] PHP Notice:  Undefined offset: 610 in /var/www/html/M2_SS2_PHP_Monk-eye/Dieu/sum_col_matrix/index.php on line 50, referer: http://localhost/M2_SS2_PHP_Monk-eye/Dieu/sum_col_matrix/
[Sat Dec 07 18:02:31.443372 2019] [php7:notice] [pid 5758] [client ::1:36260] PHP Notice:  Undefined offset: 611 in /var/www/html/M2_SS2_PHP_Monk-eye/Dieu/sum_col_matrix/index.php on line 50, referer: http://localhost/M2_SS2_PHP_Monk-eye/Dieu/sum_col_matrix/
[Sat Dec 07 18:02:31.443382 2019] [php7:notice] [pid 5758] [client ::1:36260] PHP Notice:  Undefined offset: 70 in /var/www/html/M2_SS2_PHP_Monk-eye/Dieu/sum_col_matrix/index.php on line 50, referer: http://localhost/M2_SS2_PHP_Monk-eye/Dieu/sum_col_matrix/
[Sat Dec 07 18:02:31.443392 2019] [php7:notice] [pid 5758] [client ::1:36260] PHP Notice:  Undefined offset: 71 in /var/www/html/M2_SS2_PHP_Monk-eye/Dieu/sum_col_matrix/index.php on line 50, referer: http://localhost/M2_SS2_PHP_Monk-eye/Dieu/sum_col_matrix/
[Sat Dec 07 18:02:31.443401 2019] [php7:notice] [pid 5758] [client ::1:36260] PHP Notice:  Undefined offset: 72 in /var/www/html/M2_SS2_PHP_Monk-eye/Dieu/sum_col_matrix/index.php on line 50, referer: http://localhost/M2_SS2_PHP_Monk-eye/Dieu/sum_col_matrix/
[Sat Dec 07 18:02:31.443419 2019] [php7:notice] [pid 5758] [client ::1:36260] PHP Notice:  Undefined offset: 73 in /var/www/html/M2_SS2_PHP_Monk-eye/Dieu/sum_col_matrix/index.php on line 50, referer: http://localhost/M2_SS2_PHP_Monk-eye/Dieu/sum_col_matrix/
[Sat Dec 07 18:02:31.443429 2019] [php7:notice] [pid 5758] [client ::1:36260] PHP Notice:  Undefined offset: 74 in /var/www/html/M2_SS2_PHP_Monk-eye/Dieu/sum_col_matrix/index.php on line 50, referer: http://localhost/M2_SS2_PHP_Monk-eye/Dieu/sum_col_matrix/
[Sat Dec 07 18:02:31.443438 2019] [php7:notice] [pid 5758] [client ::1:36260] PHP Notice:  Undefined offset: 75 in /var/www/html/M2_SS2_PHP_Monk-eye/Dieu/sum_col_matrix/index.php on line 50, referer: http://localhost/M2_SS2_PHP_Monk-eye/Dieu/sum_col_matrix/
[Sat Dec 07 18:02:31.443448 2019] [php7:notice] [pid 5758] [client ::1:36260] PHP Notice:  Undefined offset: 76 in /var/www/html/M2_SS2_PHP_Monk-eye/Dieu/sum_col_matrix/index.php on line 50, referer: http://localhost/M2_SS2_PHP_Monk-eye/Dieu/sum_col_matrix/
[Sat Dec 07 18:02:31.443457 2019] [php7:notice] [pid 5758] [client ::1:36260] PHP Notice:  Undefined offset: 77 in /var/www/html/M2_SS2_PHP_Monk-eye/Dieu/sum_col_matrix/index.php on line 50, referer: http://localhost/M2_SS2_PHP_Monk-eye/Dieu/sum_col_matrix/
[Sat Dec 07 18:02:31.443467 2019] [php7:notice] [pid 5758] [client ::1:36260] PHP Notice:  Undefined offset: 78 in /var/www/html/M2_SS2_PHP_Monk-eye/Dieu/sum_col_matrix/index.php on line 50, referer: http://localhost/M2_SS2_PHP_Monk-eye/Dieu/sum_col_matrix/
[Sat Dec 07 18:02:31.443476 2019] [php7:notice] [pid 5758] [client ::1:36260] PHP Notice:  Undefined offset: 79 in /var/www/html/M2_SS2_PHP_Monk-eye/Dieu/sum_col_matrix/index.php on line 50, referer: http://localhost/M2_SS2_PHP_Monk-eye/Dieu/sum_col_matrix/
[Sat Dec 07 18:02:31.443486 2019] [php7:notice] [pid 5758] [client ::1:36260] PHP Notice:  Undefined offset: 710 in /var/www/html/M2_SS2_PHP_Monk-eye/Dieu/sum_col_matrix/index.php on line 50, referer: http://localhost/M2_SS2_PHP_Monk-eye/Dieu/sum_col_matrix/
[Sat Dec 07 18:02:31.443496 2019] [php7:notice] [pid 5758] [client ::1:36260] PHP Notice:  Undefined offset: 711 in /var/www/html/M2_SS2_PHP_Monk-eye/Dieu/sum_col_matrix/index.php on line 50, referer: http://localhost/M2_SS2_PHP_Monk-eye/Dieu/sum_col_matrix/
[Sat Dec 07 18:02:31.443506 2019] [php7:notice] [pid 5758] [client ::1:36260] PHP Notice:  Undefined offset: 80 in /var/www/html/M2_SS2_PHP_Monk-eye/Dieu/sum_col_matrix/index.php on line 50, referer: http://localhost/M2_SS2_PHP_Monk-eye/Dieu/sum_col_matrix/
[Sat Dec 07 18:02:31.443515 2019] [php7:notice] [pid 5758] [client ::1:36260] PHP Notice:  Undefined offset: 81 in /var/www/html/M2_SS2_PHP_Monk-eye/Dieu/sum_col_matrix/index.php on line 50, referer: http://localhost/M2_SS2_PHP_Monk-eye/Dieu/sum_col_matrix/
[Sat Dec 07 18:02:31.443525 2019] [php7:notice] [pid 5758] [client ::1:36260] PHP Notice:  Undefined offset: 82 in /var/www/html/M2_SS2_PHP_Monk-eye/Dieu/sum_col_matrix/index.php on line 50, referer: http://localhost/M2_SS2_PHP_Monk-eye/Dieu/sum_col_matrix/
[Sat Dec 07 18:02:31.443534 2019] [php7:notice] [pid 5758] [client ::1:36260] PHP Notice:  Undefined offset: 83 in /var/www/html/M2_SS2_PHP_Monk-eye/Dieu/sum_col_matrix/index.php on line 50, referer: http://localhost/M2_SS2_PHP_Monk-eye/Dieu/sum_col_matrix/
[Sat Dec 07 18:02:31.443544 2019] [php7:notice] [pid 5758] [client ::1:36260] PHP Notice:  Undefined offset: 84 in /var/www/html/M2_SS2_PHP_Monk-eye/Dieu/sum_col_matrix/index.php on line 50, referer: http://localhost/M2_SS2_PHP_Monk-eye/Dieu/sum_col_matrix/
[Sat Dec 07 18:02:31.443554 2019] [php7:notice] [pid 5758] [client ::1:36260] PHP Notice:  Undefined offset: 85 in /var/www/html/M2_SS2_PHP_Monk-eye/Dieu/sum_col_matrix/index.php on line 50, referer: http://localhost/M2_SS2_PHP_Monk-eye/Dieu/sum_col_matrix/
[Sat Dec 07 18:02:31.443564 2019] [php7:notice] [pid 5758] [client ::1:36260] PHP Notice:  Undefined offset: 86 in /var/www/html/M2_SS2_PHP_Monk-eye/Dieu/sum_col_matrix/index.php on line 50, referer: http://localhost/M2_SS2_PHP_Monk-eye/Dieu/sum_col_matrix/
[Sat Dec 07 18:02:31.443579 2019] [php7:notice] [pid 5758] [client ::1:36260] PHP Notice:  Undefined offset: 87 in /var/www/html/M2_SS2_PHP_Monk-eye/Dieu/sum_col_matrix/index.php on line 50, referer: http://localhost/M2_SS2_PHP_Monk-eye/Dieu/sum_col_matrix/
[Sat Dec 07 18:02:31.443589 2019] [php7:notice] [pid 5758] [client ::1:36260] PHP Notice:  Undefined offset: 88 in /var/www/html/M2_SS2_PHP_Monk-eye/Dieu/sum_col_matrix/index.php on line 50, referer: http://localhost/M2_SS2_PHP_Monk-eye/Dieu/sum_col_matrix/
[Sat Dec 07 18:02:31.443599 2019] [php7:notice] [pid 5758] [client ::1:36260] PHP Notice:  Undefined offset: 89 in /var/www/html/M2_SS2_PHP_Monk-eye/Dieu/sum_col_matrix/index.php on line 50, referer: http://localhost/M2_SS2_PHP_Monk-eye/Dieu/sum_col_matrix/
[Sat Dec 07 18:02:31.443609 2019] [php7:notice] [pid 5758] [client ::1:36260] PHP Notice:  Undefined offset: 810 in /var/www/html/M2_SS2_PHP_Monk-eye/Dieu/sum_col_matrix/index.php on line 50, referer: http://localhost/M2_SS2_PHP_Monk-eye/Dieu/sum_col_matrix/
[Sat Dec 07 18:02:31.443618 2019] [php7:notice] [pid 5758] [client ::1:36260] PHP Notice:  Undefined offset: 811 in /var/www/html/M2_SS2_PHP_Monk-eye/Dieu/sum_col_matrix/index.php on line 50, referer: http://localhost/M2_SS2_PHP_Monk-eye/Dieu/sum_col_matrix/
[Sat Dec 07 18:02:31.443647 2019] [php7:notice] [pid 5758] [client ::1:36260] PHP Notice:  Undefined offset: 90 in /var/www/html/M2_SS2_PHP_Monk-eye/Dieu/sum_col_matrix/index.php on line 50, referer: http://localhost/M2_SS2_PHP_Monk-eye/Dieu/sum_col_matrix/
[Sat Dec 07 18:02:31.443662 2019] [php7:notice] [pid 5758] [client ::1:36260] PHP Notice:  Undefined offset: 91 in /var/www/html/M2_SS2_PHP_Monk-eye/Dieu/sum_col_matrix/index.php on line 50, referer: http://localhost/M2_SS2_PHP_Monk-eye/Dieu/sum_col_matrix/
[Sat Dec 07 18:02:31.443690 2019] [php7:notice] [pid 5758] [client ::1:36260] PHP Notice:  Undefined offset: 92 in /var/www/html/M2_SS2_PHP_Monk-eye/Dieu/sum_col_matrix/index.php on line 50, referer: http://localhost/M2_SS2_PHP_Monk-eye/Dieu/sum_col_matrix/
[Sat Dec 07 18:02:31.443701 2019] [php7:notice] [pid 5758] [client ::1:36260] PHP Notice:  Undefined offset: 93 in /var/www/html/M2_SS2_PHP_Monk-eye/Dieu/sum_col_matrix/index.php on line 50, referer: http://localhost/M2_SS2_PHP_Monk-eye/Dieu/sum_col_matrix/
[Sat Dec 07 18:02:31.443711 2019] [php7:notice] [pid 5758] [client ::1:36260] PHP Notice:  Undefined offset: 94 in /var/www/html/M2_SS2_PHP_Monk-eye/Dieu/sum_col_matrix/index.php on line 50, referer: http://localhost/M2_SS2_PHP_Monk-eye/Dieu/sum_col_matrix/
[Sat Dec 07 18:02:31.443720 2019] [php7:notice] [pid 5758] [client ::1:36260] PHP Notice:  Undefined offset: 95 in /var/www/html/M2_SS2_PHP_Monk-eye/Dieu/sum_col_matrix/index.php on line 50, referer: http://localhost/M2_SS2_PHP_Monk-eye/Dieu/sum_col_matrix/
[Sat Dec 07 18:02:31.443730 2019] [php7:notice] [pid 5758] [client ::1:36260] PHP Notice:  Undefined offset: 96 in /var/www/html/M2_SS2_PHP_Monk-eye/Dieu/sum_col_matrix/index.php on line 50, referer: http://localhost/M2_SS2_PHP_Monk-eye/Dieu/sum_col_matrix/
[Sat Dec 07 18:02:31.443740 2019] [php7:notice] [pid 5758] [client ::1:36260] PHP Notice:  Undefined offset: 97 in /var/www/html/M2_SS2_PHP_Monk-eye/Dieu/sum_col_matrix/index.php on line 50, referer: http://localhost/M2_SS2_PHP_Monk-eye/Dieu/sum_col_matrix/
[Sat Dec 07 18:02:31.443752 2019] [php7:notice] [pid 5758] [client ::1:36260] PHP Notice:  Undefined offset: 98 in /var/www/html/M2_SS2_PHP_Monk-eye/Dieu/sum_col_matrix/index.php on line 50, referer: http://localhost/M2_SS2_PHP_Monk-eye/Dieu/sum_col_matrix/
[Sat Dec 07 18:02:31.443769 2019] [php7:notice] [pid 5758] [client ::1:36260] PHP Notice:  Undefined offset: 99 in /var/www/html/M2_SS2_PHP_Monk-eye/Dieu/sum_col_matrix/index.php on line 50, referer: http://localhost/M2_SS2_PHP_Monk-eye/Dieu/sum_col_matrix/
[Sat Dec 07 18:02:31.443786 2019] [php7:notice] [pid 5758] [client ::1:36260] PHP Notice:  Undefined offset: 910 in /var/www/html/M2_SS2_PHP_Monk-eye/Dieu/sum_col_matrix/index.php on line 50, referer: http://localhost/M2_SS2_PHP_Monk-eye/Dieu/sum_col_matrix/
[Sat Dec 07 18:02:31.443812 2019] [php7:notice] [pid 5758] [client ::1:36260] PHP Notice:  Undefined offset: 911 in /var/www/html/M2_SS2_PHP_Monk-eye/Dieu/sum_col_matrix/index.php on line 50, referer: http://localhost/M2_SS2_PHP_Monk-eye/Dieu/sum_col_matrix/
[Sat Dec 07 18:02:31.443829 2019] [php7:notice] [pid 5758] [client ::1:36260] PHP Notice:  Undefined offset: 100 in /var/www/html/M2_SS2_PHP_Monk-eye/Dieu/sum_col_matrix/index.php on line 50, referer: http://localhost/M2_SS2_PHP_Monk-eye/Dieu/sum_col_matrix/
[Sat Dec 07 18:02:31.443846 2019] [php7:notice] [pid 5758] [client ::1:36260] PHP Notice:  Undefined offset: 101 in /var/www/html/M2_SS2_PHP_Monk-eye/Dieu/sum_col_matrix/index.php on line 50, referer: http://localhost/M2_SS2_PHP_Monk-eye/Dieu/sum_col_matrix/
[Sat Dec 07 18:02:31.443863 2019] [php7:notice] [pid 5758] [client ::1:36260] PHP Notice:  Undefined offset: 102 in /var/www/html/M2_SS2_PHP_Monk-eye/Dieu/sum_col_matrix/index.php on line 50, referer: http://localhost/M2_SS2_PHP_Monk-eye/Dieu/sum_col_matrix/
[Sat Dec 07 18:02:31.443881 2019] [php7:notice] [pid 5758] [client ::1:36260] PHP Notice:  Undefined offset: 103 in /var/www/html/M2_SS2_PHP_Monk-eye/Dieu/sum_col_matrix/index.php on line 50, referer: http://localhost/M2_SS2_PHP_Monk-eye/Dieu/sum_col_matrix/
[Sat Dec 07 18:02:31.443899 2019] [php7:notice] [pid 5758] [client ::1:36260] PHP Notice:  Undefined offset: 104 in /var/www/html/M2_SS2_PHP_Monk-eye/Dieu/sum_col_matrix/index.php on line 50, referer: http://localhost/M2_SS2_PHP_Monk-eye/Dieu/sum_col_matrix/
[Sat Dec 07 18:02:31.443929 2019] [php7:notice] [pid 5758] [client ::1:36260] PHP Notice:  Undefined offset: 105 in /var/www/html/M2_SS2_PHP_Monk-eye/Dieu/sum_col_matrix/index.php on line 50, referer: http://localhost/M2_SS2_PHP_Monk-eye/Dieu/sum_col_matrix/
[Sat Dec 07 18:02:31.443944 2019] [php7:notice] [pid 5758] [client ::1:36260] PHP Notice:  Undefined offset: 106 in /var/www/html/M2_SS2_PHP_Monk-eye/Dieu/sum_col_matrix/index.php on line 50, referer: http://localhost/M2_SS2_PHP_Monk-eye/Dieu/sum_col_matrix/
[Sat Dec 07 18:02:31.443969 2019] [php7:notice] [pid 5758] [client ::1:36260] PHP Notice:  Undefined offset: 107 in /var/www/html/M2_SS2_PHP_Monk-eye/Dieu/sum_col_matrix/index.php on line 50, referer: http://localhost/M2_SS2_PHP_Monk-eye/Dieu/sum_col_matrix/
[Sat Dec 07 18:02:31.443979 2019] [php7:notice] [pid 5758] [client ::1:36260] PHP Notice:  Undefined offset: 108 in /var/www/html/M2_SS2_PHP_Monk-eye/Dieu/sum_col_matrix/index.php on line 50, referer: http://localhost/M2_SS2_PHP_Monk-eye/Dieu/sum_col_matrix/
[Sat Dec 07 18:02:31.443989 2019] [php7:notice] [pid 5758] [client ::1:36260] PHP Notice:  Undefined offset: 109 in /var/www/html/M2_SS2_PHP_Monk-eye/Dieu/sum_col_matrix/index.php on line 50, referer: http://localhost/M2_SS2_PHP_Monk-eye/Dieu/sum_col_matrix/
[Sat Dec 07 18:02:31.443999 2019] [php7:notice] [pid 5758] [client ::1:36260] PHP Notice:  Undefined offset: 1010 in /var/www/html/M2_SS2_PHP_Monk-eye/Dieu/sum_col_matrix/index.php on line 50, referer: http://localhost/M2_SS2_PHP_Monk-eye/Dieu/sum_col_matrix/
[Sat Dec 07 18:02:31.444010 2019] [php7:notice] [pid 5758] [client ::1:36260] PHP Notice:  Undefined offset: 1011 in /var/www/html/M2_SS2_PHP_Monk-eye/Dieu/sum_col_matrix/index.php on line 50, referer: http://localhost/M2_SS2_PHP_Monk-eye/Dieu/sum_col_matrix/
[Sat Dec 07 18:02:31.444072 2019] [php7:notice] [pid 5758] [client ::1:36260] PHP Notice:  Undefined offset: 110 in /var/www/html/M2_SS2_PHP_Monk-eye/Dieu/sum_col_matrix/index.php on line 50, referer: http://localhost/M2_SS2_PHP_Monk-eye/Dieu/sum_col_matrix/
[Sat Dec 07 18:02:31.444097 2019] [php7:notice] [pid 5758] [client ::1:36260] PHP Notice:  Undefined offset: 111 in /var/www/html/M2_SS2_PHP_Monk-eye/Dieu/sum_col_matrix/index.php on line 50, referer: http://localhost/M2_SS2_PHP_Monk-eye/Dieu/sum_col_matrix/
[Sat Dec 07 18:02:31.444114 2019] [php7:notice] [pid 5758] [client ::1:36260] PHP Notice:  Undefined offset: 112 in /var/www/html/M2_SS2_PHP_Monk-eye/Dieu/sum_col_matrix/index.php on line 50, referer: http://localhost/M2_SS2_PHP_Monk-eye/Dieu/sum_col_matrix/
[Sat Dec 07 18:02:31.444142 2019] [php7:notice] [pid 5758] [client ::1:36260] PHP Notice:  Undefined offset: 113 in /var/www/html/M2_SS2_PHP_Monk-eye/Dieu/sum_col_matrix/index.php on line 50, referer: http://localhost/M2_SS2_PHP_Monk-eye/Dieu/sum_col_matrix/
[Sat Dec 07 18:02:31.444161 2019] [php7:notice] [pid 5758] [client ::1:36260] PHP Notice:  Undefined offset: 114 in /var/www/html/M2_SS2_PHP_Monk-eye/Dieu/sum_col_matrix/index.php on line 50, referer: http://localhost/M2_SS2_PHP_Monk-eye/Dieu/sum_col_matrix/
[Sat Dec 07 18:02:31.444182 2019] [php7:notice] [pid 5758] [client ::1:36260] PHP Notice:  Undefined offset: 115 in /var/www/html/M2_SS2_PHP_Monk-eye/Dieu/sum_col_matrix/index.php on line 50, referer: http://localhost/M2_SS2_PHP_Monk-eye/Dieu/sum_col_matrix/
[Sat Dec 07 18:02:31.444208 2019] [php7:notice] [pid 5758] [client ::1:36260] PHP Notice:  Undefined offset: 116 in /var/www/html/M2_SS2_PHP_Monk-eye/Dieu/sum_col_matrix/index.php on line 50, referer: http://localhost/M2_SS2_PHP_Monk-eye/Dieu/sum_col_matrix/
[Sat Dec 07 18:02:31.444221 2019] [php7:notice] [pid 5758] [client ::1:36260] PHP Notice:  Undefined offset: 117 in /var/www/html/M2_SS2_PHP_Monk-eye/Dieu/sum_col_matrix/index.php on line 50, referer: http://localhost/M2_SS2_PHP_Monk-eye/Dieu/sum_col_matrix/
[Sat Dec 07 18:02:31.444232 2019] [php7:notice] [pid 5758] [client ::1:36260] PHP Notice:  Undefined offset: 118 in /var/www/html/M2_SS2_PHP_Monk-eye/Dieu/sum_col_matrix/index.php on line 50, referer: http://localhost/M2_SS2_PHP_Monk-eye/Dieu/sum_col_matrix/
[Sat Dec 07 18:02:31.444244 2019] [php7:notice] [pid 5758] [client ::1:36260] PHP Notice:  Undefined offset: 119 in /var/www/html/M2_SS2_PHP_Monk-eye/Dieu/sum_col_matrix/index.php on line 50, referer: http://localhost/M2_SS2_PHP_Monk-eye/Dieu/sum_col_matrix/
[Sat Dec 07 18:02:31.444256 2019] [php7:notice] [pid 5758] [client ::1:36260] PHP Notice:  Undefined offset: 1110 in /var/www/html/M2_SS2_PHP_Monk-eye/Dieu/sum_col_matrix/index.php on line 50, referer: http://localhost/M2_SS2_PHP_Monk-eye/Dieu/sum_col_matrix/
[Sat Dec 07 18:02:31.444267 2019] [php7:notice] [pid 5758] [client ::1:36260] PHP Notice:  Undefined offset: 1111 in /var/www/html/M2_SS2_PHP_Monk-eye/Dieu/sum_col_matrix/index.php on line 50, referer: http://localhost/M2_SS2_PHP_Monk-eye/Dieu/sum_col_matrix/
[Sat Dec 07 18:02:31.444279 2019] [php7:notice] [pid 5758] [client ::1:36260] PHP Notice:  Undefined offset: 1212 in /var/www/html/M2_SS2_PHP_Monk-eye/Dieu/sum_col_matrix/index.php on line 58, referer: http://localhost/M2_SS2_PHP_Monk-eye/Dieu/sum_col_matrix/
[Sat Dec 07 18:02:55.292417 2019] [php7:notice] [pid 1084] [client ::1:36268] PHP Notice:  Undefined offset: 22 in /var/www/html/M2_SS2_PHP_Monk-eye/Dieu/sum_col_matrix/index.php on line 58, referer: http://localhost/M2_SS2_PHP_Monk-eye/Dieu/sum_col_matrix/
[Sat Dec 07 18:04:51.302886 2019] [php7:notice] [pid 1083] [client ::1:36276] PHP Notice:  Undefined index: side in /var/www/html/M2_SS2_PHP_Monk-eye/Dieu/sum_col_matrix/index.php on line 38, referer: http://localhost/M2_SS2_PHP_Monk-eye/Dieu/
[Sat Dec 07 18:04:54.486649 2019] [php7:notice] [pid 1083] [client ::1:36276] PHP Notice:  Undefined index: index in /var/www/html/M2_SS2_PHP_Monk-eye/Dieu/sum_col_matrix/index.php on line 22, referer: http://localhost/M2_SS2_PHP_Monk-eye/Dieu/sum_col_matrix/
[Sat Dec 07 18:04:54.486710 2019] [php7:notice] [pid 1083] [client ::1:36276] PHP Notice:  Undefined index: 00 in /var/www/html/M2_SS2_PHP_Monk-eye/Dieu/sum_col_matrix/index.php on line 50, referer: http://localhost/M2_SS2_PHP_Monk-eye/Dieu/sum_col_matrix/
[Sat Dec 07 18:04:54.486735 2019] [php7:notice] [pid 1083] [client ::1:36276] PHP Notice:  Undefined index: 01 in /var/www/html/M2_SS2_PHP_Monk-eye/Dieu/sum_col_matrix/index.php on line 50, referer: http://localhost/M2_SS2_PHP_Monk-eye/Dieu/sum_col_matrix/
[Sat Dec 07 18:04:54.486759 2019] [php7:notice] [pid 1083] [client ::1:36276] PHP Notice:  Undefined offset: 10 in /var/www/html/M2_SS2_PHP_Monk-eye/Dieu/sum_col_matrix/index.php on line 50, referer: http://localhost/M2_SS2_PHP_Monk-eye/Dieu/sum_col_matrix/
[Sat Dec 07 18:04:54.486803 2019] [php7:notice] [pid 1083] [client ::1:36276] PHP Notice:  Undefined offset: 11 in /var/www/html/M2_SS2_PHP_Monk-eye/Dieu/sum_col_matrix/index.php on line 50, referer: http://localhost/M2_SS2_PHP_Monk-eye/Dieu/sum_col_matrix/
[Sat Dec 07 18:04:54.486828 2019] [php7:notice] [pid 1083] [client ::1:36276] PHP Notice:  Undefined offset: 22 in /var/www/html/M2_SS2_PHP_Monk-eye/Dieu/sum_col_matrix/index.php on line 58, referer: http://localhost/M2_SS2_PHP_Monk-eye/Dieu/sum_col_matrix/
[Sat Dec 07 18:06:10.016361 2019] [php7:notice] [pid 8887] [client ::1:36282] PHP Notice:  Undefined index: side in /var/www/html/M2_SS2_PHP_Monk-eye/Dieu/sum_col_matrix/index.php on line 38
[Sat Dec 07 18:06:12.496257 2019] [php7:notice] [pid 8887] [client ::1:36282] PHP Notice:  Undefined index: index in /var/www/html/M2_SS2_PHP_Monk-eye/Dieu/sum_col_matrix/index.php on line 22, referer: http://localhost/M2_SS2_PHP_Monk-eye/Dieu/sum_col_matrix/
[Sat Dec 07 18:06:12.496335 2019] [php7:notice] [pid 8887] [client ::1:36282] PHP Notice:  Undefined index: 00 in /var/www/html/M2_SS2_PHP_Monk-eye/Dieu/sum_col_matrix/index.php on line 50, referer: http://localhost/M2_SS2_PHP_Monk-eye/Dieu/sum_col_matrix/
[Sat Dec 07 18:06:12.496362 2019] [php7:notice] [pid 8887] [client ::1:36282] PHP Notice:  Undefined index: 01 in /var/www/html/M2_SS2_PHP_Monk-eye/Dieu/sum_col_matrix/index.php on line 50, referer: http://localhost/M2_SS2_PHP_Monk-eye/Dieu/sum_col_matrix/
[Sat Dec 07 18:06:12.496386 2019] [php7:notice] [pid 8887] [client ::1:36282] PHP Notice:  Undefined offset: 10 in /var/www/html/M2_SS2_PHP_Monk-eye/Dieu/sum_col_matrix/index.php on line 50, referer: http://localhost/M2_SS2_PHP_Monk-eye/Dieu/sum_col_matrix/
[Sat Dec 07 18:06:12.496407 2019] [php7:notice] [pid 8887] [client ::1:36282] PHP Notice:  Undefined offset: 11 in /var/www/html/M2_SS2_PHP_Monk-eye/Dieu/sum_col_matrix/index.php on line 50, referer: http://localhost/M2_SS2_PHP_Monk-eye/Dieu/sum_col_matrix/
[Sat Dec 07 18:06:12.496431 2019] [php7:notice] [pid 8887] [client ::1:36282] PHP Notice:  Undefined offset: 22 in /var/www/html/M2_SS2_PHP_Monk-eye/Dieu/sum_col_matrix/index.php on line 58, referer: http://localhost/M2_SS2_PHP_Monk-eye/Dieu/sum_col_matrix/
[Sat Dec 07 18:06:21.831181 2019] [php7:notice] [pid 1082] [client ::1:36286] PHP Notice:  Undefined offset: 22 in /var/www/html/M2_SS2_PHP_Monk-eye/Dieu/sum_col_matrix/index.php on line 58, referer: http://localhost/M2_SS2_PHP_Monk-eye/Dieu/sum_col_matrix/
[Sat Dec 07 18:06:21.831269 2019] [php7:notice] [pid 1082] [client ::1:36286] PHP Notice:  Undefined offset: 2 in /var/www/html/M2_SS2_PHP_Monk-eye/Dieu/sum_col_matrix/index.php on line 6, referer: http://localhost/M2_SS2_PHP_Monk-eye/Dieu/sum_col_matrix/
[Sat Dec 07 18:06:21.831300 2019] [php7:notice] [pid 1082] [client ::1:36286] PHP Notice:  Undefined offset: 2 in /var/www/html/M2_SS2_PHP_Monk-eye/Dieu/sum_col_matrix/index.php on line 6, referer: http://localhost/M2_SS2_PHP_Monk-eye/Dieu/sum_col_matrix/
[Sat Dec 07 18:10:58.780436 2019] [php7:notice] [pid 5758] [client ::1:36292] PHP Notice:  Undefined index: side in /var/www/html/M2_SS2_PHP_Monk-eye/Dieu/sum_col_matrix/index.php on line 42, referer: http://localhost/M2_SS2_PHP_Monk-eye/Dieu/
[Sat Dec 07 18:11:01.587776 2019] [php7:notice] [pid 5758] [client ::1:36292] PHP Notice:  Undefined index: index in /var/www/html/M2_SS2_PHP_Monk-eye/Dieu/sum_col_matrix/index.php on line 26, referer: http://localhost/M2_SS2_PHP_Monk-eye/Dieu/sum_col_matrix/
[Sat Dec 07 18:11:01.587850 2019] [php7:notice] [pid 5758] [client ::1:36292] PHP Notice:  Undefined index: 00 in /var/www/html/M2_SS2_PHP_Monk-eye/Dieu/sum_col_matrix/index.php on line 54, referer: http://localhost/M2_SS2_PHP_Monk-eye/Dieu/sum_col_matrix/
[Sat Dec 07 18:11:01.587876 2019] [php7:notice] [pid 5758] [client ::1:36292] PHP Notice:  Undefined index: 01 in /var/www/html/M2_SS2_PHP_Monk-eye/Dieu/sum_col_matrix/index.php on line 54, referer: http://localhost/M2_SS2_PHP_Monk-eye/Dieu/sum_col_matrix/
[Sat Dec 07 18:11:01.587931 2019] [php7:notice] [pid 5758] [client ::1:36292] PHP Notice:  Undefined offset: 10 in /var/www/html/M2_SS2_PHP_Monk-eye/Dieu/sum_col_matrix/index.php on line 54, referer: http://localhost/M2_SS2_PHP_Monk-eye/Dieu/sum_col_matrix/
[Sat Dec 07 18:11:01.587960 2019] [php7:notice] [pid 5758] [client ::1:36292] PHP Notice:  Undefined offset: 11 in /var/www/html/M2_SS2_PHP_Monk-eye/Dieu/sum_col_matrix/index.php on line 54, referer: http://localhost/M2_SS2_PHP_Monk-eye/Dieu/sum_col_matrix/
[Sat Dec 07 18:11:01.587979 2019] [php7:notice] [pid 5758] [client ::1:36292] PHP Notice:  Undefined offset: 22 in /var/www/html/M2_SS2_PHP_Monk-eye/Dieu/sum_col_matrix/index.php on line 62, referer: http://localhost/M2_SS2_PHP_Monk-eye/Dieu/sum_col_matrix/
[Sat Dec 07 18:11:10.208803 2019] [php7:notice] [pid 1086] [client ::1:36296] PHP Notice:  Undefined offset: 22 in /var/www/html/M2_SS2_PHP_Monk-eye/Dieu/sum_col_matrix/index.php on line 62, referer: http://localhost/M2_SS2_PHP_Monk-eye/Dieu/sum_col_matrix/
[Sat Dec 07 18:12:36.199309 2019] [php7:notice] [pid 1084] [client ::1:36310] PHP Notice:  Undefined index: side in /var/www/html/M2_SS2_PHP_Monk-eye/Dieu/sum_col_matrix/index.php on line 42
[Sat Dec 07 18:12:38.578968 2019] [php7:notice] [pid 1084] [client ::1:36310] PHP Notice:  Undefined index: index in /var/www/html/M2_SS2_PHP_Monk-eye/Dieu/sum_col_matrix/index.php on line 26, referer: http://localhost/M2_SS2_PHP_Monk-eye/Dieu/sum_col_matrix/
[Sat Dec 07 18:12:38.579036 2019] [php7:notice] [pid 1084] [client ::1:36310] PHP Notice:  Undefined index: 00 in /var/www/html/M2_SS2_PHP_Monk-eye/Dieu/sum_col_matrix/index.php on line 54, referer: http://localhost/M2_SS2_PHP_Monk-eye/Dieu/sum_col_matrix/
[Sat Dec 07 18:12:38.579063 2019] [php7:notice] [pid 1084] [client ::1:36310] PHP Notice:  Undefined index: 01 in /var/www/html/M2_SS2_PHP_Monk-eye/Dieu/sum_col_matrix/index.php on line 54, referer: http://localhost/M2_SS2_PHP_Monk-eye/Dieu/sum_col_matrix/
[Sat Dec 07 18:12:38.579085 2019] [php7:notice] [pid 1084] [client ::1:36310] PHP Notice:  Undefined offset: 10 in /var/www/html/M2_SS2_PHP_Monk-eye/Dieu/sum_col_matrix/index.php on line 54, referer: http://localhost/M2_SS2_PHP_Monk-eye/Dieu/sum_col_matrix/
[Sat Dec 07 18:12:38.579106 2019] [php7:notice] [pid 1084] [client ::1:36310] PHP Notice:  Undefined offset: 11 in /var/www/html/M2_SS2_PHP_Monk-eye/Dieu/sum_col_matrix/index.php on line 54, referer: http://localhost/M2_SS2_PHP_Monk-eye/Dieu/sum_col_matrix/
[Sat Dec 07 18:12:38.579135 2019] [php7:notice] [pid 1084] [client ::1:36310] PHP Notice:  Undefined offset: 22 in /var/www/html/M2_SS2_PHP_Monk-eye/Dieu/sum_col_matrix/index.php on line 62, referer: http://localhost/M2_SS2_PHP_Monk-eye/Dieu/sum_col_matrix/
[Sat Dec 07 18:12:47.409647 2019] [php7:notice] [pid 1085] [client ::1:36314] PHP Notice:  Undefined offset: 22 in /var/www/html/M2_SS2_PHP_Monk-eye/Dieu/sum_col_matrix/index.php on line 62, referer: http://localhost/M2_SS2_PHP_Monk-eye/Dieu/sum_col_matrix/
[Sat Dec 07 18:13:49.505388 2019] [php7:notice] [pid 1083] [client ::1:36318] PHP Notice:  Undefined index: side in /var/www/html/M2_SS2_PHP_Monk-eye/Dieu/sum_col_matrix/index.php on line 42
[Sat Dec 07 18:13:51.822380 2019] [php7:notice] [pid 1083] [client ::1:36318] PHP Notice:  Undefined index: index in /var/www/html/M2_SS2_PHP_Monk-eye/Dieu/sum_col_matrix/index.php on line 26, referer: http://localhost/M2_SS2_PHP_Monk-eye/Dieu/sum_col_matrix/
[Sat Dec 07 18:13:51.822437 2019] [php7:notice] [pid 1083] [client ::1:36318] PHP Notice:  Undefined index: 00 in /var/www/html/M2_SS2_PHP_Monk-eye/Dieu/sum_col_matrix/index.php on line 54, referer: http://localhost/M2_SS2_PHP_Monk-eye/Dieu/sum_col_matrix/
[Sat Dec 07 18:13:51.822458 2019] [php7:notice] [pid 1083] [client ::1:36318] PHP Notice:  Undefined index: 01 in /var/www/html/M2_SS2_PHP_Monk-eye/Dieu/sum_col_matrix/index.php on line 54, referer: http://localhost/M2_SS2_PHP_Monk-eye/Dieu/sum_col_matrix/
[Sat Dec 07 18:13:51.822495 2019] [php7:notice] [pid 1083] [client ::1:36318] PHP Notice:  Undefined offset: 10 in /var/www/html/M2_SS2_PHP_Monk-eye/Dieu/sum_col_matrix/index.php on line 54, referer: http://localhost/M2_SS2_PHP_Monk-eye/Dieu/sum_col_matrix/
[Sat Dec 07 18:13:51.822526 2019] [php7:notice] [pid 1083] [client ::1:36318] PHP Notice:  Undefined offset: 11 in /var/www/html/M2_SS2_PHP_Monk-eye/Dieu/sum_col_matrix/index.php on line 54, referer: http://localhost/M2_SS2_PHP_Monk-eye/Dieu/sum_col_matrix/
[Sat Dec 07 18:13:51.822552 2019] [php7:notice] [pid 1083] [client ::1:36318] PHP Notice:  Undefined offset: 22 in /var/www/html/M2_SS2_PHP_Monk-eye/Dieu/sum_col_matrix/index.php on line 62, referer: http://localhost/M2_SS2_PHP_Monk-eye/Dieu/sum_col_matrix/
[Sat Dec 07 18:14:01.591962 2019] [php7:notice] [pid 8887] [client ::1:36322] PHP Notice:  Undefined offset: 22 in /var/www/html/M2_SS2_PHP_Monk-eye/Dieu/sum_col_matrix/index.php on line 62, referer: http://localhost/M2_SS2_PHP_Monk-eye/Dieu/sum_col_matrix/
[Sat Dec 07 18:15:21.960748 2019] [php7:notice] [pid 1082] [client ::1:36326] PHP Notice:  Undefined index: side in /var/www/html/M2_SS2_PHP_Monk-eye/Dieu/sum_col_matrix/index.php on line 42
[Sat Dec 07 18:15:21.960807 2019] [php7:notice] [pid 1082] [client ::1:36326] PHP Notice:  Undefined variable: index in /var/www/html/M2_SS2_PHP_Monk-eye/Dieu/sum_col_matrix/index.php on line 66
[Sat Dec 07 18:15:23.791804 2019] [php7:notice] [pid 1082] [client ::1:36326] PHP Notice:  Undefined index: index in /var/www/html/M2_SS2_PHP_Monk-eye/Dieu/sum_col_matrix/index.php on line 26, referer: http://localhost/M2_SS2_PHP_Monk-eye/Dieu/sum_col_matrix/
[Sat Dec 07 18:15:23.791910 2019] [php7:notice] [pid 1082] [client ::1:36326] PHP Notice:  Undefined index: 00 in /var/www/html/M2_SS2_PHP_Monk-eye/Dieu/sum_col_matrix/index.php on line 54, referer: http://localhost/M2_SS2_PHP_Monk-eye/Dieu/sum_col_matrix/
[Sat Dec 07 18:15:23.791932 2019] [php7:notice] [pid 1082] [client ::1:36326] PHP Notice:  Undefined index: 01 in /var/www/html/M2_SS2_PHP_Monk-eye/Dieu/sum_col_matrix/index.php on line 54, referer: http://localhost/M2_SS2_PHP_Monk-eye/Dieu/sum_col_matrix/
[Sat Dec 07 18:15:23.791952 2019] [php7:notice] [pid 1082] [client ::1:36326] PHP Notice:  Undefined offset: 10 in /var/www/html/M2_SS2_PHP_Monk-eye/Dieu/sum_col_matrix/index.php on line 54, referer: http://localhost/M2_SS2_PHP_Monk-eye/Dieu/sum_col_matrix/
[Sat Dec 07 18:15:23.791972 2019] [php7:notice] [pid 1082] [client ::1:36326] PHP Notice:  Undefined offset: 11 in /var/www/html/M2_SS2_PHP_Monk-eye/Dieu/sum_col_matrix/index.php on line 54, referer: http://localhost/M2_SS2_PHP_Monk-eye/Dieu/sum_col_matrix/
[Sat Dec 07 18:15:23.792007 2019] [php7:notice] [pid 1082] [client ::1:36326] PHP Notice:  Undefined offset: 22 in /var/www/html/M2_SS2_PHP_Monk-eye/Dieu/sum_col_matrix/index.php on line 62, referer: http://localhost/M2_SS2_PHP_Monk-eye/Dieu/sum_col_matrix/
[Sat Dec 07 18:15:29.865567 2019] [php7:notice] [pid 1085] [client ::1:36328] PHP Notice:  Undefined offset: 22 in /var/www/html/M2_SS2_PHP_Monk-eye/Dieu/sum_col_matrix/index.php on line 62, referer: http://localhost/M2_SS2_PHP_Monk-eye/Dieu/sum_col_matrix/
[Sat Dec 07 18:15:40.935115 2019] [php7:notice] [pid 1083] [client ::1:36334] PHP Notice:  Undefined offset: 22 in /var/www/html/M2_SS2_PHP_Monk-eye/Dieu/sum_col_matrix/index.php on line 62, referer: http://localhost/M2_SS2_PHP_Monk-eye/Dieu/sum_col_matrix/
[Sat Dec 07 18:16:08.835483 2019] [php7:notice] [pid 8887] [client ::1:36338] PHP Notice:  Undefined offset: 22 in /var/www/html/M2_SS2_PHP_Monk-eye/Dieu/sum_col_matrix/index.php on line 62, referer: http://localhost/M2_SS2_PHP_Monk-eye/Dieu/sum_col_matrix/
[Sat Dec 07 18:16:11.950364 2019] [php7:notice] [pid 8887] [client ::1:36338] PHP Notice:  Undefined offset: 22 in /var/www/html/M2_SS2_PHP_Monk-eye/Dieu/sum_col_matrix/index.php on line 62, referer: http://localhost/M2_SS2_PHP_Monk-eye/Dieu/sum_col_matrix/
[Sat Dec 07 18:16:13.484142 2019] [php7:notice] [pid 8887] [client ::1:36338] PHP Notice:  Undefined offset: 22 in /var/www/html/M2_SS2_PHP_Monk-eye/Dieu/sum_col_matrix/index.php on line 62, referer: http://localhost/M2_SS2_PHP_Monk-eye/Dieu/sum_col_matrix/
[Sat Dec 07 18:16:58.708934 2019] [php7:notice] [pid 1082] [client ::1:36342] PHP Notice:  Undefined index: side in /var/www/html/M2_SS2_PHP_Monk-eye/Dieu/sum_col_matrix/index.php on line 42
[Sat Dec 07 18:16:58.709008 2019] [php7:notice] [pid 1082] [client ::1:36342] PHP Notice:  Undefined variable: index in /var/www/html/M2_SS2_PHP_Monk-eye/Dieu/sum_col_matrix/index.php on line 66
[Sat Dec 07 18:17:00.889887 2019] [php7:notice] [pid 1082] [client ::1:36342] PHP Notice:  Undefined index: index in /var/www/html/M2_SS2_PHP_Monk-eye/Dieu/sum_col_matrix/index.php on line 26, referer: http://localhost/M2_SS2_PHP_Monk-eye/Dieu/sum_col_matrix/
[Sat Dec 07 18:17:00.889970 2019] [php7:notice] [pid 1082] [client ::1:36342] PHP Notice:  Undefined index: 00 in /var/www/html/M2_SS2_PHP_Monk-eye/Dieu/sum_col_matrix/index.php on line 54, referer: http://localhost/M2_SS2_PHP_Monk-eye/Dieu/sum_col_matrix/
[Sat Dec 07 18:17:00.890005 2019] [php7:notice] [pid 1082] [client ::1:36342] PHP Notice:  Undefined index: 01 in /var/www/html/M2_SS2_PHP_Monk-eye/Dieu/sum_col_matrix/index.php on line 54, referer: http://localhost/M2_SS2_PHP_Monk-eye/Dieu/sum_col_matrix/
[Sat Dec 07 18:17:00.890030 2019] [php7:notice] [pid 1082] [client ::1:36342] PHP Notice:  Undefined offset: 10 in /var/www/html/M2_SS2_PHP_Monk-eye/Dieu/sum_col_matrix/index.php on line 54, referer: http://localhost/M2_SS2_PHP_Monk-eye/Dieu/sum_col_matrix/
[Sat Dec 07 18:17:00.890055 2019] [php7:notice] [pid 1082] [client ::1:36342] PHP Notice:  Undefined offset: 11 in /var/www/html/M2_SS2_PHP_Monk-eye/Dieu/sum_col_matrix/index.php on line 54, referer: http://localhost/M2_SS2_PHP_Monk-eye/Dieu/sum_col_matrix/
[Sat Dec 07 18:17:00.890079 2019] [php7:notice] [pid 1082] [client ::1:36342] PHP Notice:  Undefined offset: 22 in /var/www/html/M2_SS2_PHP_Monk-eye/Dieu/sum_col_matrix/index.php on line 62, referer: http://localhost/M2_SS2_PHP_Monk-eye/Dieu/sum_col_matrix/
[Sat Dec 07 18:17:06.629685 2019] [php7:notice] [pid 1085] [client ::1:36344] PHP Notice:  Undefined offset: 22 in /var/www/html/M2_SS2_PHP_Monk-eye/Dieu/sum_col_matrix/index.php on line 62, referer: http://localhost/M2_SS2_PHP_Monk-eye/Dieu/sum_col_matrix/
[Sat Dec 07 18:17:46.047838 2019] [php7:notice] [pid 1083] [client ::1:36348] PHP Notice:  Undefined offset: 22 in /var/www/html/M2_SS2_PHP_Monk-eye/Dieu/sum_col_matrix/index.php on line 62, referer: http://localhost/M2_SS2_PHP_Monk-eye/Dieu/sum_col_matrix/
[Sat Dec 07 18:18:20.458860 2019] [php7:notice] [pid 8887] [client ::1:36352] PHP Notice:  Undefined offset: 22 in /var/www/html/M2_SS2_PHP_Monk-eye/Dieu/sum_col_matrix/index.php on line 62, referer: http://localhost/M2_SS2_PHP_Monk-eye/Dieu/sum_col_matrix/
[Sat Dec 07 18:18:23.799610 2019] [php7:notice] [pid 8887] [client ::1:36352] PHP Notice:  Undefined index: side in /var/www/html/M2_SS2_PHP_Monk-eye/Dieu/sum_col_matrix/index.php on line 42
[Sat Dec 07 18:18:23.799673 2019] [php7:notice] [pid 8887] [client ::1:36352] PHP Notice:  Undefined variable: index in /var/www/html/M2_SS2_PHP_Monk-eye/Dieu/sum_col_matrix/index.php on line 66
[Sat Dec 07 18:19:07.784526 2019] [php7:notice] [pid 1082] [client ::1:36356] PHP Notice:  Undefined index: side in /var/www/html/M2_SS2_PHP_Monk-eye/Dieu/sum_col_matrix/index.php on line 42
[Sat Dec 07 18:19:13.701952 2019] [php7:notice] [pid 1085] [client ::1:36358] PHP Notice:  Undefined index: index in /var/www/html/M2_SS2_PHP_Monk-eye/Dieu/sum_col_matrix/index.php on line 26, referer: http://localhost/M2_SS2_PHP_Monk-eye/Dieu/sum_col_matrix/
[Sat Dec 07 18:19:13.702016 2019] [php7:notice] [pid 1085] [client ::1:36358] PHP Notice:  Undefined index: 00 in /var/www/html/M2_SS2_PHP_Monk-eye/Dieu/sum_col_matrix/index.php on line 54, referer: http://localhost/M2_SS2_PHP_Monk-eye/Dieu/sum_col_matrix/
[Sat Dec 07 18:19:13.702038 2019] [php7:notice] [pid 1085] [client ::1:36358] PHP Notice:  Undefined offset: 11 in /var/www/html/M2_SS2_PHP_Monk-eye/Dieu/sum_col_matrix/index.php on line 62, referer: http://localhost/M2_SS2_PHP_Monk-eye/Dieu/sum_col_matrix/
[Sat Dec 07 18:19:17.289126 2019] [php7:notice] [pid 1085] [client ::1:36358] PHP Notice:  Undefined offset: 11 in /var/www/html/M2_SS2_PHP_Monk-eye/Dieu/sum_col_matrix/index.php on line 62, referer: http://localhost/M2_SS2_PHP_Monk-eye/Dieu/sum_col_matrix/
[Sat Dec 07 18:19:21.772255 2019] [php7:notice] [pid 1085] [client ::1:36358] PHP Notice:  Undefined index: 01 in /var/www/html/M2_SS2_PHP_Monk-eye/Dieu/sum_col_matrix/index.php on line 23, referer: http://localhost/M2_SS2_PHP_Monk-eye/Dieu/sum_col_matrix/
[Sat Dec 07 18:19:21.772358 2019] [php7:notice] [pid 1085] [client ::1:36358] PHP Notice:  Undefined offset: 10 in /var/www/html/M2_SS2_PHP_Monk-eye/Dieu/sum_col_matrix/index.php on line 23, referer: http://localhost/M2_SS2_PHP_Monk-eye/Dieu/sum_col_matrix/
[Sat Dec 07 18:19:21.772392 2019] [php7:notice] [pid 1085] [client ::1:36358] PHP Notice:  Undefined offset: 11 in /var/www/html/M2_SS2_PHP_Monk-eye/Dieu/sum_col_matrix/index.php on line 23, referer: http://localhost/M2_SS2_PHP_Monk-eye/Dieu/sum_col_matrix/
[Sat Dec 07 18:19:21.772429 2019] [php7:notice] [pid 1085] [client ::1:36358] PHP Notice:  Undefined index: 01 in /var/www/html/M2_SS2_PHP_Monk-eye/Dieu/sum_col_matrix/index.php on line 54, referer: http://localhost/M2_SS2_PHP_Monk-eye/Dieu/sum_col_matrix/
[Sat Dec 07 18:19:21.772448 2019] [php7:notice] [pid 1085] [client ::1:36358] PHP Notice:  Undefined offset: 10 in /var/www/html/M2_SS2_PHP_Monk-eye/Dieu/sum_col_matrix/index.php on line 54, referer: http://localhost/M2_SS2_PHP_Monk-eye/Dieu/sum_col_matrix/
[Sat Dec 07 18:19:21.772465 2019] [php7:notice] [pid 1085] [client ::1:36358] PHP Notice:  Undefined offset: 11 in /var/www/html/M2_SS2_PHP_Monk-eye/Dieu/sum_col_matrix/index.php on line 54, referer: http://localhost/M2_SS2_PHP_Monk-eye/Dieu/sum_col_matrix/
[Sat Dec 07 18:19:21.772481 2019] [php7:notice] [pid 1085] [client ::1:36358] PHP Notice:  Undefined offset: 22 in /var/www/html/M2_SS2_PHP_Monk-eye/Dieu/sum_col_matrix/index.php on line 62, referer: http://localhost/M2_SS2_PHP_Monk-eye/Dieu/sum_col_matrix/
[Sat Dec 07 18:19:27.160172 2019] [php7:notice] [pid 1083] [client ::1:36362] PHP Notice:  Undefined offset: 22 in /var/www/html/M2_SS2_PHP_Monk-eye/Dieu/sum_col_matrix/index.php on line 62, referer: http://localhost/M2_SS2_PHP_Monk-eye/Dieu/sum_col_matrix/
[Sat Dec 07 18:20:06.186489 2019] [php7:notice] [pid 8887] [client ::1:36366] PHP Notice:  Undefined offset: 22 in /var/www/html/M2_SS2_PHP_Monk-eye/Dieu/sum_col_matrix/index.php on line 62, referer: http://localhost/M2_SS2_PHP_Monk-eye/Dieu/sum_col_matrix/
[Sat Dec 07 18:20:07.465526 2019] [php7:notice] [pid 8887] [client ::1:36366] PHP Notice:  Undefined offset: 22 in /var/www/html/M2_SS2_PHP_Monk-eye/Dieu/sum_col_matrix/index.php on line 62, referer: http://localhost/M2_SS2_PHP_Monk-eye/Dieu/sum_col_matrix/
[Sat Dec 07 18:20:08.045454 2019] [php7:notice] [pid 8887] [client ::1:36366] PHP Notice:  Undefined offset: 22 in /var/www/html/M2_SS2_PHP_Monk-eye/Dieu/sum_col_matrix/index.php on line 62, referer: http://localhost/M2_SS2_PHP_Monk-eye/Dieu/sum_col_matrix/
[Sat Dec 07 18:20:13.039040 2019] [php7:notice] [pid 8887] [client ::1:36366] PHP Notice:  Undefined offset: 22 in /var/www/html/M2_SS2_PHP_Monk-eye/Dieu/sum_col_matrix/index.php on line 62, referer: http://localhost/M2_SS2_PHP_Monk-eye/Dieu/sum_col_matrix/
[Sat Dec 07 18:21:40.869084 2019] [php7:notice] [pid 1085] [client ::1:36374] PHP Notice:  Undefined index: side in /var/www/html/M2_SS2_PHP_Monk-eye/Dieu/sum_col_matrix/index.php on line 42, referer: http://localhost/M2_SS2_PHP_Monk-eye/Dieu/
[Sat Dec 07 18:21:49.483073 2019] [php7:emerg] [pid 1083] [client ::1:36378] PHP Parse error:  syntax error, unexpected 'if' (T_IF) in /var/www/html/M2_SS2_PHP_Monk-eye/Dieu/sum-matrix/index.php on line 55, referer: http://localhost/M2_SS2_PHP_Monk-eye/Dieu/
[Sat Dec 07 18:22:36.275413 2019] [php7:emerg] [pid 8887] [client ::1:36384] PHP Parse error:  syntax error, unexpected '}' in /var/www/html/M2_SS2_PHP_Monk-eye/Dieu/sum-matrix/index.php on line 58
[Sat Dec 07 18:23:22.259236 2019] [php7:notice] [pid 1085] [client ::1:36390] PHP Notice:  Undefined index: side in /var/www/html/M2_SS2_PHP_Monk-eye/Dieu/sum-matrix/index.php on line 37
[Sat Dec 07 18:23:25.788386 2019] [php7:notice] [pid 1085] [client ::1:36390] PHP Notice:  Undefined index: 00 in /var/www/html/M2_SS2_PHP_Monk-eye/Dieu/sum-matrix/index.php on line 49, referer: http://localhost/M2_SS2_PHP_Monk-eye/Dieu/sum-matrix/
[Sat Dec 07 18:23:25.788446 2019] [php7:notice] [pid 1085] [client ::1:36390] PHP Notice:  Undefined index: 01 in /var/www/html/M2_SS2_PHP_Monk-eye/Dieu/sum-matrix/index.php on line 49, referer: http://localhost/M2_SS2_PHP_Monk-eye/Dieu/sum-matrix/
[Sat Dec 07 18:23:25.788472 2019] [php7:notice] [pid 1085] [client ::1:36390] PHP Notice:  Undefined offset: 10 in /var/www/html/M2_SS2_PHP_Monk-eye/Dieu/sum-matrix/index.php on line 49, referer: http://localhost/M2_SS2_PHP_Monk-eye/Dieu/sum-matrix/
[Sat Dec 07 18:23:25.788493 2019] [php7:notice] [pid 1085] [client ::1:36390] PHP Notice:  Undefined offset: 11 in /var/www/html/M2_SS2_PHP_Monk-eye/Dieu/sum-matrix/index.php on line 49, referer: http://localhost/M2_SS2_PHP_Monk-eye/Dieu/sum-matrix/
[Sat Dec 07 19:06:33.745920 2019] [php7:error] [pid 1082] [client ::1:36482] PHP Fatal error:  Cannot use try without catch or finally in /var/www/html/M2_SS2_PHP_Monk-eye/Dieu/invalid_index/index.php on line 12, referer: http://localhost/M2_SS2_PHP_Monk-eye/Dieu/
[Sat Dec 07 19:09:02.834169 2019] [php7:emerg] [pid 1083] [client ::1:36488] PHP Parse error:  syntax error, unexpected 'echo' (T_ECHO), expecting '{' in /var/www/html/M2_SS2_PHP_Monk-eye/Dieu/invalid_index/index.php on line 17
[Sat Dec 07 19:10:32.366209 2019] [php7:emerg] [pid 8887] [client ::1:36494] PHP Parse error:  syntax error, unexpected 'echo' (T_ECHO), expecting '{' in /var/www/html/M2_SS2_PHP_Monk-eye/Dieu/invalid_index/index.php on line 17
[Sat Dec 07 19:10:32.952558 2019] [php7:emerg] [pid 1082] [client ::1:36496] PHP Parse error:  syntax error, unexpected 'echo' (T_ECHO), expecting '{' in /var/www/html/M2_SS2_PHP_Monk-eye/Dieu/invalid_index/index.php on line 17
[Sat Dec 07 19:30:08.241934 2019] [php7:notice] [pid 8887] [client ::1:36560] PHP Notice:  Undefined index: side in /var/www/html/M2_SS2_PHP_Monk-eye/Dieu/sum_col_matrix/index.php on line 42, referer: http://localhost/M2_SS2_PHP_Monk-eye/Dieu/
